Rows with invalid delay (0 or inf):
                           Pkt ID               Route  Generation Time (in s)  First Tx At (in s)  ...  Min. SINR Along Route  SINR at Flow Dest  Min. Data Rate Along Route (in Mbps)  Data Rate at Flow Src (in Mbps)
0  2000008195450_Node0_Node5_Zero  [0, 1, 2, 3, 4, 5]             2000.008195         2000.008425  ...               2.396369                inf                                    22                               22
1  2000016394573_Node0_Node5_Zero  [0, 1, 2, 3, 4, 5]             2000.016395         2000.049484  ...               2.396369                inf                                    22                               22
2  2000024586483_Node0_Node5_Zero  [0, 1, 2, 3, 4, 5]             2000.024586         2000.049484  ...               2.396369                inf                                    22                               22
3  2000032781208_Node0_Node5_Zero  [0, 1, 2, 3, 4, 5]             2000.032781         2000.051474  ...               1.309417                inf                                    22                               22
4  2000040980647_Node0_Node5_Zero  [0, 1, 2, 3, 4, 5]             2000.040981         2000.051474  ...               2.396369                inf                                    22                               22
5  2000049173951_Node0_Node5_Zero  [0, 1, 2, 3, 4, 5]             2000.049174         2000.055466  ...               2.396369                inf                                    22                               22
6  2000057369542_Node0_Node5_Zero  [0, 1, 2, 3, 4, 5]             2000.057370         2000.058456  ...               2.396369                inf                                    22                               22
7  2000065567553_Node0_Node5_Zero  [0, 1, 2, 3, 4, 5]             2000.065568         2000.065718  ...               2.396369                inf                                    22                               22
8  2000073761575_Node0_Node5_Zero  [0, 1, 2, 3, 4, 5]             2000.073762         2000.074052  ...               2.396369                inf                                    22                               22

[9 rows x 14 columns]
Parent directory is not in 'WARx' format.
DEBUG Flow file=Flow_Node0-Node6.csv, Extracted src=0, dst=6
DEBUG Route dict candidate=[0, 6]
Unique nodes participated for this flow: [0, 1, 2, 3, 4, 5]
node 0 total drops: 0 drop_expiry 0 0 drop_q_mngmnt 0 0 drop_retry 0 0 drop_overflow 0 0 drop_no_route 0 0
node 1 total drops: 0 drop_expiry 0 0 drop_q_mngmnt 0 0 drop_retry 0 0 drop_overflow 0 0 drop_no_route 0 0
node 2 total drops: 0 drop_expiry 0 0 drop_q_mngmnt 0 0 drop_retry 0 0 drop_overflow 0 0 drop_no_route 0 0
node 3 total drops: 0 drop_expiry 0 0 drop_q_mngmnt 0 0 drop_retry 0 0 drop_overflow 0 0 drop_no_route 0 0
node 4 total drops: 0 drop_expiry 0 0 drop_q_mngmnt 0 0 drop_retry 0 0 drop_overflow 0 0 drop_no_route 0 0
node 5 total drops: 0 drop_expiry 0 0 drop_q_mngmnt 0 0 drop_retry 0 0 drop_overflow 0 0 drop_no_route 0 0
                                                                                             File Path Run No Packets Generated Packets Received       PDR Avg Delay #Retransmissions #Forwards Avg Route Length %Route Uptime %HQ Route Uptime Route Switches Packet Drop (Expiry) Packet Drop (Queue Management) Packet Drop (Retry) Packet Drop (Overflow) Packet Drop (No Route) Packet Reinserted (TCP)          Flow_ID
C:\Users\Ameliyn\MCA_Routing_BSCAP\Results_Multi_N4\daisy_chain_medium_1200_2-0_1\Flow_Node0-Node6.csv      1               488              479  0.981557  0.017368              109      2415              5.0           1.0              1.0              0                    0                              0                   0                      0                      0                       0 Flow_Node0-Node6
                                                                                                  Mean                    488.0            479.0  0.981557  0.017368            109.0    2415.0              5.0           1.0              1.0            0.0                                                                                                                                                               
                                                                                                Median                    488.0            479.0  0.981557  0.017368            109.0    2415.0              5.0           1.0              1.0            0.0                                                                                                                                                               
                                                                                          95% CI Lower                      NaN              NaN       NaN       NaN              NaN       NaN              NaN           NaN              NaN            NaN                                                                                                                                                               
                                                                                          95% CI Upper                      NaN              NaN       NaN       NaN              NaN       NaN              NaN           NaN              NaN            NaN                                                                                                                                                               
Instantaneous PDR data saved to C:\Users\Ameliyn\MCA_Routing_BSCAP\Results_Multi_N4\daisy_chain_medium_1200_2-0_1\instantaneous_pdr.csv

=== Flow-level Summary (All Metrics) ===
Empty DataFrame
Columns: [Pkt ID, Route, Generation Time (in s), First Tx At (in s), Delay (in s), Times Packet Forwarded, Retransmissions, Packet Size (in bytes), Tx Power (in watt), Average Transmission Power in the route (in watt), Min. SINR Along Route, SINR at Flow Dest, Min. Data Rate Along Route (in Mbps), Data Rate at Flow Src (in Mbps), Base Packet ID]
Index: []

Flow Flow_Node0-Node6:
  Packets Generated: 488.00
  Packets Received : 479.00
  PDR              : 0.982
  Avg Delay (s)    : 0.0174
  Max Delay (s)    : 0.2806
  95th %ile Delay(s): 0.1087
  Retransmissions  : 109.00
  Forwards         : 2415.00
  Drops (Expiry)   : 0
  Drops (Queue Mgmt): 0
  Drops (Retry)    : 0
  Drops (Overflow) : 0
  Drops (No Route) : 0
  TCP Reinsertions : 0
Avg:  Packets generated: 488 Packets received: 479 PDR: 0.9815573770491803 Avg delay: 0.017368031315240083 Retransmissions: 109 Packet forwards: 2415 Route length: 5.0 Route uptime: 1.0 HQ Route Uptime: 1.0 Route switches: 0.0 

Plot saved to: C:\Users\Ameliyn\MCA_Routing_BSCAP\Results_Multi_N4\daisy_chain_medium_1200_2-0_1\instantaneous_pdr_plot.png
Delay-over-time plot saved to: C:\Users\Ameliyn\MCA_Routing_BSCAP\Results_Multi_N4\daisy_chain_medium_1200_2-0_1\delay_over_time.png
