Rows with invalid delay (0 or inf):
                           Pkt ID               Route  Generation Time (in s)  First Tx At (in s)  ...  Min. SINR Along Route  SINR at Flow Dest  Min. Data Rate Along Route (in Mbps)  Data Rate at Flow Src (in Mbps)
0  2000008192271_Node0_Node5_Zero  [0, 1, 2, 3, 4, 5]             2000.008192         2000.008462  ...               2.396369                inf                                    22                               22
1  2000016387508_Node0_Node5_Zero  [0, 1, 2, 3, 4, 5]             2000.016388         2000.041255  ...               2.396369                inf                                    22                               22
2  2000024588903_Node0_Node5_Zero  [0, 1, 2, 3, 4, 5]             2000.024589         2000.041255  ...               2.396369                inf                                    22                               22
3  2000032784423_Node0_Node5_Zero  [0, 1, 2, 3, 4, 5]             2000.032784         2000.045227  ...               2.396369                inf                                    22                               22
4  2000040984816_Node0_Node5_Zero  [0, 1, 2, 3, 4, 5]             2000.040985         2000.045227  ...               2.396369                inf                                    22                               22
5  2000049181072_Node0_Node5_Zero  [0, 1, 2, 3, 4, 5]             2000.049181         2000.049371  ...               2.396369                inf                                    22                               22
6  2000057379742_Node0_Node5_Zero  [0, 1, 2, 3, 4, 5]             2000.057380         2000.057550  ...               2.396369                inf                                    22                               22
7  2000065577811_Node0_Node5_Zero  [0, 1, 2, 3, 4, 5]             2000.065578         2000.065868  ...               2.396369                inf                                    22                               22
8  2000073770224_Node0_Node5_Zero  [0, 1, 2, 3, 4, 5]             2000.073770         2000.073940  ...               2.396369                inf                                    22                               22

[9 rows x 14 columns]
Parent directory is not in 'WARx' format.
DEBUG Flow file=Flow_Node0-Node6.csv, Extracted src=0, dst=6
DEBUG Route dict candidate=[0, 6]
Unique nodes participated for this flow: [0, 1, 2, 3, 4, 5]
node 0 total drops: 0 drop_expiry 0 0 drop_q_mngmnt 0 0 drop_retry 0 0 drop_overflow 0 0 drop_no_route 0 0
node 1 total drops: 0 drop_expiry 0 0 drop_q_mngmnt 0 0 drop_retry 0 0 drop_overflow 0 0 drop_no_route 0 0
node 2 total drops: 0 drop_expiry 0 0 drop_q_mngmnt 0 0 drop_retry 0 0 drop_overflow 0 0 drop_no_route 0 0
node 3 total drops: 0 drop_expiry 0 0 drop_q_mngmnt 0 0 drop_retry 0 0 drop_overflow 0 0 drop_no_route 0 0
node 4 total drops: 0 drop_expiry 0 0 drop_q_mngmnt 0 0 drop_retry 0 0 drop_overflow 0 0 drop_no_route 0 0
node 5 total drops: 0 drop_expiry 0 0 drop_q_mngmnt 0 0 drop_retry 0 0 drop_overflow 0 0 drop_no_route 0 0
                                                                                               File Path Run No Packets Generated Packets Received       PDR Avg Delay #Retransmissions #Forwards Avg Route Length %Route Uptime %HQ Route Uptime Route Switches Packet Drop (Expiry) Packet Drop (Queue Management) Packet Drop (Retry) Packet Drop (Overflow) Packet Drop (No Route) Packet Reinserted (TCP)          Flow_ID
C:\Users\Ameliyn\MCA_Routing_BSCAP\Results_Multi_N100\daisy_chain_medium_1200_2-0_1\Flow_Node0-Node6.csv      1             12201            12192  0.999262  0.006272              119     60980              5.0           1.0              1.0              0                    0                              0                   0                      0                      0                       0 Flow_Node0-Node6
                                                                                                    Mean                  12201.0          12192.0  0.999262  0.006272            119.0   60980.0              5.0           1.0              1.0            0.0                                                                                                                                                               
                                                                                                  Median                  12201.0          12192.0  0.999262  0.006272            119.0   60980.0              5.0           1.0              1.0            0.0                                                                                                                                                               
                                                                                            95% CI Lower                      NaN              NaN       NaN       NaN              NaN       NaN              NaN           NaN              NaN            NaN                                                                                                                                                               
                                                                                            95% CI Upper                      NaN              NaN       NaN       NaN              NaN       NaN              NaN           NaN              NaN            NaN                                                                                                                                                               
Instantaneous PDR data saved to C:\Users\Ameliyn\MCA_Routing_BSCAP\Results_Multi_N100\daisy_chain_medium_1200_2-0_1\instantaneous_pdr.csv

=== Flow-level Summary (All Metrics) ===
Empty DataFrame
Columns: [Pkt ID, Route, Generation Time (in s), First Tx At (in s), Delay (in s), Times Packet Forwarded, Retransmissions, Packet Size (in bytes), Tx Power (in watt), Average Transmission Power in the route (in watt), Min. SINR Along Route, SINR at Flow Dest, Min. Data Rate Along Route (in Mbps), Data Rate at Flow Src (in Mbps), Base Packet ID]
Index: []

Flow Flow_Node0-Node6:
  Packets Generated: 12201.00
  Packets Received : 12192.00
  PDR              : 0.999
  Avg Delay (s)    : 0.0063
  Max Delay (s)    : 0.2772
  95th %ile Delay(s): 0.0062
  Retransmissions  : 119.00
  Forwards         : 60980.00
  Drops (Expiry)   : 0
  Drops (Queue Mgmt): 0
  Drops (Retry)    : 0
  Drops (Overflow) : 0
  Drops (No Route) : 0
  TCP Reinsertions : 0
Avg:  Packets generated: 12201 Packets received: 12192 PDR: 0.9992623555446275 Avg delay: 0.006271964977034121 Retransmissions: 119 Packet forwards: 60980 Route length: 5.0 Route uptime: 1.0 HQ Route Uptime: 1.0 Route switches: 0.0 

Plot saved to: C:\Users\Ameliyn\MCA_Routing_BSCAP\Results_Multi_N100\daisy_chain_medium_1200_2-0_1\instantaneous_pdr_plot.png
Delay-over-time plot saved to: C:\Users\Ameliyn\MCA_Routing_BSCAP\Results_Multi_N100\daisy_chain_medium_1200_2-0_1\delay_over_time.png
