Rows with invalid delay (0 or inf):
                               Pkt ID               Route  Generation Time (in s)  First Tx At (in s)  ...  Min. SINR Along Route  SINR at Flow Dest  Min. Data Rate Along Route (in Mbps)  Data Rate at Flow Src (in Mbps)
322    2001323719629_Node0_Node5_Zero  [0, 1, 2, 3, 4, 5]             2001.323720         2001.571099  ...               2.356490                inf                                    11                               11
323    2001327818447_Node0_Node5_Zero  [0, 1, 2, 3, 4, 5]             2001.327818         2001.573709  ...               1.992337                inf                                    11                               11
324    2001331919404_Node0_Node5_Zero  [0, 1, 2, 3, 4, 5]             2001.331919         2001.575799  ...               1.664145                inf                                    11                               11
325    2001336016149_Node0_Node5_Zero  [0, 1, 2, 3, 4, 5]             2001.336016         2001.577749  ...               1.664145                inf                                    11                               11
326    2001340113587_Node0_Node5_Zero  [0, 1, 2, 3, 4, 5]             2001.340114         2001.579619  ...               1.664145                inf                                    11                               11
...                               ...                 ...                     ...                 ...  ...                    ...                ...                                   ...                              ...
24332  2099922449197_Node0_Node5_Zero  [0, 1, 2, 3, 4, 5]             2099.922449         2099.951000  ...               1.664145                inf                                    11                               11
24333  2099926543791_Node0_Node5_Zero  [0, 1, 2, 3, 4, 5]             2099.926544         2099.954909  ...               1.664145                inf                                    11                               11
24334  2099930643684_Node0_Node5_Zero  [0, 1, 2, 3, 4, 5]             2099.930644         2099.958897  ...               1.664145                inf                                    11                               11
24335  2099934744665_Node0_Node5_Zero  [0, 1, 2, 3, 4, 5]             2099.934745         2099.960827  ...               1.664145                inf                                    11                               11
24336  2099938843298_Node0_Node5_Zero  [0, 1, 2, 3, 4, 5]             2099.938843         2099.962697  ...               1.664145                inf                                    11                               11

[15367 rows x 14 columns]
Parent directory is not in 'WARx' format.
DEBUG Flow file=Flow_Node0-Node6.csv, Extracted src=0, dst=6
DEBUG Route dict candidate=[0, 6]
Unique nodes participated for this flow: [0, 1, 2, 3, 4, 5]
node 0 total drops: 0 drop_expiry 0 0 drop_q_mngmnt 0 0 drop_retry 0 0 drop_overflow 0 0 drop_no_route 0 0
node 1 total drops: 0 drop_expiry 0 0 drop_q_mngmnt 0 0 drop_retry 0 0 drop_overflow 0 0 drop_no_route 0 0
node 2 total drops: 0 drop_expiry 0 0 drop_q_mngmnt 0 0 drop_retry 0 0 drop_overflow 0 0 drop_no_route 0 0
node 3 total drops: 0 drop_expiry 0 0 drop_q_mngmnt 0 0 drop_retry 0 0 drop_overflow 0 0 drop_no_route 0 0
node 4 total drops: 0 drop_expiry 0 0 drop_q_mngmnt 0 0 drop_retry 0 0 drop_overflow 0 0 drop_no_route 0 0
node 5 total drops: 0 drop_expiry 0 0 drop_q_mngmnt 0 0 drop_retry 0 0 drop_overflow 0 0 drop_no_route 0 0
                                                                                               File Path Run No Packets Generated Packets Received       PDR Avg Delay #Retransmissions #Forwards Avg Route Length %Route Uptime %HQ Route Uptime Route Switches Packet Drop (Expiry) Packet Drop (Queue Management) Packet Drop (Retry) Packet Drop (Overflow) Packet Drop (No Route) Packet Reinserted (TCP)          Flow_ID
C:\Users\Ameliyn\MCA_Routing_BSCAP\Results_Multi_N100\daisy_chain_medium_1200_4-0_0\Flow_Node0-Node6.csv      1             24400             8985  0.368238   2.29542            32329     63026              5.0           1.0              1.0              0                    0                              0                   0                      0                      0                       0 Flow_Node0-Node6
                                                                                                    Mean                  24400.0           8985.0  0.368238   2.29542          32329.0   63026.0              5.0           1.0              1.0            0.0                                                                                                                                                               
                                                                                                  Median                  24400.0           8985.0  0.368238   2.29542          32329.0   63026.0              5.0           1.0              1.0            0.0                                                                                                                                                               
                                                                                            95% CI Lower                      NaN              NaN       NaN       NaN              NaN       NaN              NaN           NaN              NaN            NaN                                                                                                                                                               
                                                                                            95% CI Upper                      NaN              NaN       NaN       NaN              NaN       NaN              NaN           NaN              NaN            NaN                                                                                                                                                               
Instantaneous PDR data saved to C:\Users\Ameliyn\MCA_Routing_BSCAP\Results_Multi_N100\daisy_chain_medium_1200_4-0_0\instantaneous_pdr.csv

=== Flow-level Summary (All Metrics) ===
Empty DataFrame
Columns: [Pkt ID, Route, Generation Time (in s), First Tx At (in s), Delay (in s), Times Packet Forwarded, Retransmissions, Packet Size (in bytes), Tx Power (in watt), Average Transmission Power in the route (in watt), Min. SINR Along Route, SINR at Flow Dest, Min. Data Rate Along Route (in Mbps), Data Rate at Flow Src (in Mbps), Base Packet ID]
Index: []

Flow Flow_Node0-Node6:
  Packets Generated: 24400.00
  Packets Received : 8985.00
  PDR              : 0.368
  Avg Delay (s)    : 2.2954
  Max Delay (s)    : 2.9266
  95th %ile Delay(s): 2.5817
  Retransmissions  : 32329.00
  Forwards         : 63026.00
  Drops (Expiry)   : 0
  Drops (Queue Mgmt): 0
  Drops (Retry)    : 0
  Drops (Overflow) : 0
  Drops (No Route) : 0
  TCP Reinsertions : 0
Avg:  Packets generated: 24400 Packets received: 8985 PDR: 0.36823770491803276 Avg delay: 2.295419879577073 Retransmissions: 32329 Packet forwards: 63026 Route length: 5.0 Route uptime: 1.0 HQ Route Uptime: 1.0 Route switches: 0.0 

Plot saved to: C:\Users\Ameliyn\MCA_Routing_BSCAP\Results_Multi_N100\daisy_chain_medium_1200_4-0_0\instantaneous_pdr_plot.png
Delay-over-time plot saved to: C:\Users\Ameliyn\MCA_Routing_BSCAP\Results_Multi_N100\daisy_chain_medium_1200_4-0_0\delay_over_time.png
