MAXIMUM_ROUTING_RANGE: 2400
Transmitting_Power = 0.030655015222981186, Maximum_Transmitting_Power = 0.1601939586147793
MAX_Transmission_Range = 2447.6360023500224, MAX_Transmission_Range_Squared = 5990921.999999999
parameters.py INITIALIZED
mobility parameters INITIALIZED
Setting config values: ./../Results_Multi/daisy_chain_small_2400_1-5_1/ -> ./../Results_Multi/daisy_chain_small_2400_1-5_1/
Setting config values: ./nodeTrajectories/positions/daisy_chain_small.txt -> ./nodeTrajectories/positions/daisy_chain_small.txt
Setting config values: [[4000, 6000]] -> [[4000, 6000]]
Setting config values: 2400 -> 2400
Setting config values: [1.5] -> [1.5]
Setting config values: 1 -> 1
Seed: 795
Traffic flows: 0
Trajectory Run No./ Mobility Model : TCPIPE_BSCAP_
Seed value: 795
Mobility Model: TCPIPE_BSCAP_
Number of Nodes: 50 UAVs + 1 BS; Node Speed: 40 m/s
Data Rate: [1.5] Mbps
Percentage Node Failure: 0
TC_PIPE_mobility_ON: True
MAXIMUM_ROUTING_RANGE: 2400
Transmitting_Power = 0.030655015222981186, Maximum_Transmitting_Power = 0.1601939586147793
MAX_Transmission_Range = 2447.6360023500224, MAX_Transmission_Range_Squared = 5990921.999999999
parameters.py INITIALIZED
mobility parameters INITIALIZED
node.py: Node0 created with coordinates 4000 6000 with routing power 0.030655
node.py: Node1 created with coordinates 4500 6000 with routing power 0.030655
node.py: Node2 created with coordinates 5000 6000 with routing power 0.030655
node.py: Node3 created with coordinates 5500 6000 with routing power 0.030655
node.py: Node4 created with coordinates 6000 6000 with routing power 0.030655
node.py: Node5 created with coordinates 6500 6000 with routing power 0.030655
node.py: Node6 created with coordinates 0 0 with routing power 0.030655
SIM_TIME_MOBILITY =  2008
MAX TRANSMISSION RANGE for all nodes - mobility.py =  2447.6360023500224
DATA_RATE =  [1.5]  No._Nodes =  6  Map_Size =  12000 x 12000
MOBILITY PROCESS (^) and NETWORK UPDATE (rf.updateNetworkTopology(env,nodes) HAS BEEN STARTED 
Multiple Targets located at  [[4000 6000]]
Target-0 found by UAV-0 at (4000, 6000), at time 0
main.py: Progress: 0 / 2008
main.py: Progress: 1 / 2008
main.py: Progress: 2 / 2008
main.py: Progress: 3 / 2008
main.py: Progress: 4 / 2008
main.py: Progress: 5 / 2008
main.py: Progress: 6 / 2008
main.py: Progress: 7 / 2008
main.py: Progress: 8 / 2008
main.py: Progress: 9 / 2008
main.py: Progress: 10 / 2008
main.py: Progress: 11 / 2008
main.py: Progress: 12 / 2008
main.py: Progress: 13 / 2008
main.py: Progress: 14 / 2008
main.py: Progress: 15 / 2008
main.py: Progress: 16 / 2008
main.py: Progress: 17 / 2008
main.py: Progress: 18 / 2008
main.py: Progress: 19 / 2008
main.py: Progress: 20 / 2008
main.py: Progress: 21 / 2008
main.py: Progress: 22 / 2008
main.py: Progress: 23 / 2008
main.py: Progress: 24 / 2008
main.py: Progress: 25 / 2008
main.py: Progress: 26 / 2008
main.py: Progress: 27 / 2008
main.py: Progress: 28 / 2008
main.py: Progress: 29 / 2008
main.py: Progress: 30 / 2008
main.py: Progress: 31 / 2008
main.py: Progress: 32 / 2008
main.py: Progress: 33 / 2008
main.py: Progress: 34 / 2008
main.py: Progress: 35 / 2008
main.py: Progress: 36 / 2008
main.py: Progress: 37 / 2008
main.py: Progress: 38 / 2008
main.py: Progress: 39 / 2008
main.py: Progress: 40 / 2008
main.py: Progress: 41 / 2008
main.py: Progress: 42 / 2008
main.py: Progress: 43 / 2008
main.py: Progress: 44 / 2008
main.py: Progress: 45 / 2008
main.py: Progress: 46 / 2008
main.py: Progress: 47 / 2008
main.py: Progress: 48 / 2008
main.py: Progress: 49 / 2008
main.py: Progress: 50 / 2008
main.py: Progress: 51 / 2008
main.py: Progress: 52 / 2008
main.py: Progress: 53 / 2008
main.py: Progress: 54 / 2008
main.py: Progress: 55 / 2008
main.py: Progress: 56 / 2008
main.py: Progress: 57 / 2008
main.py: Progress: 58 / 2008
main.py: Progress: 59 / 2008
main.py: Progress: 60 / 2008
main.py: Progress: 61 / 2008
main.py: Progress: 62 / 2008
main.py: Progress: 63 / 2008
main.py: Progress: 64 / 2008
main.py: Progress: 65 / 2008
main.py: Progress: 66 / 2008
main.py: Progress: 67 / 2008
main.py: Progress: 68 / 2008
main.py: Progress: 69 / 2008
main.py: Progress: 70 / 2008
main.py: Progress: 71 / 2008
main.py: Progress: 72 / 2008
main.py: Progress: 73 / 2008
main.py: Progress: 74 / 2008
main.py: Progress: 75 / 2008
main.py: Progress: 76 / 2008
main.py: Progress: 77 / 2008
main.py: Progress: 78 / 2008
main.py: Progress: 79 / 2008
main.py: Progress: 80 / 2008
main.py: Progress: 81 / 2008
main.py: Progress: 82 / 2008
main.py: Progress: 83 / 2008
main.py: Progress: 84 / 2008
main.py: Progress: 85 / 2008
main.py: Progress: 86 / 2008
main.py: Progress: 87 / 2008
main.py: Progress: 88 / 2008
main.py: Progress: 89 / 2008
main.py: Progress: 90 / 2008
main.py: Progress: 91 / 2008
main.py: Progress: 92 / 2008
main.py: Progress: 93 / 2008
main.py: Progress: 94 / 2008
main.py: Progress: 95 / 2008
main.py: Progress: 96 / 2008
main.py: Progress: 97 / 2008
main.py: Progress: 98 / 2008
main.py: Progress: 99 / 2008
main.py: Progress: 100 / 2008
main.py: Progress: 101 / 2008
main.py: Progress: 102 / 2008
main.py: Progress: 103 / 2008
main.py: Progress: 104 / 2008
main.py: Progress: 105 / 2008
main.py: Progress: 106 / 2008
main.py: Progress: 107 / 2008
main.py: Progress: 108 / 2008
main.py: Progress: 109 / 2008
main.py: Progress: 110 / 2008
main.py: Progress: 111 / 2008
main.py: Progress: 112 / 2008
main.py: Progress: 113 / 2008
main.py: Progress: 114 / 2008
main.py: Progress: 115 / 2008
main.py: Progress: 116 / 2008
main.py: Progress: 117 / 2008
main.py: Progress: 118 / 2008
main.py: Progress: 119 / 2008
main.py: Progress: 120 / 2008
main.py: Progress: 121 / 2008
main.py: Progress: 122 / 2008
main.py: Progress: 123 / 2008
main.py: Progress: 124 / 2008
main.py: Progress: 125 / 2008
main.py: Progress: 126 / 2008
main.py: Progress: 127 / 2008
main.py: Progress: 128 / 2008
main.py: Progress: 129 / 2008
main.py: Progress: 130 / 2008
main.py: Progress: 131 / 2008
main.py: Progress: 132 / 2008
main.py: Progress: 133 / 2008
main.py: Progress: 134 / 2008
main.py: Progress: 135 / 2008
main.py: Progress: 136 / 2008
main.py: Progress: 137 / 2008
main.py: Progress: 138 / 2008
main.py: Progress: 139 / 2008
main.py: Progress: 140 / 2008
main.py: Progress: 141 / 2008
main.py: Progress: 142 / 2008
main.py: Progress: 143 / 2008
main.py: Progress: 144 / 2008
main.py: Progress: 145 / 2008
main.py: Progress: 146 / 2008
main.py: Progress: 147 / 2008
main.py: Progress: 148 / 2008
main.py: Progress: 149 / 2008
main.py: Progress: 150 / 2008
main.py: Progress: 151 / 2008
main.py: Progress: 152 / 2008
main.py: Progress: 153 / 2008
main.py: Progress: 154 / 2008
main.py: Progress: 155 / 2008
main.py: Progress: 156 / 2008
main.py: Progress: 157 / 2008
main.py: Progress: 158 / 2008
main.py: Progress: 159 / 2008
main.py: Progress: 160 / 2008
main.py: Progress: 161 / 2008
main.py: Progress: 162 / 2008
main.py: Progress: 163 / 2008
main.py: Progress: 164 / 2008
main.py: Progress: 165 / 2008
main.py: Progress: 166 / 2008
main.py: Progress: 167 / 2008
main.py: Progress: 168 / 2008
main.py: Progress: 169 / 2008
main.py: Progress: 170 / 2008
main.py: Progress: 171 / 2008
main.py: Progress: 172 / 2008
main.py: Progress: 173 / 2008
main.py: Progress: 174 / 2008
main.py: Progress: 175 / 2008
main.py: Progress: 176 / 2008
main.py: Progress: 177 / 2008
main.py: Progress: 178 / 2008
main.py: Progress: 179 / 2008
main.py: Progress: 180 / 2008
main.py: Progress: 181 / 2008
main.py: Progress: 182 / 2008
main.py: Progress: 183 / 2008
main.py: Progress: 184 / 2008
main.py: Progress: 185 / 2008
main.py: Progress: 186 / 2008
main.py: Progress: 187 / 2008
main.py: Progress: 188 / 2008
main.py: Progress: 189 / 2008
main.py: Progress: 190 / 2008
main.py: Progress: 191 / 2008
main.py: Progress: 192 / 2008
main.py: Progress: 193 / 2008
main.py: Progress: 194 / 2008
main.py: Progress: 195 / 2008
main.py: Progress: 196 / 2008
main.py: Progress: 197 / 2008
main.py: Progress: 198 / 2008
main.py: Progress: 199 / 2008
main.py: Progress: 200 / 2008
main.py: Progress: 201 / 2008
main.py: Progress: 202 / 2008
main.py: Progress: 203 / 2008
main.py: Progress: 204 / 2008
main.py: Progress: 205 / 2008
main.py: Progress: 206 / 2008
main.py: Progress: 207 / 2008
main.py: Progress: 208 / 2008
main.py: Progress: 209 / 2008
main.py: Progress: 210 / 2008
main.py: Progress: 211 / 2008
main.py: Progress: 212 / 2008
main.py: Progress: 213 / 2008
main.py: Progress: 214 / 2008
main.py: Progress: 215 / 2008
main.py: Progress: 216 / 2008
main.py: Progress: 217 / 2008
main.py: Progress: 218 / 2008
main.py: Progress: 219 / 2008
main.py: Progress: 220 / 2008
main.py: Progress: 221 / 2008
main.py: Progress: 222 / 2008
main.py: Progress: 223 / 2008
main.py: Progress: 224 / 2008
main.py: Progress: 225 / 2008
main.py: Progress: 226 / 2008
main.py: Progress: 227 / 2008
main.py: Progress: 228 / 2008
main.py: Progress: 229 / 2008
main.py: Progress: 230 / 2008
main.py: Progress: 231 / 2008
main.py: Progress: 232 / 2008
main.py: Progress: 233 / 2008
main.py: Progress: 234 / 2008
main.py: Progress: 235 / 2008
main.py: Progress: 236 / 2008
main.py: Progress: 237 / 2008
main.py: Progress: 238 / 2008
main.py: Progress: 239 / 2008
main.py: Progress: 240 / 2008
main.py: Progress: 241 / 2008
main.py: Progress: 242 / 2008
main.py: Progress: 243 / 2008
main.py: Progress: 244 / 2008
main.py: Progress: 245 / 2008
main.py: Progress: 246 / 2008
main.py: Progress: 247 / 2008
main.py: Progress: 248 / 2008
main.py: Progress: 249 / 2008
main.py: Progress: 250 / 2008
main.py: Progress: 251 / 2008
main.py: Progress: 252 / 2008
main.py: Progress: 253 / 2008
main.py: Progress: 254 / 2008
main.py: Progress: 255 / 2008
main.py: Progress: 256 / 2008
main.py: Progress: 257 / 2008
main.py: Progress: 258 / 2008
main.py: Progress: 259 / 2008
main.py: Progress: 260 / 2008
main.py: Progress: 261 / 2008
main.py: Progress: 262 / 2008
main.py: Progress: 263 / 2008
main.py: Progress: 264 / 2008
main.py: Progress: 265 / 2008
main.py: Progress: 266 / 2008
main.py: Progress: 267 / 2008
main.py: Progress: 268 / 2008
main.py: Progress: 269 / 2008
main.py: Progress: 270 / 2008
main.py: Progress: 271 / 2008
main.py: Progress: 272 / 2008
main.py: Progress: 273 / 2008
main.py: Progress: 274 / 2008
main.py: Progress: 275 / 2008
main.py: Progress: 276 / 2008
main.py: Progress: 277 / 2008
main.py: Progress: 278 / 2008
main.py: Progress: 279 / 2008
main.py: Progress: 280 / 2008
main.py: Progress: 281 / 2008
main.py: Progress: 282 / 2008
main.py: Progress: 283 / 2008
main.py: Progress: 284 / 2008
main.py: Progress: 285 / 2008
main.py: Progress: 286 / 2008
main.py: Progress: 287 / 2008
main.py: Progress: 288 / 2008
main.py: Progress: 289 / 2008
main.py: Progress: 290 / 2008
main.py: Progress: 291 / 2008
main.py: Progress: 292 / 2008
main.py: Progress: 293 / 2008
main.py: Progress: 294 / 2008
main.py: Progress: 295 / 2008
main.py: Progress: 296 / 2008
main.py: Progress: 297 / 2008
main.py: Progress: 298 / 2008
main.py: Progress: 299 / 2008
main.py: Progress: 300 / 2008
main.py: Progress: 301 / 2008
main.py: Progress: 302 / 2008
main.py: Progress: 303 / 2008
main.py: Progress: 304 / 2008
main.py: Progress: 305 / 2008
main.py: Progress: 306 / 2008
main.py: Progress: 307 / 2008
main.py: Progress: 308 / 2008
main.py: Progress: 309 / 2008
main.py: Progress: 310 / 2008
main.py: Progress: 311 / 2008
main.py: Progress: 312 / 2008
main.py: Progress: 313 / 2008
main.py: Progress: 314 / 2008
main.py: Progress: 315 / 2008
main.py: Progress: 316 / 2008
main.py: Progress: 317 / 2008
main.py: Progress: 318 / 2008
main.py: Progress: 319 / 2008
main.py: Progress: 320 / 2008
main.py: Progress: 321 / 2008
main.py: Progress: 322 / 2008
main.py: Progress: 323 / 2008
main.py: Progress: 324 / 2008
main.py: Progress: 325 / 2008
main.py: Progress: 326 / 2008
main.py: Progress: 327 / 2008
main.py: Progress: 328 / 2008
main.py: Progress: 329 / 2008
main.py: Progress: 330 / 2008
main.py: Progress: 331 / 2008
main.py: Progress: 332 / 2008
main.py: Progress: 333 / 2008
main.py: Progress: 334 / 2008
main.py: Progress: 335 / 2008
main.py: Progress: 336 / 2008
main.py: Progress: 337 / 2008
main.py: Progress: 338 / 2008
main.py: Progress: 339 / 2008
main.py: Progress: 340 / 2008
main.py: Progress: 341 / 2008
main.py: Progress: 342 / 2008
main.py: Progress: 343 / 2008
main.py: Progress: 344 / 2008
main.py: Progress: 345 / 2008
main.py: Progress: 346 / 2008
main.py: Progress: 347 / 2008
main.py: Progress: 348 / 2008
main.py: Progress: 349 / 2008
main.py: Progress: 350 / 2008
main.py: Progress: 351 / 2008
main.py: Progress: 352 / 2008
main.py: Progress: 353 / 2008
main.py: Progress: 354 / 2008
main.py: Progress: 355 / 2008
main.py: Progress: 356 / 2008
main.py: Progress: 357 / 2008
main.py: Progress: 358 / 2008
main.py: Progress: 359 / 2008
main.py: Progress: 360 / 2008
main.py: Progress: 361 / 2008
main.py: Progress: 362 / 2008
main.py: Progress: 363 / 2008
main.py: Progress: 364 / 2008
main.py: Progress: 365 / 2008
main.py: Progress: 366 / 2008
main.py: Progress: 367 / 2008
main.py: Progress: 368 / 2008
main.py: Progress: 369 / 2008
main.py: Progress: 370 / 2008
main.py: Progress: 371 / 2008
main.py: Progress: 372 / 2008
main.py: Progress: 373 / 2008
main.py: Progress: 374 / 2008
main.py: Progress: 375 / 2008
main.py: Progress: 376 / 2008
main.py: Progress: 377 / 2008
main.py: Progress: 378 / 2008
main.py: Progress: 379 / 2008
main.py: Progress: 380 / 2008
main.py: Progress: 381 / 2008
main.py: Progress: 382 / 2008
main.py: Progress: 383 / 2008
main.py: Progress: 384 / 2008
main.py: Progress: 385 / 2008
main.py: Progress: 386 / 2008
main.py: Progress: 387 / 2008
main.py: Progress: 388 / 2008
main.py: Progress: 389 / 2008
main.py: Progress: 390 / 2008
main.py: Progress: 391 / 2008
main.py: Progress: 392 / 2008
main.py: Progress: 393 / 2008
main.py: Progress: 394 / 2008
main.py: Progress: 395 / 2008
main.py: Progress: 396 / 2008
main.py: Progress: 397 / 2008
main.py: Progress: 398 / 2008
main.py: Progress: 399 / 2008
main.py: Progress: 400 / 2008
main.py: Progress: 401 / 2008
main.py: Progress: 402 / 2008
main.py: Progress: 403 / 2008
main.py: Progress: 404 / 2008
main.py: Progress: 405 / 2008
main.py: Progress: 406 / 2008
main.py: Progress: 407 / 2008
main.py: Progress: 408 / 2008
main.py: Progress: 409 / 2008
main.py: Progress: 410 / 2008
main.py: Progress: 411 / 2008
main.py: Progress: 412 / 2008
main.py: Progress: 413 / 2008
main.py: Progress: 414 / 2008
main.py: Progress: 415 / 2008
main.py: Progress: 416 / 2008
main.py: Progress: 417 / 2008
main.py: Progress: 418 / 2008
main.py: Progress: 419 / 2008
main.py: Progress: 420 / 2008
main.py: Progress: 421 / 2008
main.py: Progress: 422 / 2008
main.py: Progress: 423 / 2008
main.py: Progress: 424 / 2008
main.py: Progress: 425 / 2008
main.py: Progress: 426 / 2008
main.py: Progress: 427 / 2008
main.py: Progress: 428 / 2008
main.py: Progress: 429 / 2008
main.py: Progress: 430 / 2008
main.py: Progress: 431 / 2008
main.py: Progress: 432 / 2008
main.py: Progress: 433 / 2008
main.py: Progress: 434 / 2008
main.py: Progress: 435 / 2008
main.py: Progress: 436 / 2008
main.py: Progress: 437 / 2008
main.py: Progress: 438 / 2008
main.py: Progress: 439 / 2008
main.py: Progress: 440 / 2008
main.py: Progress: 441 / 2008
main.py: Progress: 442 / 2008
main.py: Progress: 443 / 2008
main.py: Progress: 444 / 2008
main.py: Progress: 445 / 2008
main.py: Progress: 446 / 2008
main.py: Progress: 447 / 2008
main.py: Progress: 448 / 2008
main.py: Progress: 449 / 2008
main.py: Progress: 450 / 2008
main.py: Progress: 451 / 2008
main.py: Progress: 452 / 2008
main.py: Progress: 453 / 2008
main.py: Progress: 454 / 2008
main.py: Progress: 455 / 2008
main.py: Progress: 456 / 2008
main.py: Progress: 457 / 2008
main.py: Progress: 458 / 2008
main.py: Progress: 459 / 2008
main.py: Progress: 460 / 2008
main.py: Progress: 461 / 2008
main.py: Progress: 462 / 2008
main.py: Progress: 463 / 2008
main.py: Progress: 464 / 2008
main.py: Progress: 465 / 2008
main.py: Progress: 466 / 2008
main.py: Progress: 467 / 2008
main.py: Progress: 468 / 2008
main.py: Progress: 469 / 2008
main.py: Progress: 470 / 2008
main.py: Progress: 471 / 2008
main.py: Progress: 472 / 2008
main.py: Progress: 473 / 2008
main.py: Progress: 474 / 2008
main.py: Progress: 475 / 2008
main.py: Progress: 476 / 2008
main.py: Progress: 477 / 2008
main.py: Progress: 478 / 2008
main.py: Progress: 479 / 2008
main.py: Progress: 480 / 2008
main.py: Progress: 481 / 2008
main.py: Progress: 482 / 2008
main.py: Progress: 483 / 2008
main.py: Progress: 484 / 2008
main.py: Progress: 485 / 2008
main.py: Progress: 486 / 2008
main.py: Progress: 487 / 2008
main.py: Progress: 488 / 2008
main.py: Progress: 489 / 2008
main.py: Progress: 490 / 2008
main.py: Progress: 491 / 2008
main.py: Progress: 492 / 2008
main.py: Progress: 493 / 2008
main.py: Progress: 494 / 2008
main.py: Progress: 495 / 2008
main.py: Progress: 496 / 2008
main.py: Progress: 497 / 2008
main.py: Progress: 498 / 2008
main.py: Progress: 499 / 2008
main.py: Progress: 500 / 2008
main.py: Progress: 501 / 2008
main.py: Progress: 502 / 2008
main.py: Progress: 503 / 2008
main.py: Progress: 504 / 2008
main.py: Progress: 505 / 2008
main.py: Progress: 506 / 2008
main.py: Progress: 507 / 2008
main.py: Progress: 508 / 2008
main.py: Progress: 509 / 2008
main.py: Progress: 510 / 2008
main.py: Progress: 511 / 2008
main.py: Progress: 512 / 2008
main.py: Progress: 513 / 2008
main.py: Progress: 514 / 2008
main.py: Progress: 515 / 2008
main.py: Progress: 516 / 2008
main.py: Progress: 517 / 2008
main.py: Progress: 518 / 2008
main.py: Progress: 519 / 2008
main.py: Progress: 520 / 2008
main.py: Progress: 521 / 2008
main.py: Progress: 522 / 2008
main.py: Progress: 523 / 2008
main.py: Progress: 524 / 2008
main.py: Progress: 525 / 2008
main.py: Progress: 526 / 2008
main.py: Progress: 527 / 2008
main.py: Progress: 528 / 2008
main.py: Progress: 529 / 2008
main.py: Progress: 530 / 2008
main.py: Progress: 531 / 2008
main.py: Progress: 532 / 2008
main.py: Progress: 533 / 2008
main.py: Progress: 534 / 2008
main.py: Progress: 535 / 2008
main.py: Progress: 536 / 2008
main.py: Progress: 537 / 2008
main.py: Progress: 538 / 2008
main.py: Progress: 539 / 2008
main.py: Progress: 540 / 2008
main.py: Progress: 541 / 2008
main.py: Progress: 542 / 2008
main.py: Progress: 543 / 2008
main.py: Progress: 544 / 2008
main.py: Progress: 545 / 2008
main.py: Progress: 546 / 2008
main.py: Progress: 547 / 2008
main.py: Progress: 548 / 2008
main.py: Progress: 549 / 2008
main.py: Progress: 550 / 2008
main.py: Progress: 551 / 2008
main.py: Progress: 552 / 2008
main.py: Progress: 553 / 2008
main.py: Progress: 554 / 2008
main.py: Progress: 555 / 2008
main.py: Progress: 556 / 2008
main.py: Progress: 557 / 2008
main.py: Progress: 558 / 2008
main.py: Progress: 559 / 2008
main.py: Progress: 560 / 2008
main.py: Progress: 561 / 2008
main.py: Progress: 562 / 2008
main.py: Progress: 563 / 2008
main.py: Progress: 564 / 2008
main.py: Progress: 565 / 2008
main.py: Progress: 566 / 2008
main.py: Progress: 567 / 2008
main.py: Progress: 568 / 2008
main.py: Progress: 569 / 2008
main.py: Progress: 570 / 2008
main.py: Progress: 571 / 2008
main.py: Progress: 572 / 2008
main.py: Progress: 573 / 2008
main.py: Progress: 574 / 2008
main.py: Progress: 575 / 2008
main.py: Progress: 576 / 2008
main.py: Progress: 577 / 2008
main.py: Progress: 578 / 2008
main.py: Progress: 579 / 2008
main.py: Progress: 580 / 2008
main.py: Progress: 581 / 2008
main.py: Progress: 582 / 2008
main.py: Progress: 583 / 2008
main.py: Progress: 584 / 2008
main.py: Progress: 585 / 2008
main.py: Progress: 586 / 2008
main.py: Progress: 587 / 2008
main.py: Progress: 588 / 2008
main.py: Progress: 589 / 2008
main.py: Progress: 590 / 2008
main.py: Progress: 591 / 2008
main.py: Progress: 592 / 2008
main.py: Progress: 593 / 2008
main.py: Progress: 594 / 2008
main.py: Progress: 595 / 2008
main.py: Progress: 596 / 2008
main.py: Progress: 597 / 2008
main.py: Progress: 598 / 2008
main.py: Progress: 599 / 2008
main.py: Progress: 600 / 2008
main.py: Progress: 601 / 2008
main.py: Progress: 602 / 2008
main.py: Progress: 603 / 2008
main.py: Progress: 604 / 2008
main.py: Progress: 605 / 2008
main.py: Progress: 606 / 2008
main.py: Progress: 607 / 2008
main.py: Progress: 608 / 2008
main.py: Progress: 609 / 2008
main.py: Progress: 610 / 2008
main.py: Progress: 611 / 2008
main.py: Progress: 612 / 2008
main.py: Progress: 613 / 2008
main.py: Progress: 614 / 2008
main.py: Progress: 615 / 2008
main.py: Progress: 616 / 2008
main.py: Progress: 617 / 2008
main.py: Progress: 618 / 2008
main.py: Progress: 619 / 2008
main.py: Progress: 620 / 2008
main.py: Progress: 621 / 2008
main.py: Progress: 622 / 2008
main.py: Progress: 623 / 2008
main.py: Progress: 624 / 2008
main.py: Progress: 625 / 2008
main.py: Progress: 626 / 2008
main.py: Progress: 627 / 2008
main.py: Progress: 628 / 2008
main.py: Progress: 629 / 2008
main.py: Progress: 630 / 2008
main.py: Progress: 631 / 2008
main.py: Progress: 632 / 2008
main.py: Progress: 633 / 2008
main.py: Progress: 634 / 2008
main.py: Progress: 635 / 2008
main.py: Progress: 636 / 2008
main.py: Progress: 637 / 2008
main.py: Progress: 638 / 2008
main.py: Progress: 639 / 2008
main.py: Progress: 640 / 2008
main.py: Progress: 641 / 2008
main.py: Progress: 642 / 2008
main.py: Progress: 643 / 2008
main.py: Progress: 644 / 2008
main.py: Progress: 645 / 2008
main.py: Progress: 646 / 2008
main.py: Progress: 647 / 2008
main.py: Progress: 648 / 2008
main.py: Progress: 649 / 2008
main.py: Progress: 650 / 2008
main.py: Progress: 651 / 2008
main.py: Progress: 652 / 2008
main.py: Progress: 653 / 2008
main.py: Progress: 654 / 2008
main.py: Progress: 655 / 2008
main.py: Progress: 656 / 2008
main.py: Progress: 657 / 2008
main.py: Progress: 658 / 2008
main.py: Progress: 659 / 2008
main.py: Progress: 660 / 2008
main.py: Progress: 661 / 2008
main.py: Progress: 662 / 2008
main.py: Progress: 663 / 2008
main.py: Progress: 664 / 2008
main.py: Progress: 665 / 2008
main.py: Progress: 666 / 2008
main.py: Progress: 667 / 2008
main.py: Progress: 668 / 2008
main.py: Progress: 669 / 2008
main.py: Progress: 670 / 2008
main.py: Progress: 671 / 2008
main.py: Progress: 672 / 2008
main.py: Progress: 673 / 2008
main.py: Progress: 674 / 2008
main.py: Progress: 675 / 2008
main.py: Progress: 676 / 2008
main.py: Progress: 677 / 2008
main.py: Progress: 678 / 2008
main.py: Progress: 679 / 2008
main.py: Progress: 680 / 2008
main.py: Progress: 681 / 2008
main.py: Progress: 682 / 2008
main.py: Progress: 683 / 2008
main.py: Progress: 684 / 2008
main.py: Progress: 685 / 2008
main.py: Progress: 686 / 2008
main.py: Progress: 687 / 2008
main.py: Progress: 688 / 2008
main.py: Progress: 689 / 2008
main.py: Progress: 690 / 2008
main.py: Progress: 691 / 2008
main.py: Progress: 692 / 2008
main.py: Progress: 693 / 2008
main.py: Progress: 694 / 2008
main.py: Progress: 695 / 2008
main.py: Progress: 696 / 2008
main.py: Progress: 697 / 2008
main.py: Progress: 698 / 2008
main.py: Progress: 699 / 2008
main.py: Progress: 700 / 2008
main.py: Progress: 701 / 2008
main.py: Progress: 702 / 2008
main.py: Progress: 703 / 2008
main.py: Progress: 704 / 2008
main.py: Progress: 705 / 2008
main.py: Progress: 706 / 2008
main.py: Progress: 707 / 2008
main.py: Progress: 708 / 2008
main.py: Progress: 709 / 2008
main.py: Progress: 710 / 2008
main.py: Progress: 711 / 2008
main.py: Progress: 712 / 2008
main.py: Progress: 713 / 2008
main.py: Progress: 714 / 2008
main.py: Progress: 715 / 2008
main.py: Progress: 716 / 2008
main.py: Progress: 717 / 2008
main.py: Progress: 718 / 2008
main.py: Progress: 719 / 2008
main.py: Progress: 720 / 2008
main.py: Progress: 721 / 2008
main.py: Progress: 722 / 2008
main.py: Progress: 723 / 2008
main.py: Progress: 724 / 2008
main.py: Progress: 725 / 2008
main.py: Progress: 726 / 2008
main.py: Progress: 727 / 2008
main.py: Progress: 728 / 2008
main.py: Progress: 729 / 2008
main.py: Progress: 730 / 2008
main.py: Progress: 731 / 2008
main.py: Progress: 732 / 2008
main.py: Progress: 733 / 2008
main.py: Progress: 734 / 2008
main.py: Progress: 735 / 2008
main.py: Progress: 736 / 2008
main.py: Progress: 737 / 2008
main.py: Progress: 738 / 2008
main.py: Progress: 739 / 2008
main.py: Progress: 740 / 2008
main.py: Progress: 741 / 2008
main.py: Progress: 742 / 2008
main.py: Progress: 743 / 2008
main.py: Progress: 744 / 2008
main.py: Progress: 745 / 2008
main.py: Progress: 746 / 2008
main.py: Progress: 747 / 2008
main.py: Progress: 748 / 2008
main.py: Progress: 749 / 2008
main.py: Progress: 750 / 2008
main.py: Progress: 751 / 2008
main.py: Progress: 752 / 2008
main.py: Progress: 753 / 2008
main.py: Progress: 754 / 2008
main.py: Progress: 755 / 2008
main.py: Progress: 756 / 2008
main.py: Progress: 757 / 2008
main.py: Progress: 758 / 2008
main.py: Progress: 759 / 2008
main.py: Progress: 760 / 2008
main.py: Progress: 761 / 2008
main.py: Progress: 762 / 2008
main.py: Progress: 763 / 2008
main.py: Progress: 764 / 2008
main.py: Progress: 765 / 2008
main.py: Progress: 766 / 2008
main.py: Progress: 767 / 2008
main.py: Progress: 768 / 2008
main.py: Progress: 769 / 2008
main.py: Progress: 770 / 2008
main.py: Progress: 771 / 2008
main.py: Progress: 772 / 2008
main.py: Progress: 773 / 2008
main.py: Progress: 774 / 2008
main.py: Progress: 775 / 2008
main.py: Progress: 776 / 2008
main.py: Progress: 777 / 2008
main.py: Progress: 778 / 2008
main.py: Progress: 779 / 2008
main.py: Progress: 780 / 2008
main.py: Progress: 781 / 2008
main.py: Progress: 782 / 2008
main.py: Progress: 783 / 2008
main.py: Progress: 784 / 2008
main.py: Progress: 785 / 2008
main.py: Progress: 786 / 2008
main.py: Progress: 787 / 2008
main.py: Progress: 788 / 2008
main.py: Progress: 789 / 2008
main.py: Progress: 790 / 2008
main.py: Progress: 791 / 2008
main.py: Progress: 792 / 2008
main.py: Progress: 793 / 2008
main.py: Progress: 794 / 2008
main.py: Progress: 795 / 2008
main.py: Progress: 796 / 2008
main.py: Progress: 797 / 2008
main.py: Progress: 798 / 2008
main.py: Progress: 799 / 2008
main.py: Progress: 800 / 2008
main.py: Progress: 801 / 2008
main.py: Progress: 802 / 2008
main.py: Progress: 803 / 2008
main.py: Progress: 804 / 2008
main.py: Progress: 805 / 2008
main.py: Progress: 806 / 2008
main.py: Progress: 807 / 2008
main.py: Progress: 808 / 2008
main.py: Progress: 809 / 2008
main.py: Progress: 810 / 2008
main.py: Progress: 811 / 2008
main.py: Progress: 812 / 2008
main.py: Progress: 813 / 2008
main.py: Progress: 814 / 2008
main.py: Progress: 815 / 2008
main.py: Progress: 816 / 2008
main.py: Progress: 817 / 2008
main.py: Progress: 818 / 2008
main.py: Progress: 819 / 2008
main.py: Progress: 820 / 2008
main.py: Progress: 821 / 2008
main.py: Progress: 822 / 2008
main.py: Progress: 823 / 2008
main.py: Progress: 824 / 2008
main.py: Progress: 825 / 2008
main.py: Progress: 826 / 2008
main.py: Progress: 827 / 2008
main.py: Progress: 828 / 2008
main.py: Progress: 829 / 2008
main.py: Progress: 830 / 2008
main.py: Progress: 831 / 2008
main.py: Progress: 832 / 2008
main.py: Progress: 833 / 2008
main.py: Progress: 834 / 2008
main.py: Progress: 835 / 2008
main.py: Progress: 836 / 2008
main.py: Progress: 837 / 2008
main.py: Progress: 838 / 2008
main.py: Progress: 839 / 2008
main.py: Progress: 840 / 2008
main.py: Progress: 841 / 2008
main.py: Progress: 842 / 2008
main.py: Progress: 843 / 2008
main.py: Progress: 844 / 2008
main.py: Progress: 845 / 2008
main.py: Progress: 846 / 2008
main.py: Progress: 847 / 2008
main.py: Progress: 848 / 2008
main.py: Progress: 849 / 2008
main.py: Progress: 850 / 2008
main.py: Progress: 851 / 2008
main.py: Progress: 852 / 2008
main.py: Progress: 853 / 2008
main.py: Progress: 854 / 2008
main.py: Progress: 855 / 2008
main.py: Progress: 856 / 2008
main.py: Progress: 857 / 2008
main.py: Progress: 858 / 2008
main.py: Progress: 859 / 2008
main.py: Progress: 860 / 2008
main.py: Progress: 861 / 2008
main.py: Progress: 862 / 2008
main.py: Progress: 863 / 2008
main.py: Progress: 864 / 2008
main.py: Progress: 865 / 2008
main.py: Progress: 866 / 2008
main.py: Progress: 867 / 2008
main.py: Progress: 868 / 2008
main.py: Progress: 869 / 2008
main.py: Progress: 870 / 2008
main.py: Progress: 871 / 2008
main.py: Progress: 872 / 2008
main.py: Progress: 873 / 2008
main.py: Progress: 874 / 2008
main.py: Progress: 875 / 2008
main.py: Progress: 876 / 2008
main.py: Progress: 877 / 2008
main.py: Progress: 878 / 2008
main.py: Progress: 879 / 2008
main.py: Progress: 880 / 2008
main.py: Progress: 881 / 2008
main.py: Progress: 882 / 2008
main.py: Progress: 883 / 2008
main.py: Progress: 884 / 2008
main.py: Progress: 885 / 2008
main.py: Progress: 886 / 2008
main.py: Progress: 887 / 2008
main.py: Progress: 888 / 2008
main.py: Progress: 889 / 2008
main.py: Progress: 890 / 2008
main.py: Progress: 891 / 2008
main.py: Progress: 892 / 2008
main.py: Progress: 893 / 2008
main.py: Progress: 894 / 2008
main.py: Progress: 895 / 2008
main.py: Progress: 896 / 2008
main.py: Progress: 897 / 2008
main.py: Progress: 898 / 2008
main.py: Progress: 899 / 2008
main.py: Progress: 900 / 2008
main.py: Progress: 901 / 2008
main.py: Progress: 902 / 2008
main.py: Progress: 903 / 2008
main.py: Progress: 904 / 2008
main.py: Progress: 905 / 2008
main.py: Progress: 906 / 2008
main.py: Progress: 907 / 2008
main.py: Progress: 908 / 2008
main.py: Progress: 909 / 2008
main.py: Progress: 910 / 2008
main.py: Progress: 911 / 2008
main.py: Progress: 912 / 2008
main.py: Progress: 913 / 2008
main.py: Progress: 914 / 2008
main.py: Progress: 915 / 2008
main.py: Progress: 916 / 2008
main.py: Progress: 917 / 2008
main.py: Progress: 918 / 2008
main.py: Progress: 919 / 2008
main.py: Progress: 920 / 2008
main.py: Progress: 921 / 2008
main.py: Progress: 922 / 2008
main.py: Progress: 923 / 2008
main.py: Progress: 924 / 2008
main.py: Progress: 925 / 2008
main.py: Progress: 926 / 2008
main.py: Progress: 927 / 2008
main.py: Progress: 928 / 2008
main.py: Progress: 929 / 2008
main.py: Progress: 930 / 2008
main.py: Progress: 931 / 2008
main.py: Progress: 932 / 2008
main.py: Progress: 933 / 2008
main.py: Progress: 934 / 2008
main.py: Progress: 935 / 2008
main.py: Progress: 936 / 2008
main.py: Progress: 937 / 2008
main.py: Progress: 938 / 2008
main.py: Progress: 939 / 2008
main.py: Progress: 940 / 2008
main.py: Progress: 941 / 2008
main.py: Progress: 942 / 2008
main.py: Progress: 943 / 2008
main.py: Progress: 944 / 2008
main.py: Progress: 945 / 2008
main.py: Progress: 946 / 2008
main.py: Progress: 947 / 2008
main.py: Progress: 948 / 2008
main.py: Progress: 949 / 2008
main.py: Progress: 950 / 2008
main.py: Progress: 951 / 2008
main.py: Progress: 952 / 2008
main.py: Progress: 953 / 2008
main.py: Progress: 954 / 2008
main.py: Progress: 955 / 2008
main.py: Progress: 956 / 2008
main.py: Progress: 957 / 2008
main.py: Progress: 958 / 2008
main.py: Progress: 959 / 2008
main.py: Progress: 960 / 2008
main.py: Progress: 961 / 2008
main.py: Progress: 962 / 2008
main.py: Progress: 963 / 2008
main.py: Progress: 964 / 2008
main.py: Progress: 965 / 2008
main.py: Progress: 966 / 2008
main.py: Progress: 967 / 2008
main.py: Progress: 968 / 2008
main.py: Progress: 969 / 2008
main.py: Progress: 970 / 2008
main.py: Progress: 971 / 2008
main.py: Progress: 972 / 2008
main.py: Progress: 973 / 2008
main.py: Progress: 974 / 2008
main.py: Progress: 975 / 2008
main.py: Progress: 976 / 2008
main.py: Progress: 977 / 2008
main.py: Progress: 978 / 2008
main.py: Progress: 979 / 2008
main.py: Progress: 980 / 2008
main.py: Progress: 981 / 2008
main.py: Progress: 982 / 2008
main.py: Progress: 983 / 2008
main.py: Progress: 984 / 2008
main.py: Progress: 985 / 2008
main.py: Progress: 986 / 2008
main.py: Progress: 987 / 2008
main.py: Progress: 988 / 2008
main.py: Progress: 989 / 2008
main.py: Progress: 990 / 2008
main.py: Progress: 991 / 2008
main.py: Progress: 992 / 2008
main.py: Progress: 993 / 2008
main.py: Progress: 994 / 2008
main.py: Progress: 995 / 2008
main.py: Progress: 996 / 2008
main.py: Progress: 997 / 2008
main.py: Progress: 998 / 2008
main.py: Progress: 999 / 2008
main.py: Progress: 1000 / 2008
main.py: Progress: 1001 / 2008
main.py: Progress: 1002 / 2008
main.py: Progress: 1003 / 2008
main.py: Progress: 1004 / 2008
main.py: Progress: 1005 / 2008
main.py: Progress: 1006 / 2008
main.py: Progress: 1007 / 2008
main.py: Progress: 1008 / 2008
main.py: Progress: 1009 / 2008
main.py: Progress: 1010 / 2008
main.py: Progress: 1011 / 2008
main.py: Progress: 1012 / 2008
main.py: Progress: 1013 / 2008
main.py: Progress: 1014 / 2008
main.py: Progress: 1015 / 2008
main.py: Progress: 1016 / 2008
main.py: Progress: 1017 / 2008
main.py: Progress: 1018 / 2008
main.py: Progress: 1019 / 2008
main.py: Progress: 1020 / 2008
main.py: Progress: 1021 / 2008
main.py: Progress: 1022 / 2008
main.py: Progress: 1023 / 2008
main.py: Progress: 1024 / 2008
main.py: Progress: 1025 / 2008
main.py: Progress: 1026 / 2008
main.py: Progress: 1027 / 2008
main.py: Progress: 1028 / 2008
main.py: Progress: 1029 / 2008
main.py: Progress: 1030 / 2008
main.py: Progress: 1031 / 2008
main.py: Progress: 1032 / 2008
main.py: Progress: 1033 / 2008
main.py: Progress: 1034 / 2008
main.py: Progress: 1035 / 2008
main.py: Progress: 1036 / 2008
main.py: Progress: 1037 / 2008
main.py: Progress: 1038 / 2008
main.py: Progress: 1039 / 2008
main.py: Progress: 1040 / 2008
main.py: Progress: 1041 / 2008
main.py: Progress: 1042 / 2008
main.py: Progress: 1043 / 2008
main.py: Progress: 1044 / 2008
main.py: Progress: 1045 / 2008
main.py: Progress: 1046 / 2008
main.py: Progress: 1047 / 2008
main.py: Progress: 1048 / 2008
main.py: Progress: 1049 / 2008
main.py: Progress: 1050 / 2008
main.py: Progress: 1051 / 2008
main.py: Progress: 1052 / 2008
main.py: Progress: 1053 / 2008
main.py: Progress: 1054 / 2008
main.py: Progress: 1055 / 2008
main.py: Progress: 1056 / 2008
main.py: Progress: 1057 / 2008
main.py: Progress: 1058 / 2008
main.py: Progress: 1059 / 2008
main.py: Progress: 1060 / 2008
main.py: Progress: 1061 / 2008
main.py: Progress: 1062 / 2008
main.py: Progress: 1063 / 2008
main.py: Progress: 1064 / 2008
main.py: Progress: 1065 / 2008
main.py: Progress: 1066 / 2008
main.py: Progress: 1067 / 2008
main.py: Progress: 1068 / 2008
main.py: Progress: 1069 / 2008
main.py: Progress: 1070 / 2008
main.py: Progress: 1071 / 2008
main.py: Progress: 1072 / 2008
main.py: Progress: 1073 / 2008
main.py: Progress: 1074 / 2008
main.py: Progress: 1075 / 2008
main.py: Progress: 1076 / 2008
main.py: Progress: 1077 / 2008
main.py: Progress: 1078 / 2008
main.py: Progress: 1079 / 2008
main.py: Progress: 1080 / 2008
main.py: Progress: 1081 / 2008
main.py: Progress: 1082 / 2008
main.py: Progress: 1083 / 2008
main.py: Progress: 1084 / 2008
main.py: Progress: 1085 / 2008
main.py: Progress: 1086 / 2008
main.py: Progress: 1087 / 2008
main.py: Progress: 1088 / 2008
main.py: Progress: 1089 / 2008
main.py: Progress: 1090 / 2008
main.py: Progress: 1091 / 2008
main.py: Progress: 1092 / 2008
main.py: Progress: 1093 / 2008
main.py: Progress: 1094 / 2008
main.py: Progress: 1095 / 2008
main.py: Progress: 1096 / 2008
main.py: Progress: 1097 / 2008
main.py: Progress: 1098 / 2008
main.py: Progress: 1099 / 2008
main.py: Progress: 1100 / 2008
main.py: Progress: 1101 / 2008
main.py: Progress: 1102 / 2008
main.py: Progress: 1103 / 2008
main.py: Progress: 1104 / 2008
main.py: Progress: 1105 / 2008
main.py: Progress: 1106 / 2008
main.py: Progress: 1107 / 2008
main.py: Progress: 1108 / 2008
main.py: Progress: 1109 / 2008
main.py: Progress: 1110 / 2008
main.py: Progress: 1111 / 2008
main.py: Progress: 1112 / 2008
main.py: Progress: 1113 / 2008
main.py: Progress: 1114 / 2008
main.py: Progress: 1115 / 2008
main.py: Progress: 1116 / 2008
main.py: Progress: 1117 / 2008
main.py: Progress: 1118 / 2008
main.py: Progress: 1119 / 2008
main.py: Progress: 1120 / 2008
main.py: Progress: 1121 / 2008
main.py: Progress: 1122 / 2008
main.py: Progress: 1123 / 2008
main.py: Progress: 1124 / 2008
main.py: Progress: 1125 / 2008
main.py: Progress: 1126 / 2008
main.py: Progress: 1127 / 2008
main.py: Progress: 1128 / 2008
main.py: Progress: 1129 / 2008
main.py: Progress: 1130 / 2008
main.py: Progress: 1131 / 2008
main.py: Progress: 1132 / 2008
main.py: Progress: 1133 / 2008
main.py: Progress: 1134 / 2008
main.py: Progress: 1135 / 2008
main.py: Progress: 1136 / 2008
main.py: Progress: 1137 / 2008
main.py: Progress: 1138 / 2008
main.py: Progress: 1139 / 2008
main.py: Progress: 1140 / 2008
main.py: Progress: 1141 / 2008
main.py: Progress: 1142 / 2008
main.py: Progress: 1143 / 2008
main.py: Progress: 1144 / 2008
main.py: Progress: 1145 / 2008
main.py: Progress: 1146 / 2008
main.py: Progress: 1147 / 2008
main.py: Progress: 1148 / 2008
main.py: Progress: 1149 / 2008
main.py: Progress: 1150 / 2008
main.py: Progress: 1151 / 2008
main.py: Progress: 1152 / 2008
main.py: Progress: 1153 / 2008
main.py: Progress: 1154 / 2008
main.py: Progress: 1155 / 2008
main.py: Progress: 1156 / 2008
main.py: Progress: 1157 / 2008
main.py: Progress: 1158 / 2008
main.py: Progress: 1159 / 2008
main.py: Progress: 1160 / 2008
main.py: Progress: 1161 / 2008
main.py: Progress: 1162 / 2008
main.py: Progress: 1163 / 2008
main.py: Progress: 1164 / 2008
main.py: Progress: 1165 / 2008
main.py: Progress: 1166 / 2008
main.py: Progress: 1167 / 2008
main.py: Progress: 1168 / 2008
main.py: Progress: 1169 / 2008
main.py: Progress: 1170 / 2008
main.py: Progress: 1171 / 2008
main.py: Progress: 1172 / 2008
main.py: Progress: 1173 / 2008
main.py: Progress: 1174 / 2008
main.py: Progress: 1175 / 2008
main.py: Progress: 1176 / 2008
main.py: Progress: 1177 / 2008
main.py: Progress: 1178 / 2008
main.py: Progress: 1179 / 2008
main.py: Progress: 1180 / 2008
main.py: Progress: 1181 / 2008
main.py: Progress: 1182 / 2008
main.py: Progress: 1183 / 2008
main.py: Progress: 1184 / 2008
main.py: Progress: 1185 / 2008
main.py: Progress: 1186 / 2008
main.py: Progress: 1187 / 2008
main.py: Progress: 1188 / 2008
main.py: Progress: 1189 / 2008
main.py: Progress: 1190 / 2008
main.py: Progress: 1191 / 2008
main.py: Progress: 1192 / 2008
main.py: Progress: 1193 / 2008
main.py: Progress: 1194 / 2008
main.py: Progress: 1195 / 2008
main.py: Progress: 1196 / 2008
main.py: Progress: 1197 / 2008
main.py: Progress: 1198 / 2008
main.py: Progress: 1199 / 2008
main.py: Progress: 1200 / 2008
main.py: Progress: 1201 / 2008
main.py: Progress: 1202 / 2008
main.py: Progress: 1203 / 2008
main.py: Progress: 1204 / 2008
main.py: Progress: 1205 / 2008
main.py: Progress: 1206 / 2008
main.py: Progress: 1207 / 2008
main.py: Progress: 1208 / 2008
main.py: Progress: 1209 / 2008
main.py: Progress: 1210 / 2008
main.py: Progress: 1211 / 2008
main.py: Progress: 1212 / 2008
main.py: Progress: 1213 / 2008
main.py: Progress: 1214 / 2008
main.py: Progress: 1215 / 2008
main.py: Progress: 1216 / 2008
main.py: Progress: 1217 / 2008
main.py: Progress: 1218 / 2008
main.py: Progress: 1219 / 2008
main.py: Progress: 1220 / 2008
main.py: Progress: 1221 / 2008
main.py: Progress: 1222 / 2008
main.py: Progress: 1223 / 2008
main.py: Progress: 1224 / 2008
main.py: Progress: 1225 / 2008
main.py: Progress: 1226 / 2008
main.py: Progress: 1227 / 2008
main.py: Progress: 1228 / 2008
main.py: Progress: 1229 / 2008
main.py: Progress: 1230 / 2008
main.py: Progress: 1231 / 2008
main.py: Progress: 1232 / 2008
main.py: Progress: 1233 / 2008
main.py: Progress: 1234 / 2008
main.py: Progress: 1235 / 2008
main.py: Progress: 1236 / 2008
main.py: Progress: 1237 / 2008
main.py: Progress: 1238 / 2008
main.py: Progress: 1239 / 2008
main.py: Progress: 1240 / 2008
main.py: Progress: 1241 / 2008
main.py: Progress: 1242 / 2008
main.py: Progress: 1243 / 2008
main.py: Progress: 1244 / 2008
main.py: Progress: 1245 / 2008
main.py: Progress: 1246 / 2008
main.py: Progress: 1247 / 2008
main.py: Progress: 1248 / 2008
main.py: Progress: 1249 / 2008
main.py: Progress: 1250 / 2008
main.py: Progress: 1251 / 2008
main.py: Progress: 1252 / 2008
main.py: Progress: 1253 / 2008
main.py: Progress: 1254 / 2008
main.py: Progress: 1255 / 2008
main.py: Progress: 1256 / 2008
main.py: Progress: 1257 / 2008
main.py: Progress: 1258 / 2008
main.py: Progress: 1259 / 2008
main.py: Progress: 1260 / 2008
main.py: Progress: 1261 / 2008
main.py: Progress: 1262 / 2008
main.py: Progress: 1263 / 2008
main.py: Progress: 1264 / 2008
main.py: Progress: 1265 / 2008
main.py: Progress: 1266 / 2008
main.py: Progress: 1267 / 2008
main.py: Progress: 1268 / 2008
main.py: Progress: 1269 / 2008
main.py: Progress: 1270 / 2008
main.py: Progress: 1271 / 2008
main.py: Progress: 1272 / 2008
main.py: Progress: 1273 / 2008
main.py: Progress: 1274 / 2008
main.py: Progress: 1275 / 2008
main.py: Progress: 1276 / 2008
main.py: Progress: 1277 / 2008
main.py: Progress: 1278 / 2008
main.py: Progress: 1279 / 2008
main.py: Progress: 1280 / 2008
main.py: Progress: 1281 / 2008
main.py: Progress: 1282 / 2008
main.py: Progress: 1283 / 2008
main.py: Progress: 1284 / 2008
main.py: Progress: 1285 / 2008
main.py: Progress: 1286 / 2008
main.py: Progress: 1287 / 2008
main.py: Progress: 1288 / 2008
main.py: Progress: 1289 / 2008
main.py: Progress: 1290 / 2008
main.py: Progress: 1291 / 2008
main.py: Progress: 1292 / 2008
main.py: Progress: 1293 / 2008
main.py: Progress: 1294 / 2008
main.py: Progress: 1295 / 2008
main.py: Progress: 1296 / 2008
main.py: Progress: 1297 / 2008
main.py: Progress: 1298 / 2008
main.py: Progress: 1299 / 2008
main.py: Progress: 1300 / 2008
main.py: Progress: 1301 / 2008
main.py: Progress: 1302 / 2008
main.py: Progress: 1303 / 2008
main.py: Progress: 1304 / 2008
main.py: Progress: 1305 / 2008
main.py: Progress: 1306 / 2008
main.py: Progress: 1307 / 2008
main.py: Progress: 1308 / 2008
main.py: Progress: 1309 / 2008
main.py: Progress: 1310 / 2008
main.py: Progress: 1311 / 2008
main.py: Progress: 1312 / 2008
main.py: Progress: 1313 / 2008
main.py: Progress: 1314 / 2008
main.py: Progress: 1315 / 2008
main.py: Progress: 1316 / 2008
main.py: Progress: 1317 / 2008
main.py: Progress: 1318 / 2008
main.py: Progress: 1319 / 2008
main.py: Progress: 1320 / 2008
main.py: Progress: 1321 / 2008
main.py: Progress: 1322 / 2008
main.py: Progress: 1323 / 2008
main.py: Progress: 1324 / 2008
main.py: Progress: 1325 / 2008
main.py: Progress: 1326 / 2008
main.py: Progress: 1327 / 2008
main.py: Progress: 1328 / 2008
main.py: Progress: 1329 / 2008
main.py: Progress: 1330 / 2008
main.py: Progress: 1331 / 2008
main.py: Progress: 1332 / 2008
main.py: Progress: 1333 / 2008
main.py: Progress: 1334 / 2008
main.py: Progress: 1335 / 2008
main.py: Progress: 1336 / 2008
main.py: Progress: 1337 / 2008
main.py: Progress: 1338 / 2008
main.py: Progress: 1339 / 2008
main.py: Progress: 1340 / 2008
main.py: Progress: 1341 / 2008
main.py: Progress: 1342 / 2008
main.py: Progress: 1343 / 2008
main.py: Progress: 1344 / 2008
main.py: Progress: 1345 / 2008
main.py: Progress: 1346 / 2008
main.py: Progress: 1347 / 2008
main.py: Progress: 1348 / 2008
main.py: Progress: 1349 / 2008
main.py: Progress: 1350 / 2008
main.py: Progress: 1351 / 2008
main.py: Progress: 1352 / 2008
main.py: Progress: 1353 / 2008
main.py: Progress: 1354 / 2008
main.py: Progress: 1355 / 2008
main.py: Progress: 1356 / 2008
main.py: Progress: 1357 / 2008
main.py: Progress: 1358 / 2008
main.py: Progress: 1359 / 2008
main.py: Progress: 1360 / 2008
main.py: Progress: 1361 / 2008
main.py: Progress: 1362 / 2008
main.py: Progress: 1363 / 2008
main.py: Progress: 1364 / 2008
main.py: Progress: 1365 / 2008
main.py: Progress: 1366 / 2008
main.py: Progress: 1367 / 2008
main.py: Progress: 1368 / 2008
main.py: Progress: 1369 / 2008
main.py: Progress: 1370 / 2008
main.py: Progress: 1371 / 2008
main.py: Progress: 1372 / 2008
main.py: Progress: 1373 / 2008
main.py: Progress: 1374 / 2008
main.py: Progress: 1375 / 2008
main.py: Progress: 1376 / 2008
main.py: Progress: 1377 / 2008
main.py: Progress: 1378 / 2008
main.py: Progress: 1379 / 2008
main.py: Progress: 1380 / 2008
main.py: Progress: 1381 / 2008
main.py: Progress: 1382 / 2008
main.py: Progress: 1383 / 2008
main.py: Progress: 1384 / 2008
main.py: Progress: 1385 / 2008
main.py: Progress: 1386 / 2008
main.py: Progress: 1387 / 2008
main.py: Progress: 1388 / 2008
main.py: Progress: 1389 / 2008
main.py: Progress: 1390 / 2008
main.py: Progress: 1391 / 2008
main.py: Progress: 1392 / 2008
main.py: Progress: 1393 / 2008
main.py: Progress: 1394 / 2008
main.py: Progress: 1395 / 2008
main.py: Progress: 1396 / 2008
main.py: Progress: 1397 / 2008
main.py: Progress: 1398 / 2008
main.py: Progress: 1399 / 2008
main.py: Progress: 1400 / 2008
main.py: Progress: 1401 / 2008
main.py: Progress: 1402 / 2008
main.py: Progress: 1403 / 2008
main.py: Progress: 1404 / 2008
main.py: Progress: 1405 / 2008
main.py: Progress: 1406 / 2008
main.py: Progress: 1407 / 2008
main.py: Progress: 1408 / 2008
main.py: Progress: 1409 / 2008
main.py: Progress: 1410 / 2008
main.py: Progress: 1411 / 2008
main.py: Progress: 1412 / 2008
main.py: Progress: 1413 / 2008
main.py: Progress: 1414 / 2008
main.py: Progress: 1415 / 2008
main.py: Progress: 1416 / 2008
main.py: Progress: 1417 / 2008
main.py: Progress: 1418 / 2008
main.py: Progress: 1419 / 2008
main.py: Progress: 1420 / 2008
main.py: Progress: 1421 / 2008
main.py: Progress: 1422 / 2008
main.py: Progress: 1423 / 2008
main.py: Progress: 1424 / 2008
main.py: Progress: 1425 / 2008
main.py: Progress: 1426 / 2008
main.py: Progress: 1427 / 2008
main.py: Progress: 1428 / 2008
main.py: Progress: 1429 / 2008
main.py: Progress: 1430 / 2008
main.py: Progress: 1431 / 2008
main.py: Progress: 1432 / 2008
main.py: Progress: 1433 / 2008
main.py: Progress: 1434 / 2008
main.py: Progress: 1435 / 2008
main.py: Progress: 1436 / 2008
main.py: Progress: 1437 / 2008
main.py: Progress: 1438 / 2008
main.py: Progress: 1439 / 2008
main.py: Progress: 1440 / 2008
main.py: Progress: 1441 / 2008
main.py: Progress: 1442 / 2008
main.py: Progress: 1443 / 2008
main.py: Progress: 1444 / 2008
main.py: Progress: 1445 / 2008
main.py: Progress: 1446 / 2008
main.py: Progress: 1447 / 2008
main.py: Progress: 1448 / 2008
main.py: Progress: 1449 / 2008
main.py: Progress: 1450 / 2008
main.py: Progress: 1451 / 2008
main.py: Progress: 1452 / 2008
main.py: Progress: 1453 / 2008
main.py: Progress: 1454 / 2008
main.py: Progress: 1455 / 2008
main.py: Progress: 1456 / 2008
main.py: Progress: 1457 / 2008
main.py: Progress: 1458 / 2008
main.py: Progress: 1459 / 2008
main.py: Progress: 1460 / 2008
main.py: Progress: 1461 / 2008
main.py: Progress: 1462 / 2008
main.py: Progress: 1463 / 2008
main.py: Progress: 1464 / 2008
main.py: Progress: 1465 / 2008
main.py: Progress: 1466 / 2008
main.py: Progress: 1467 / 2008
main.py: Progress: 1468 / 2008
main.py: Progress: 1469 / 2008
main.py: Progress: 1470 / 2008
main.py: Progress: 1471 / 2008
main.py: Progress: 1472 / 2008
main.py: Progress: 1473 / 2008
main.py: Progress: 1474 / 2008
main.py: Progress: 1475 / 2008
main.py: Progress: 1476 / 2008
main.py: Progress: 1477 / 2008
main.py: Progress: 1478 / 2008
main.py: Progress: 1479 / 2008
main.py: Progress: 1480 / 2008
main.py: Progress: 1481 / 2008
main.py: Progress: 1482 / 2008
main.py: Progress: 1483 / 2008
main.py: Progress: 1484 / 2008
main.py: Progress: 1485 / 2008
main.py: Progress: 1486 / 2008
main.py: Progress: 1487 / 2008
main.py: Progress: 1488 / 2008
main.py: Progress: 1489 / 2008
main.py: Progress: 1490 / 2008
main.py: Progress: 1491 / 2008
main.py: Progress: 1492 / 2008
main.py: Progress: 1493 / 2008
main.py: Progress: 1494 / 2008
main.py: Progress: 1495 / 2008
main.py: Progress: 1496 / 2008
main.py: Progress: 1497 / 2008
main.py: Progress: 1498 / 2008
main.py: Progress: 1499 / 2008
main.py: Progress: 1500 / 2008
main.py: Progress: 1501 / 2008
main.py: Progress: 1502 / 2008
main.py: Progress: 1503 / 2008
main.py: Progress: 1504 / 2008
main.py: Progress: 1505 / 2008
main.py: Progress: 1506 / 2008
main.py: Progress: 1507 / 2008
main.py: Progress: 1508 / 2008
main.py: Progress: 1509 / 2008
main.py: Progress: 1510 / 2008
main.py: Progress: 1511 / 2008
main.py: Progress: 1512 / 2008
main.py: Progress: 1513 / 2008
main.py: Progress: 1514 / 2008
main.py: Progress: 1515 / 2008
main.py: Progress: 1516 / 2008
main.py: Progress: 1517 / 2008
main.py: Progress: 1518 / 2008
main.py: Progress: 1519 / 2008
main.py: Progress: 1520 / 2008
main.py: Progress: 1521 / 2008
main.py: Progress: 1522 / 2008
main.py: Progress: 1523 / 2008
main.py: Progress: 1524 / 2008
main.py: Progress: 1525 / 2008
main.py: Progress: 1526 / 2008
main.py: Progress: 1527 / 2008
main.py: Progress: 1528 / 2008
main.py: Progress: 1529 / 2008
main.py: Progress: 1530 / 2008
main.py: Progress: 1531 / 2008
main.py: Progress: 1532 / 2008
main.py: Progress: 1533 / 2008
main.py: Progress: 1534 / 2008
main.py: Progress: 1535 / 2008
main.py: Progress: 1536 / 2008
main.py: Progress: 1537 / 2008
main.py: Progress: 1538 / 2008
main.py: Progress: 1539 / 2008
main.py: Progress: 1540 / 2008
main.py: Progress: 1541 / 2008
main.py: Progress: 1542 / 2008
main.py: Progress: 1543 / 2008
main.py: Progress: 1544 / 2008
main.py: Progress: 1545 / 2008
main.py: Progress: 1546 / 2008
main.py: Progress: 1547 / 2008
main.py: Progress: 1548 / 2008
main.py: Progress: 1549 / 2008
main.py: Progress: 1550 / 2008
main.py: Progress: 1551 / 2008
main.py: Progress: 1552 / 2008
main.py: Progress: 1553 / 2008
main.py: Progress: 1554 / 2008
main.py: Progress: 1555 / 2008
main.py: Progress: 1556 / 2008
main.py: Progress: 1557 / 2008
main.py: Progress: 1558 / 2008
main.py: Progress: 1559 / 2008
main.py: Progress: 1560 / 2008
main.py: Progress: 1561 / 2008
main.py: Progress: 1562 / 2008
main.py: Progress: 1563 / 2008
main.py: Progress: 1564 / 2008
main.py: Progress: 1565 / 2008
main.py: Progress: 1566 / 2008
main.py: Progress: 1567 / 2008
main.py: Progress: 1568 / 2008
main.py: Progress: 1569 / 2008
main.py: Progress: 1570 / 2008
main.py: Progress: 1571 / 2008
main.py: Progress: 1572 / 2008
main.py: Progress: 1573 / 2008
main.py: Progress: 1574 / 2008
main.py: Progress: 1575 / 2008
main.py: Progress: 1576 / 2008
main.py: Progress: 1577 / 2008
main.py: Progress: 1578 / 2008
main.py: Progress: 1579 / 2008
main.py: Progress: 1580 / 2008
main.py: Progress: 1581 / 2008
main.py: Progress: 1582 / 2008
main.py: Progress: 1583 / 2008
main.py: Progress: 1584 / 2008
main.py: Progress: 1585 / 2008
main.py: Progress: 1586 / 2008
main.py: Progress: 1587 / 2008
main.py: Progress: 1588 / 2008
main.py: Progress: 1589 / 2008
main.py: Progress: 1590 / 2008
main.py: Progress: 1591 / 2008
main.py: Progress: 1592 / 2008
main.py: Progress: 1593 / 2008
main.py: Progress: 1594 / 2008
main.py: Progress: 1595 / 2008
main.py: Progress: 1596 / 2008
main.py: Progress: 1597 / 2008
main.py: Progress: 1598 / 2008
main.py: Progress: 1599 / 2008
main.py: Progress: 1600 / 2008
main.py: Progress: 1601 / 2008
main.py: Progress: 1602 / 2008
main.py: Progress: 1603 / 2008
main.py: Progress: 1604 / 2008
main.py: Progress: 1605 / 2008
main.py: Progress: 1606 / 2008
main.py: Progress: 1607 / 2008
main.py: Progress: 1608 / 2008
main.py: Progress: 1609 / 2008
main.py: Progress: 1610 / 2008
main.py: Progress: 1611 / 2008
main.py: Progress: 1612 / 2008
main.py: Progress: 1613 / 2008
main.py: Progress: 1614 / 2008
main.py: Progress: 1615 / 2008
main.py: Progress: 1616 / 2008
main.py: Progress: 1617 / 2008
main.py: Progress: 1618 / 2008
main.py: Progress: 1619 / 2008
main.py: Progress: 1620 / 2008
main.py: Progress: 1621 / 2008
main.py: Progress: 1622 / 2008
main.py: Progress: 1623 / 2008
main.py: Progress: 1624 / 2008
main.py: Progress: 1625 / 2008
main.py: Progress: 1626 / 2008
main.py: Progress: 1627 / 2008
main.py: Progress: 1628 / 2008
main.py: Progress: 1629 / 2008
main.py: Progress: 1630 / 2008
main.py: Progress: 1631 / 2008
main.py: Progress: 1632 / 2008
main.py: Progress: 1633 / 2008
main.py: Progress: 1634 / 2008
main.py: Progress: 1635 / 2008
main.py: Progress: 1636 / 2008
main.py: Progress: 1637 / 2008
main.py: Progress: 1638 / 2008
main.py: Progress: 1639 / 2008
main.py: Progress: 1640 / 2008
main.py: Progress: 1641 / 2008
main.py: Progress: 1642 / 2008
main.py: Progress: 1643 / 2008
main.py: Progress: 1644 / 2008
main.py: Progress: 1645 / 2008
main.py: Progress: 1646 / 2008
main.py: Progress: 1647 / 2008
main.py: Progress: 1648 / 2008
main.py: Progress: 1649 / 2008
main.py: Progress: 1650 / 2008
main.py: Progress: 1651 / 2008
main.py: Progress: 1652 / 2008
main.py: Progress: 1653 / 2008
main.py: Progress: 1654 / 2008
main.py: Progress: 1655 / 2008
main.py: Progress: 1656 / 2008
main.py: Progress: 1657 / 2008
main.py: Progress: 1658 / 2008
main.py: Progress: 1659 / 2008
main.py: Progress: 1660 / 2008
main.py: Progress: 1661 / 2008
main.py: Progress: 1662 / 2008
main.py: Progress: 1663 / 2008
main.py: Progress: 1664 / 2008
main.py: Progress: 1665 / 2008
main.py: Progress: 1666 / 2008
main.py: Progress: 1667 / 2008
main.py: Progress: 1668 / 2008
main.py: Progress: 1669 / 2008
main.py: Progress: 1670 / 2008
main.py: Progress: 1671 / 2008
main.py: Progress: 1672 / 2008
main.py: Progress: 1673 / 2008
main.py: Progress: 1674 / 2008
main.py: Progress: 1675 / 2008
main.py: Progress: 1676 / 2008
main.py: Progress: 1677 / 2008
main.py: Progress: 1678 / 2008
main.py: Progress: 1679 / 2008
main.py: Progress: 1680 / 2008
main.py: Progress: 1681 / 2008
main.py: Progress: 1682 / 2008
main.py: Progress: 1683 / 2008
main.py: Progress: 1684 / 2008
main.py: Progress: 1685 / 2008
main.py: Progress: 1686 / 2008
main.py: Progress: 1687 / 2008
main.py: Progress: 1688 / 2008
main.py: Progress: 1689 / 2008
main.py: Progress: 1690 / 2008
main.py: Progress: 1691 / 2008
main.py: Progress: 1692 / 2008
main.py: Progress: 1693 / 2008
main.py: Progress: 1694 / 2008
main.py: Progress: 1695 / 2008
main.py: Progress: 1696 / 2008
main.py: Progress: 1697 / 2008
main.py: Progress: 1698 / 2008
main.py: Progress: 1699 / 2008
main.py: Progress: 1700 / 2008
main.py: Progress: 1701 / 2008
main.py: Progress: 1702 / 2008
main.py: Progress: 1703 / 2008
main.py: Progress: 1704 / 2008
main.py: Progress: 1705 / 2008
main.py: Progress: 1706 / 2008
main.py: Progress: 1707 / 2008
main.py: Progress: 1708 / 2008
main.py: Progress: 1709 / 2008
main.py: Progress: 1710 / 2008
main.py: Progress: 1711 / 2008
main.py: Progress: 1712 / 2008
main.py: Progress: 1713 / 2008
main.py: Progress: 1714 / 2008
main.py: Progress: 1715 / 2008
main.py: Progress: 1716 / 2008
main.py: Progress: 1717 / 2008
main.py: Progress: 1718 / 2008
main.py: Progress: 1719 / 2008
main.py: Progress: 1720 / 2008
main.py: Progress: 1721 / 2008
main.py: Progress: 1722 / 2008
main.py: Progress: 1723 / 2008
main.py: Progress: 1724 / 2008
main.py: Progress: 1725 / 2008
main.py: Progress: 1726 / 2008
main.py: Progress: 1727 / 2008
main.py: Progress: 1728 / 2008
main.py: Progress: 1729 / 2008
main.py: Progress: 1730 / 2008
main.py: Progress: 1731 / 2008
main.py: Progress: 1732 / 2008
main.py: Progress: 1733 / 2008
main.py: Progress: 1734 / 2008
main.py: Progress: 1735 / 2008
main.py: Progress: 1736 / 2008
main.py: Progress: 1737 / 2008
main.py: Progress: 1738 / 2008
main.py: Progress: 1739 / 2008
main.py: Progress: 1740 / 2008
main.py: Progress: 1741 / 2008
main.py: Progress: 1742 / 2008
main.py: Progress: 1743 / 2008
main.py: Progress: 1744 / 2008
main.py: Progress: 1745 / 2008
main.py: Progress: 1746 / 2008
main.py: Progress: 1747 / 2008
main.py: Progress: 1748 / 2008
main.py: Progress: 1749 / 2008
main.py: Progress: 1750 / 2008
main.py: Progress: 1751 / 2008
main.py: Progress: 1752 / 2008
main.py: Progress: 1753 / 2008
main.py: Progress: 1754 / 2008
main.py: Progress: 1755 / 2008
main.py: Progress: 1756 / 2008
main.py: Progress: 1757 / 2008
main.py: Progress: 1758 / 2008
main.py: Progress: 1759 / 2008
main.py: Progress: 1760 / 2008
main.py: Progress: 1761 / 2008
main.py: Progress: 1762 / 2008
main.py: Progress: 1763 / 2008
main.py: Progress: 1764 / 2008
main.py: Progress: 1765 / 2008
main.py: Progress: 1766 / 2008
main.py: Progress: 1767 / 2008
main.py: Progress: 1768 / 2008
main.py: Progress: 1769 / 2008
main.py: Progress: 1770 / 2008
main.py: Progress: 1771 / 2008
main.py: Progress: 1772 / 2008
main.py: Progress: 1773 / 2008
main.py: Progress: 1774 / 2008
main.py: Progress: 1775 / 2008
main.py: Progress: 1776 / 2008
main.py: Progress: 1777 / 2008
main.py: Progress: 1778 / 2008
main.py: Progress: 1779 / 2008
main.py: Progress: 1780 / 2008
main.py: Progress: 1781 / 2008
main.py: Progress: 1782 / 2008
main.py: Progress: 1783 / 2008
main.py: Progress: 1784 / 2008
main.py: Progress: 1785 / 2008
main.py: Progress: 1786 / 2008
main.py: Progress: 1787 / 2008
main.py: Progress: 1788 / 2008
main.py: Progress: 1789 / 2008
main.py: Progress: 1790 / 2008
main.py: Progress: 1791 / 2008
main.py: Progress: 1792 / 2008
main.py: Progress: 1793 / 2008
main.py: Progress: 1794 / 2008
main.py: Progress: 1795 / 2008
main.py: Progress: 1796 / 2008
main.py: Progress: 1797 / 2008
main.py: Progress: 1798 / 2008
main.py: Progress: 1799 / 2008
main.py: Progress: 1800 / 2008
main.py: Progress: 1801 / 2008
main.py: Progress: 1802 / 2008
main.py: Progress: 1803 / 2008
main.py: Progress: 1804 / 2008
main.py: Progress: 1805 / 2008
main.py: Progress: 1806 / 2008
main.py: Progress: 1807 / 2008
main.py: Progress: 1808 / 2008
main.py: Progress: 1809 / 2008
main.py: Progress: 1810 / 2008
main.py: Progress: 1811 / 2008
main.py: Progress: 1812 / 2008
main.py: Progress: 1813 / 2008
main.py: Progress: 1814 / 2008
main.py: Progress: 1815 / 2008
main.py: Progress: 1816 / 2008
main.py: Progress: 1817 / 2008
main.py: Progress: 1818 / 2008
main.py: Progress: 1819 / 2008
main.py: Progress: 1820 / 2008
main.py: Progress: 1821 / 2008
main.py: Progress: 1822 / 2008
main.py: Progress: 1823 / 2008
main.py: Progress: 1824 / 2008
main.py: Progress: 1825 / 2008
main.py: Progress: 1826 / 2008
main.py: Progress: 1827 / 2008
main.py: Progress: 1828 / 2008
main.py: Progress: 1829 / 2008
main.py: Progress: 1830 / 2008
main.py: Progress: 1831 / 2008
main.py: Progress: 1832 / 2008
main.py: Progress: 1833 / 2008
main.py: Progress: 1834 / 2008
main.py: Progress: 1835 / 2008
main.py: Progress: 1836 / 2008
main.py: Progress: 1837 / 2008
main.py: Progress: 1838 / 2008
main.py: Progress: 1839 / 2008
main.py: Progress: 1840 / 2008
main.py: Progress: 1841 / 2008
main.py: Progress: 1842 / 2008
main.py: Progress: 1843 / 2008
main.py: Progress: 1844 / 2008
main.py: Progress: 1845 / 2008
main.py: Progress: 1846 / 2008
main.py: Progress: 1847 / 2008
main.py: Progress: 1848 / 2008
main.py: Progress: 1849 / 2008
main.py: Progress: 1850 / 2008
main.py: Progress: 1851 / 2008
main.py: Progress: 1852 / 2008
main.py: Progress: 1853 / 2008
main.py: Progress: 1854 / 2008
main.py: Progress: 1855 / 2008
main.py: Progress: 1856 / 2008
main.py: Progress: 1857 / 2008
main.py: Progress: 1858 / 2008
main.py: Progress: 1859 / 2008
main.py: Progress: 1860 / 2008
main.py: Progress: 1861 / 2008
main.py: Progress: 1862 / 2008
main.py: Progress: 1863 / 2008
main.py: Progress: 1864 / 2008
main.py: Progress: 1865 / 2008
main.py: Progress: 1866 / 2008
main.py: Progress: 1867 / 2008
main.py: Progress: 1868 / 2008
main.py: Progress: 1869 / 2008
main.py: Progress: 1870 / 2008
main.py: Progress: 1871 / 2008
main.py: Progress: 1872 / 2008
main.py: Progress: 1873 / 2008
main.py: Progress: 1874 / 2008
main.py: Progress: 1875 / 2008
main.py: Progress: 1876 / 2008
main.py: Progress: 1877 / 2008
main.py: Progress: 1878 / 2008
main.py: Progress: 1879 / 2008
main.py: Progress: 1880 / 2008
main.py: Progress: 1881 / 2008
main.py: Progress: 1882 / 2008
main.py: Progress: 1883 / 2008
main.py: Progress: 1884 / 2008
main.py: Progress: 1885 / 2008
main.py: Progress: 1886 / 2008
main.py: Progress: 1887 / 2008
main.py: Progress: 1888 / 2008
main.py: Progress: 1889 / 2008
main.py: Progress: 1890 / 2008
main.py: Progress: 1891 / 2008
main.py: Progress: 1892 / 2008
main.py: Progress: 1893 / 2008
main.py: Progress: 1894 / 2008
main.py: Progress: 1895 / 2008
main.py: Progress: 1896 / 2008
main.py: Progress: 1897 / 2008
main.py: Progress: 1898 / 2008
main.py: Progress: 1899 / 2008
main.py: Progress: 1900 / 2008
main.py: Progress: 1901 / 2008
main.py: Progress: 1902 / 2008
main.py: Progress: 1903 / 2008
main.py: Progress: 1904 / 2008
main.py: Progress: 1905 / 2008
main.py: Progress: 1906 / 2008
main.py: Progress: 1907 / 2008
main.py: Progress: 1908 / 2008
main.py: Progress: 1909 / 2008
main.py: Progress: 1910 / 2008
main.py: Progress: 1911 / 2008
main.py: Progress: 1912 / 2008
main.py: Progress: 1913 / 2008
main.py: Progress: 1914 / 2008
main.py: Progress: 1915 / 2008
main.py: Progress: 1916 / 2008
main.py: Progress: 1917 / 2008
main.py: Progress: 1918 / 2008
main.py: Progress: 1919 / 2008
main.py: Progress: 1920 / 2008
main.py: Progress: 1921 / 2008
main.py: Progress: 1922 / 2008
main.py: Progress: 1923 / 2008
main.py: Progress: 1924 / 2008
main.py: Progress: 1925 / 2008
main.py: Progress: 1926 / 2008
main.py: Progress: 1927 / 2008
main.py: Progress: 1928 / 2008
main.py: Progress: 1929 / 2008
main.py: Progress: 1930 / 2008
main.py: Progress: 1931 / 2008
main.py: Progress: 1932 / 2008
main.py: Progress: 1933 / 2008
main.py: Progress: 1934 / 2008
main.py: Progress: 1935 / 2008
main.py: Progress: 1936 / 2008
main.py: Progress: 1937 / 2008
main.py: Progress: 1938 / 2008
main.py: Progress: 1939 / 2008
main.py: Progress: 1940 / 2008
main.py: Progress: 1941 / 2008
main.py: Progress: 1942 / 2008
main.py: Progress: 1943 / 2008
main.py: Progress: 1944 / 2008
main.py: Progress: 1945 / 2008
main.py: Progress: 1946 / 2008
main.py: Progress: 1947 / 2008
main.py: Progress: 1948 / 2008
main.py: Progress: 1949 / 2008
main.py: Progress: 1950 / 2008
main.py: Progress: 1951 / 2008
main.py: Progress: 1952 / 2008
main.py: Progress: 1953 / 2008
main.py: Progress: 1954 / 2008
main.py: Progress: 1955 / 2008
main.py: Progress: 1956 / 2008
main.py: Progress: 1957 / 2008
main.py: Progress: 1958 / 2008
main.py: Progress: 1959 / 2008
main.py: Progress: 1960 / 2008
main.py: Progress: 1961 / 2008
main.py: Progress: 1962 / 2008
main.py: Progress: 1963 / 2008
main.py: Progress: 1964 / 2008
main.py: Progress: 1965 / 2008
main.py: Progress: 1966 / 2008
main.py: Progress: 1967 / 2008
main.py: Progress: 1968 / 2008
main.py: Progress: 1969 / 2008
main.py: Progress: 1970 / 2008
main.py: Progress: 1971 / 2008
main.py: Progress: 1972 / 2008
main.py: Progress: 1973 / 2008
main.py: Progress: 1974 / 2008
main.py: Progress: 1975 / 2008
main.py: Progress: 1976 / 2008
main.py: Progress: 1977 / 2008
main.py: Progress: 1978 / 2008
main.py: Progress: 1979 / 2008
main.py: Progress: 1980 / 2008
main.py: Progress: 1981 / 2008
main.py: Progress: 1982 / 2008
main.py: Progress: 1983 / 2008
main.py: Progress: 1984 / 2008
main.py: Progress: 1985 / 2008
main.py: Progress: 1986 / 2008
main.py: Progress: 1987 / 2008
main.py: Progress: 1988 / 2008
main.py: Progress: 1989 / 2008
main.py: Progress: 1990 / 2008
main.py: Progress: 1991 / 2008
main.py: Progress: 1992 / 2008
main.py: Progress: 1993 / 2008
main.py: Progress: 1994 / 2008
main.py: Progress: 1995 / 2008
main.py: Progress: 1996 / 2008
main.py: Progress: 1997 / 2008
main.py: Progress: 1998 / 2008
main.py: Progress: 1999 / 2008
time 2000 ( all targets found and t>1000s) and set up src_dst pairs = [([0, 6], [4000, 6000])]
Route initialization:  {0: {'Route': [0, 6], 'MCS_Index': [1], 'Priority': 1, 'ValidRoute': False, 'HQRoute': False, 'RouteNodeDensity': [None, None], 'InterferingLinks': 0, 'Target': [4000, 6000]}}
node.py: Inside packet generation function at node: Node0. Curr time: 2000.000000, Packet inter arrival time: 0.010869
Path | HC | IL | Max Data Rate Supported | HQ Path | Tangled Path | Cost
------------------------------
[0, 1, 5] | 2 | 4 | 11 | True | False | 1.7692307692307692
[0, 2, 5] | 2 | 4 | 22 | True | False | 0.8846153846153846
[0, 3, 5] | 2 | 4 | 22 | True | False | 0.8846153846153846
[0, 4, 5] | 2 | 4 | 11 | True | False | 1.7692307692307692
Found Route:
 {'Path': [0, 2, 5], 'HC': 2, 'IL': 4, 'Max Data Rate Supported': 22, 'HQ Path': np.True_, 'Tangled Path': False, 'Cost': 0.8846153846153846}
Called Update: UpdateRouteCalls = 0, force = True
!! UPDATING !!
routeNo, updatedMCSIndex =  0 [1, 1]

rf.py: Time: 2000 Route details: {0: {'Route': [0, 2, 5], 'MCS_Index': [1, 1], 'Priority': 1, 'ValidRoute': True, 'HQRoute': np.True_, 'RouteNodeDensity': [3, 3, 4], 'InterferingLinks': 4, 'Target': [4000, 6000]}}
main.py: Progress: 2000 / 2008
main.py: Progress: 2001 / 2008
Called Update: UpdateRouteCalls = 0, force = True
!! UPDATING !!
routeNo, updatedMCSIndex =  0 [1, 1]

rf.py: Time: 2001 Route details: {0: {'Route': [0, 2, 5], 'MCS_Index': [1, 1], 'Priority': 1, 'ValidRoute': True, 'HQRoute': True, 'RouteNodeDensity': [3, 3, 4], 'InterferingLinks': 4, 'Target': [4000, 6000]}}
main.py: Progress: 2002 / 2008
Called Update: UpdateRouteCalls = 0, force = True
!! UPDATING !!
routeNo, updatedMCSIndex =  0 [1, 1]

rf.py: Time: 2002 Route details: {0: {'Route': [0, 2, 5], 'MCS_Index': [1, 1], 'Priority': 1, 'ValidRoute': True, 'HQRoute': True, 'RouteNodeDensity': [3, 3, 4], 'InterferingLinks': 4, 'Target': [4000, 6000]}}
main.py: Progress: 2003 / 2008
Called Update: UpdateRouteCalls = 0, force = True
!! UPDATING !!
routeNo, updatedMCSIndex =  0 [1, 1]

rf.py: Time: 2003 Route details: {0: {'Route': [0, 2, 5], 'MCS_Index': [1, 1], 'Priority': 1, 'ValidRoute': True, 'HQRoute': True, 'RouteNodeDensity': [3, 3, 4], 'InterferingLinks': 4, 'Target': [4000, 6000]}}
main.py: Progress: 2004 / 2008
Called Update: UpdateRouteCalls = 0, force = True
!! UPDATING !!
routeNo, updatedMCSIndex =  0 [1, 1]

rf.py: Time: 2004 Route details: {0: {'Route': [0, 2, 5], 'MCS_Index': [1, 1], 'Priority': 1, 'ValidRoute': True, 'HQRoute': True, 'RouteNodeDensity': [3, 3, 4], 'InterferingLinks': 4, 'Target': [4000, 6000]}}
node.py: Packet generation complete at node: Node0.
main.py: Progress: 2005 / 2008
Called Update: UpdateRouteCalls = 0, force = True
!! UPDATING !!
routeNo, updatedMCSIndex =  0 [1, 1]

rf.py: Time: 2005 Route details: {0: {'Route': [0, 2, 5], 'MCS_Index': [1, 1], 'Priority': 1, 'ValidRoute': True, 'HQRoute': True, 'RouteNodeDensity': [3, 3, 4], 'InterferingLinks': 4, 'Target': [4000, 6000]}}
main.py: Progress: 2006 / 2008
Called Update: UpdateRouteCalls = 0, force = True
!! UPDATING !!
routeNo, updatedMCSIndex =  0 [1, 1]

rf.py: Time: 2006 Route details: {0: {'Route': [0, 2, 5], 'MCS_Index': [1, 1], 'Priority': 1, 'ValidRoute': True, 'HQRoute': True, 'RouteNodeDensity': [3, 3, 4], 'InterferingLinks': 4, 'Target': [4000, 6000]}}
main.py: Progress: 2007 / 2008
Called Update: UpdateRouteCalls = 0, force = True
!! UPDATING !!
routeNo, updatedMCSIndex =  0 [1, 1]

rf.py: Time: 2007 Route details: {0: {'Route': [0, 2, 5], 'MCS_Index': [1, 1], 'Priority': 1, 'ValidRoute': True, 'HQRoute': True, 'RouteNodeDensity': [3, 3, 4], 'InterferingLinks': 4, 'Target': [4000, 6000]}}

Total number of generated packets: 736
Total number of delivered packets: 736 # Use all_stats.csv to check PDR
Average number of packets genetated every second: 92.0
Average number of packets delivered every second: 92.0
Standard deviation of packets genetated every second: 91.50409826887537
Standard deviation of packets delivered every second: 91.50409826887537
Average number of packets genetated every millisecond: 0.092
Average number of packets delivered every millisecond: 0.092
Standard deviation of packets genetated every millisecond: 0.289025950392002
Standard deviation of packets delivered every millisecond: 0.289025950392002
Average delay: 0.9242694999990383
Standard deviation of delay: 0.0008334999985653832
Minimum delay: 0.9234359997790307
Maximum delay: 0.925103000132367
Total number of retransmissions: 0
Node0
Avg Received Power: 1.02e-13, Node2: [Avg:2.36e-12, Max:3.03e-12, Min:2.36e-12], 
Avg INTF: 2.36e-12, Node2: [Avg:2.36e-12, Max:3.03e-12, Min:2.36e-12], 
Self Tx power: RTS: (Avg: 0.0307, Min: 0.0307, Max: 0.0307), CTS: (Avg: 0.0307, Min: 0.0307, Max: 0.0307), ACK: (Avg: nan, Min: inf, Max: -inf), Data: (Avg: 0.0106, Min: 0.0106, Max: 0.0106)
CTS retry: 0, ACK retry: 0, # Receiver Drops: 0, # Pkts Receiver Drops: 0, # Sent ACKs: 0, # Pkts ACK sent for: 0, # Retransmissions: 0, # Pkts Retransmitted: 0, # Receptions: 0, # Pkts Received: 0, # Forwards: 368, # Pkts Forwarded: 368

Node1
Avg Received Power: 5.91e-13, Node0: [Avg:4.22e-12, Max:1.21e-11, Min:4.20e-12], Node2: [Avg:9.45e-12, Max:1.21e-11, Min:9.44e-12], 
Avg INTF: 6.83e-12, Node0: [Avg:4.22e-12, Max:1.21e-11, Min:4.20e-12], Node2: [Avg:9.45e-12, Max:1.21e-11, Min:9.44e-12], 
Self Tx power: RTS: (Avg: nan, Min: inf, Max: -inf), CTS: (Avg: nan, Min: inf, Max: -inf), ACK: (Avg: nan, Min: inf, Max: -inf), Data: (Avg: nan, Min: inf, Max: -inf)
CTS retry: 0, ACK retry: 0, # Receiver Drops: 0, # Pkts Receiver Drops: 0, # Sent ACKs: 0, # Pkts ACK sent for: 0, # Retransmissions: 0, # Pkts Retransmitted: 0, # Receptions: 0, # Pkts Received: 0, # Forwards: 0, # Pkts Forwarded: 0

Node2
Avg Received Power: 4.56e-14, Node0: [Avg:1.05e-12, Max:3.03e-12, Min:1.05e-12], 
Avg INTF: nan, 
Self Tx power: RTS: (Avg: 0.0307, Min: 0.0307, Max: 0.0307), CTS: (Avg: 0.0307, Min: 0.0307, Max: 0.0307), ACK: (Avg: 0.0307, Min: 0.0307, Max: 0.0307), Data: (Avg: 0.0239, Min: 0.0239, Max: 0.0239)
CTS retry: 0, ACK retry: 0, # Receiver Drops: 0, # Pkts Receiver Drops: 0, # Sent ACKs: 368, # Pkts ACK sent for: 368, # Retransmissions: 0, # Pkts Retransmitted: 0, # Receptions: 368, # Pkts Received: 368, # Forwards: 368, # Pkts Forwarded: 368

Node3
Avg Received Power: 4.29e-13, Node0: [Avg:4.69e-13, Max:1.35e-12, Min:4.66e-13], Node2: [Avg:9.45e-12, Max:1.21e-11, Min:9.44e-12], 
Avg INTF: 4.96e-12, Node0: [Avg:4.69e-13, Max:1.35e-12, Min:4.66e-13], Node2: [Avg:9.45e-12, Max:1.21e-11, Min:9.44e-12], 
Self Tx power: RTS: (Avg: nan, Min: inf, Max: -inf), CTS: (Avg: nan, Min: inf, Max: -inf), ACK: (Avg: nan, Min: inf, Max: -inf), Data: (Avg: nan, Min: inf, Max: -inf)
CTS retry: 0, ACK retry: 0, # Receiver Drops: 0, # Pkts Receiver Drops: 0, # Sent ACKs: 0, # Pkts ACK sent for: 0, # Retransmissions: 0, # Pkts Retransmitted: 0, # Receptions: 0, # Pkts Received: 0, # Forwards: 0, # Pkts Forwarded: 0

Node4
Avg Received Power: 1.14e-13, Node0: [Avg:2.64e-13, Max:7.57e-13, Min:2.62e-13], Node2: [Avg:2.36e-12, Max:3.03e-12, Min:2.36e-12], 
Avg INTF: 1.31e-12, Node0: [Avg:2.64e-13, Max:7.57e-13, Min:2.62e-13], Node2: [Avg:2.36e-12, Max:3.03e-12, Min:2.36e-12], 
Self Tx power: RTS: (Avg: nan, Min: inf, Max: -inf), CTS: (Avg: nan, Min: inf, Max: -inf), ACK: (Avg: nan, Min: inf, Max: -inf), Data: (Avg: nan, Min: inf, Max: -inf)
CTS retry: 0, ACK retry: 0, # Receiver Drops: 0, # Pkts Receiver Drops: 0, # Sent ACKs: 0, # Pkts ACK sent for: 0, # Retransmissions: 0, # Pkts Retransmitted: 0, # Receptions: 0, # Pkts Received: 0, # Forwards: 0, # Pkts Forwarded: 0

Node5
Avg Received Power: 5.27e-14, Node0: [Avg:1.69e-13, Max:4.85e-13, Min:1.68e-13], Node2: [Avg:1.05e-12, Max:1.35e-12, Min:1.05e-12], 
Avg INTF: 1.69e-13, Node0: [Avg:1.69e-13, Max:4.85e-13, Min:1.68e-13], 
Self Tx power: RTS: (Avg: nan, Min: inf, Max: -inf), CTS: (Avg: nan, Min: inf, Max: -inf), ACK: (Avg: 0.0307, Min: 0.0307, Max: 0.0307), Data: (Avg: nan, Min: inf, Max: -inf)
CTS retry: 0, ACK retry: 0, # Receiver Drops: 0, # Pkts Receiver Drops: 0, # Sent ACKs: 368, # Pkts ACK sent for: 368, # Retransmissions: 0, # Pkts Retransmitted: 0, # Receptions: 368, # Pkts Received: 368, # Forwards: 0, # Pkts Forwarded: 0

Node6
Avg Received Power: 2.55e-15, Node0: [Avg:2.03e-14, Max:5.83e-14, Min:2.02e-14], Node2: [Avg:3.87e-14, Max:4.97e-14, Min:3.87e-14], 
Avg INTF: 2.95e-14, Node0: [Avg:2.03e-14, Max:5.83e-14, Min:2.02e-14], Node2: [Avg:3.87e-14, Max:4.97e-14, Min:3.87e-14], 
Self Tx power: RTS: (Avg: nan, Min: inf, Max: -inf), CTS: (Avg: nan, Min: inf, Max: -inf), ACK: (Avg: nan, Min: inf, Max: -inf), Data: (Avg: nan, Min: inf, Max: -inf)
CTS retry: 0, ACK retry: 0, # Receiver Drops: 0, # Pkts Receiver Drops: 0, # Sent ACKs: 0, # Pkts ACK sent for: 0, # Retransmissions: 0, # Pkts Retransmitted: 0, # Receptions: 0, # Pkts Received: 0, # Forwards: 0, # Pkts Forwarded: 0

