Rows with invalid delay (0 or inf):
                            Pkt ID  ... Data Rate at Flow Src (in Mbps)
0   2000004100595_Node0_Node4_Zero  ...                              22
1   2000008196266_Node0_Node4_Zero  ...                              22
2   2000012293491_Node0_Node4_Zero  ...                              22
3   2000016387839_Node0_Node4_Zero  ...                              22
4   2000020484530_Node0_Node4_Zero  ...                              22
5   2000024586262_Node0_Node4_Zero  ...                              22
6   2000028687000_Node0_Node4_Zero  ...                              22
79  2000327864783_Node0_Node4_Zero  ...                              22
80  2000331959543_Node0_Node4_Zero  ...                              22

[9 rows x 14 columns]
Parent directory is not in 'WARx' format.
DEBUG Flow file=Flow_Node0-Node5.csv, Extracted src=0, dst=5
DEBUG Route dict candidate=[0, 5]
Unique nodes participated for this flow: [0, 1, 2, 3, 4]
node 0 total drops: 0 drop_expiry 0 0 drop_q_mngmnt 0 0 drop_retry 0 0 drop_overflow 0 0 drop_no_route 0 0
node 1 total drops: 0 drop_expiry 0 0 drop_q_mngmnt 0 0 drop_retry 0 0 drop_overflow 0 0 drop_no_route 0 0
node 2 total drops: 0 drop_expiry 0 0 drop_q_mngmnt 0 0 drop_retry 0 0 drop_overflow 0 0 drop_no_route 0 0
node 3 total drops: 0 drop_expiry 0 0 drop_q_mngmnt 0 0 drop_retry 0 0 drop_overflow 0 0 drop_no_route 0 0
node 4 total drops: 0 drop_expiry 0 0 drop_q_mngmnt 0 0 drop_retry 0 0 drop_overflow 0 0 drop_no_route 0 0
                                                                                               File Path Run No Packets Generated Packets Received       PDR Avg Delay #Retransmissions #Forwards Avg Route Length %Route Uptime %HQ Route Uptime Route Switches Packet Drop (Expiry) Packet Drop (Queue Management) Packet Drop (Retry) Packet Drop (Overflow) Packet Drop (No Route) Packet Reinserted (TCP)          Flow_ID
C:\Users\Ameliyn\MCA_Routing_BSCAP\Results_Multi_N100\daisy_chain_medium_1000_4-0_1\Flow_Node0-Node5.csv      1             24401            24082  0.986927  1.314789            26836     96340              4.0           1.0              1.0              0                    0                              0                   0                      0                      0                       0 Flow_Node0-Node5
                                                                                                    Mean                  24401.0          24082.0  0.986927  1.314789          26836.0   96340.0              4.0           1.0              1.0            0.0                                                                                                                                                               
                                                                                                  Median                  24401.0          24082.0  0.986927  1.314789          26836.0   96340.0              4.0           1.0              1.0            0.0                                                                                                                                                               
                                                                                            95% CI Lower                      NaN              NaN       NaN       NaN              NaN       NaN              NaN           NaN              NaN            NaN                                                                                                                                                               
                                                                                            95% CI Upper                      NaN              NaN       NaN       NaN              NaN       NaN              NaN           NaN              NaN            NaN                                                                                                                                                               
Instantaneous PDR data saved to C:\Users\Ameliyn\MCA_Routing_BSCAP\Results_Multi_N100\daisy_chain_medium_1000_4-0_1\instantaneous_pdr.csv

=== Flow-level Summary (All Metrics) ===
Empty DataFrame
Columns: [Pkt ID, Route, Generation Time (in s), First Tx At (in s), Delay (in s), Times Packet Forwarded, Retransmissions, Packet Size (in bytes), Tx Power (in watt), Average Transmission Power in the route (in watt), Min. SINR Along Route, SINR at Flow Dest, Min. Data Rate Along Route (in Mbps), Data Rate at Flow Src (in Mbps), Base Packet ID]
Index: []

Flow Flow_Node0-Node5:
  Packets Generated: 24401.00
  Packets Received : 24082.00
  PDR              : 0.987
  Avg Delay (s)    : 1.3148
  Max Delay (s)    : 1.8396
  95th %ile Delay(s): 1.7937
  Retransmissions  : 26836.00
  Forwards         : 96340.00
  Drops (Expiry)   : 0
  Drops (Queue Mgmt): 0
  Drops (Retry)    : 0
  Drops (Overflow) : 0
  Drops (No Route) : 0
  TCP Reinsertions : 0
Avg:  Packets generated: 24401 Packets received: 24082 PDR: 0.9869267652965042 Avg delay: 1.3147894984220578 Retransmissions: 26836 Packet forwards: 96340 Route length: 4.0 Route uptime: 1.0 HQ Route Uptime: 1.0 Route switches: 0.0 

Plot saved to: C:\Users\Ameliyn\MCA_Routing_BSCAP\Results_Multi_N100\daisy_chain_medium_1000_4-0_1\instantaneous_pdr_plot.png
Delay-over-time plot saved to: C:\Users\Ameliyn\MCA_Routing_BSCAP\Results_Multi_N100\daisy_chain_medium_1000_4-0_1\delay_over_time.png
