Rows with invalid delay (0 or inf):
                               Pkt ID  ... Data Rate at Flow Src (in Mbps)
0      2000002050862_Node0_Node4_Zero  ...                              22
1      2000004095766_Node0_Node4_Zero  ...                              22
2      2000006149801_Node0_Node4_Zero  ...                              22
3      2000008195505_Node0_Node4_Zero  ...                              22
4      2000010242651_Node0_Node4_Zero  ...                              22
5      2000012290073_Node0_Node4_Zero  ...                              22
6      2000014338291_Node0_Node4_Zero  ...                              22
258    2000530728771_Node0_Node4_Zero  ...                              22
259    2000532779092_Node0_Node4_Zero  ...                              22
260    2000534828865_Node0_Node4_Zero  ...                              22
261    2000536879306_Node0_Node4_Zero  ...                              22
262    2000538930324_Node0_Node4_Zero  ...                              22
267    2000549188715_Node0_Node4_Zero  ...                              22
268    2000551233567_Node0_Node4_Zero  ...                              22
273    2000561473546_Node0_Node4_Zero  ...                              22
274    2000563518869_Node0_Node4_Zero  ...                              22
275    2000565568344_Node0_Node4_Zero  ...                              22
276    2000567612546_Node0_Node4_Zero  ...                              22
6053   2023559469504_Node0_Node4_Zero  ...                              22
13533  2054973900248_Node0_Node4_Zero  ...                              22
13534  2054975949093_Node0_Node4_Zero  ...                              22

[21 rows x 14 columns]
Parent directory is not in 'WARx' format.
DEBUG Flow file=Flow_Node0-Node5.csv, Extracted src=0, dst=5
DEBUG Route dict candidate=[0, 5]
Unique nodes participated for this flow: [0, 1, 2, 3, 4]
node 0 total drops: 0 drop_expiry 0 0 drop_q_mngmnt 0 0 drop_retry 0 0 drop_overflow 0 0 drop_no_route 0 0
node 1 total drops: 0 drop_expiry 0 0 drop_q_mngmnt 0 0 drop_retry 0 0 drop_overflow 0 0 drop_no_route 0 0
node 2 total drops: 0 drop_expiry 0 0 drop_q_mngmnt 0 0 drop_retry 0 0 drop_overflow 0 0 drop_no_route 0 0
node 3 total drops: 0 drop_expiry 0 0 drop_q_mngmnt 0 0 drop_retry 0 0 drop_overflow 0 0 drop_no_route 0 0
node 4 total drops: 0 drop_expiry 0 0 drop_q_mngmnt 0 0 drop_retry 0 0 drop_overflow 0 0 drop_no_route 0 0
                                                                                             File Path Run No Packets Generated Packets Received      PDR Avg Delay #Retransmissions #Forwards Avg Route Length %Route Uptime %HQ Route Uptime Route Switches Packet Drop (Expiry) Packet Drop (Queue Management) Packet Drop (Retry) Packet Drop (Overflow) Packet Drop (No Route) Packet Reinserted (TCP)          Flow_ID
C:\Users\Ameliyn\MCA_Routing_BSCAP\Results_Multi_N100\daisy_chain_small_500_8-0_1\Flow_Node0-Node5.csv      1             48800            24218  0.49627  1.867555            25842     96884              4.0           1.0              1.0              0                    0                              0                   0                      0                      0                       0 Flow_Node0-Node5
                                                                                                  Mean                  48800.0          24218.0  0.49627  1.867555          25842.0   96884.0              4.0           1.0              1.0            0.0                                                                                                                                                               
                                                                                                Median                  48800.0          24218.0  0.49627  1.867555          25842.0   96884.0              4.0           1.0              1.0            0.0                                                                                                                                                               
                                                                                          95% CI Lower                      NaN              NaN      NaN       NaN              NaN       NaN              NaN           NaN              NaN            NaN                                                                                                                                                               
                                                                                          95% CI Upper                      NaN              NaN      NaN       NaN              NaN       NaN              NaN           NaN              NaN            NaN                                                                                                                                                               
Instantaneous PDR data saved to C:\Users\Ameliyn\MCA_Routing_BSCAP\Results_Multi_N100\daisy_chain_small_500_8-0_1\instantaneous_pdr.csv

=== Flow-level Summary (All Metrics) ===
Empty DataFrame
Columns: [Pkt ID, Route, Generation Time (in s), First Tx At (in s), Delay (in s), Times Packet Forwarded, Retransmissions, Packet Size (in bytes), Tx Power (in watt), Average Transmission Power in the route (in watt), Min. SINR Along Route, SINR at Flow Dest, Min. Data Rate Along Route (in Mbps), Data Rate at Flow Src (in Mbps), Base Packet ID]
Index: []

Flow Flow_Node0-Node5:
  Packets Generated: 48800.00
  Packets Received : 24218.00
  PDR              : 0.496
  Avg Delay (s)    : 1.8676
  Max Delay (s)    : 1.9989
  95th %ile Delay(s): 1.9614
  Retransmissions  : 25842.00
  Forwards         : 96884.00
  Drops (Expiry)   : 0
  Drops (Queue Mgmt): 0
  Drops (Retry)    : 0
  Drops (Overflow) : 0
  Drops (No Route) : 0
  TCP Reinsertions : 0
Avg:  Packets generated: 48800 Packets received: 24218 PDR: 0.4962704918032787 Avg delay: 1.8675545584689075 Retransmissions: 25842 Packet forwards: 96884 Route length: 4.0 Route uptime: 1.0 HQ Route Uptime: 1.0 Route switches: 0.0 

Plot saved to: C:\Users\Ameliyn\MCA_Routing_BSCAP\Results_Multi_N100\daisy_chain_small_500_8-0_1\instantaneous_pdr_plot.png
Delay-over-time plot saved to: C:\Users\Ameliyn\MCA_Routing_BSCAP\Results_Multi_N100\daisy_chain_small_500_8-0_1\delay_over_time.png
