Rows with invalid delay (0 or inf):
                               Pkt ID            Route  Generation Time (in s)  First Tx At (in s)  ...  Min. SINR Along Route  SINR at Flow Dest  Min. Data Rate Along Route (in Mbps)  Data Rate at Flow Src (in Mbps)
288    2001184432364_Node0_Node4_Zero  [0, 1, 2, 3, 4]             2001.184432         2001.186632  ...               1.664145                inf                                    11                               11
289    2001188528278_Node0_Node4_Zero  [0, 1, 2, 3, 4]             2001.188528         2001.188678  ...               1.664145                inf                                    11                               11
290    2001192623068_Node0_Node4_Zero  [0, 1, 2, 3, 4]             2001.192623         2001.192873  ...               1.664145                inf                                    11                               11
291    2001196722929_Node0_Node4_Zero  [0, 1, 2, 3, 4]             2001.196723         2001.196933  ...               1.664145                inf                                    11                               11
292    2001200825514_Node0_Node4_Zero  [0, 1, 2, 3, 4]             2001.200826         2001.203082  ...               1.664145                inf                                    11                               11
...                               ...              ...                     ...                 ...  ...                    ...                ...                                   ...                              ...
24382  2099930223211_Node0_Node4_Zero  [0, 1, 2, 3, 4]             2099.930223         2099.951868  ...               2.458459                inf                                    11                               11
24383  2099934323094_Node0_Node4_Zero  [0, 1, 2, 3, 4]             2099.934323         2099.953798  ...               1.664145                inf                                    11                               11
24384  2099938425999_Node0_Node4_Zero  [0, 1, 2, 3, 4]             2099.938426         2099.955708  ...               1.664145                inf                                    11                               11
24385  2099942522394_Node0_Node4_Zero  [0, 1, 2, 3, 4]             2099.942522         2099.957818  ...               1.664145                inf                                    11                               11
24386  2099946621102_Node0_Node4_Zero  [0, 1, 2, 3, 4]             2099.946621         2099.959988  ...               1.664145                inf                                    11                               11

[14951 rows x 14 columns]
Parent directory is not in 'WARx' format.
DEBUG Flow file=Flow_Node0-Node5.csv, Extracted src=0, dst=5
DEBUG Route dict candidate=[0, 5]
Unique nodes participated for this flow: [0, 1, 2, 3, 4]
node 0 total drops: 0 drop_expiry 0 0 drop_q_mngmnt 0 0 drop_retry 0 0 drop_overflow 0 0 drop_no_route 0 0
node 1 total drops: 0 drop_expiry 0 0 drop_q_mngmnt 0 0 drop_retry 0 0 drop_overflow 0 0 drop_no_route 0 0
node 2 total drops: 0 drop_expiry 0 0 drop_q_mngmnt 0 0 drop_retry 0 0 drop_overflow 0 0 drop_no_route 0 0
node 3 total drops: 0 drop_expiry 0 0 drop_q_mngmnt 0 0 drop_retry 0 0 drop_overflow 0 0 drop_no_route 0 0
node 4 total drops: 0 drop_expiry 0 0 drop_q_mngmnt 0 0 drop_retry 0 0 drop_overflow 0 0 drop_no_route 0 0
                                                                                              File Path Run No Packets Generated Packets Received       PDR Avg Delay #Retransmissions #Forwards Avg Route Length %Route Uptime %HQ Route Uptime Route Switches Packet Drop (Expiry) Packet Drop (Queue Management) Packet Drop (Retry) Packet Drop (Overflow) Packet Drop (No Route) Packet Reinserted (TCP)          Flow_ID
C:\Users\Ameliyn\MCA_Routing_BSCAP\Results_Multi_N100\daisy_chain_large_2400_4-0_0\Flow_Node0-Node5.csv      1             24401             9450  0.387279  1.803056            30893     52700              4.0           1.0              1.0              0                    0                              0                   0                      0                      0                       0 Flow_Node0-Node5
                                                                                                   Mean                  24401.0           9450.0  0.387279  1.803056          30893.0   52700.0              4.0           1.0              1.0            0.0                                                                                                                                                               
                                                                                                 Median                  24401.0           9450.0  0.387279  1.803056          30893.0   52700.0              4.0           1.0              1.0            0.0                                                                                                                                                               
                                                                                           95% CI Lower                      NaN              NaN       NaN       NaN              NaN       NaN              NaN           NaN              NaN            NaN                                                                                                                                                               
                                                                                           95% CI Upper                      NaN              NaN       NaN       NaN              NaN       NaN              NaN           NaN              NaN            NaN                                                                                                                                                               
Instantaneous PDR data saved to C:\Users\Ameliyn\MCA_Routing_BSCAP\Results_Multi_N100\daisy_chain_large_2400_4-0_0\instantaneous_pdr.csv

=== Flow-level Summary (All Metrics) ===
Empty DataFrame
Columns: [Pkt ID, Route, Generation Time (in s), First Tx At (in s), Delay (in s), Times Packet Forwarded, Retransmissions, Packet Size (in bytes), Tx Power (in watt), Average Transmission Power in the route (in watt), Min. SINR Along Route, SINR at Flow Dest, Min. Data Rate Along Route (in Mbps), Data Rate at Flow Src (in Mbps), Base Packet ID]
Index: []

Flow Flow_Node0-Node5:
  Packets Generated: 24401.00
  Packets Received : 9450.00
  PDR              : 0.387
  Avg Delay (s)    : 1.8031
  Max Delay (s)    : 1.9907
  95th %ile Delay(s): 1.9018
  Retransmissions  : 30893.00
  Forwards         : 52700.00
  Drops (Expiry)   : 0
  Drops (Queue Mgmt): 0
  Drops (Retry)    : 0
  Drops (Overflow) : 0
  Drops (No Route) : 0
  TCP Reinsertions : 0
Avg:  Packets generated: 24401 Packets received: 9450 PDR: 0.387279209868448 Avg delay: 1.803055997989418 Retransmissions: 30893 Packet forwards: 52700 Route length: 4.0 Route uptime: 1.0 HQ Route Uptime: 1.0 Route switches: 0.0 

Plot saved to: C:\Users\Ameliyn\MCA_Routing_BSCAP\Results_Multi_N100\daisy_chain_large_2400_4-0_0\instantaneous_pdr_plot.png
Delay-over-time plot saved to: C:\Users\Ameliyn\MCA_Routing_BSCAP\Results_Multi_N100\daisy_chain_large_2400_4-0_0\delay_over_time.png
