Rows with invalid delay (0 or inf):
                             Pkt ID               Route  Generation Time (in s)  First Tx At (in s)  ...  Min. SINR Along Route  SINR at Flow Dest  Min. Data Rate Along Route (in Mbps)  Data Rate at Flow Src (in Mbps)
0    2000004100606_Node0_Node5_Zero  [0, 1, 2, 3, 4, 5]             2000.004101         2000.004451  ...               2.396369                inf                                    22                               22
1    2000008199328_Node0_Node5_Zero  [0, 1, 2, 3, 4, 5]             2000.008199         2000.053582  ...               2.396369                inf                                    22                               22
2    2000012301157_Node0_Node5_Zero  [0, 1, 2, 3, 4, 5]             2000.012301         2000.053582  ...               2.396369                inf                                    22                               22
3    2000016395670_Node0_Node5_Zero  [0, 1, 2, 3, 4, 5]             2000.016396         2000.057534  ...               2.396369                inf                                    22                               22
4    2000020491082_Node0_Node5_Zero  [0, 1, 2, 3, 4, 5]             2000.020491         2000.057534  ...               2.396369                inf                                    22                               22
5    2000024584485_Node0_Node5_Zero  [0, 1, 2, 3, 4, 5]             2000.024584         2000.059464  ...               2.396369                inf                                    22                               22
6    2000028686596_Node0_Node5_Zero  [0, 1, 2, 3, 4, 5]             2000.028687         2000.059464  ...               2.396369                inf                                    22                               22
7    2000032789672_Node0_Node5_Zero  [0, 1, 2, 3, 4, 5]             2000.032790         2000.063336  ...               2.396369                inf                                    22                               22
8    2000036892432_Node0_Node5_Zero  [0, 1, 2, 3, 4, 5]             2000.036892         2000.063336  ...               2.396369                inf                                    22                               22
93   2000385291070_Node0_Node5_Zero  [0, 1, 2, 3, 4, 5]             2000.385291         2000.385578  ...               2.521709                inf                                    22                               22
98   2000405793087_Node0_Node5_Zero  [0, 1, 2, 3, 4, 5]             2000.405793         2000.452621  ...               1.658241                inf                                    22                               22
99   2000409893776_Node0_Node5_Zero  [0, 1, 2, 3, 4, 5]             2000.409894         2000.452621  ...               1.658241                inf                                    22                               22
112  2000463177448_Node0_Node5_Zero  [0, 1, 2, 3, 4, 5]             2000.463177         2000.555668  ...               2.588646                inf                                    22                               22
113  2000467270875_Node0_Node5_Zero  [0, 1, 2, 3, 4, 5]             2000.467271         2000.555668  ...               2.588646                inf                                    22                               22
386  2001586072788_Node0_Node5_Zero  [0, 1, 2, 3, 4, 5]             2001.586073         2001.589418  ...               1.658241                inf                                    22                               22
869  2003565728804_Node0_Node5_Zero  [0, 1, 2, 3, 4, 5]             2003.565729         2003.588920  ...               1.658241                inf                                    22                               22
924  2003791140198_Node0_Node5_Zero  [0, 1, 2, 3, 4, 5]             2003.791140         2003.853833  ...               1.658241                inf                                    22                               22
925  2003795235072_Node0_Node5_Zero  [0, 1, 2, 3, 4, 5]             2003.795235         2003.853833  ...               1.658241                inf                                    22                               22

[18 rows x 14 columns]
Parent directory is not in 'WARx' format.
DEBUG Flow file=Flow_Node0-Node6.csv, Extracted src=0, dst=6
DEBUG Route dict candidate=[0, 6]
Unique nodes participated for this flow: [0, 1, 2, 3, 4, 5]
node 0 total drops: 0 drop_expiry 0 0 drop_q_mngmnt 0 0 drop_retry 0 0 drop_overflow 0 0 drop_no_route 0 0
node 1 total drops: 0 drop_expiry 0 0 drop_q_mngmnt 0 0 drop_retry 0 0 drop_overflow 0 0 drop_no_route 0 0
node 2 total drops: 0 drop_expiry 0 0 drop_q_mngmnt 0 0 drop_retry 0 0 drop_overflow 0 0 drop_no_route 0 0
node 3 total drops: 0 drop_expiry 0 0 drop_q_mngmnt 0 0 drop_retry 0 0 drop_overflow 0 0 drop_no_route 0 0
node 4 total drops: 0 drop_expiry 0 0 drop_q_mngmnt 0 0 drop_retry 0 0 drop_overflow 0 0 drop_no_route 0 0
node 5 total drops: 0 drop_expiry 0 0 drop_q_mngmnt 0 0 drop_retry 0 0 drop_overflow 0 0 drop_no_route 0 0
                                                                                             File Path Run No Packets Generated Packets Received       PDR Avg Delay #Retransmissions #Forwards Avg Route Length %Route Uptime %HQ Route Uptime Route Switches Packet Drop (Expiry) Packet Drop (Queue Management) Packet Drop (Retry) Packet Drop (Overflow) Packet Drop (No Route) Packet Reinserted (TCP)          Flow_ID
C:\Users\Ameliyn\MCA_Routing_BSCAP\Results_Multi_N4\daisy_chain_medium_1200_4-0_1\Flow_Node0-Node6.csv      1               976              958  0.981557  0.584379             1610      4812              5.0           1.0              1.0              0                    0                              0                   0                      0                      0                       0 Flow_Node0-Node6
                                                                                                  Mean                    976.0            958.0  0.981557  0.584379           1610.0    4812.0              5.0           1.0              1.0            0.0                                                                                                                                                               
                                                                                                Median                    976.0            958.0  0.981557  0.584379           1610.0    4812.0              5.0           1.0              1.0            0.0                                                                                                                                                               
                                                                                          95% CI Lower                      NaN              NaN       NaN       NaN              NaN       NaN              NaN           NaN              NaN            NaN                                                                                                                                                               
                                                                                          95% CI Upper                      NaN              NaN       NaN       NaN              NaN       NaN              NaN           NaN              NaN            NaN                                                                                                                                                               
Instantaneous PDR data saved to C:\Users\Ameliyn\MCA_Routing_BSCAP\Results_Multi_N4\daisy_chain_medium_1200_4-0_1\instantaneous_pdr.csv

=== Flow-level Summary (All Metrics) ===
Empty DataFrame
Columns: [Pkt ID, Route, Generation Time (in s), First Tx At (in s), Delay (in s), Times Packet Forwarded, Retransmissions, Packet Size (in bytes), Tx Power (in watt), Average Transmission Power in the route (in watt), Min. SINR Along Route, SINR at Flow Dest, Min. Data Rate Along Route (in Mbps), Data Rate at Flow Src (in Mbps), Base Packet ID]
Index: []

Flow Flow_Node0-Node6:
  Packets Generated: 976.00
  Packets Received : 958.00
  PDR              : 0.982
  Avg Delay (s)    : 0.5844
  Max Delay (s)    : 0.8800
  95th %ile Delay(s): 0.8709
  Retransmissions  : 1610.00
  Forwards         : 4812.00
  Drops (Expiry)   : 0
  Drops (Queue Mgmt): 0
  Drops (Retry)    : 0
  Drops (Overflow) : 0
  Drops (No Route) : 0
  TCP Reinsertions : 0
Avg:  Packets generated: 976 Packets received: 958 PDR: 0.9815573770491803 Avg delay: 0.584379260960334 Retransmissions: 1610 Packet forwards: 4812 Route length: 5.0 Route uptime: 1.0 HQ Route Uptime: 1.0 Route switches: 0.0 

Plot saved to: C:\Users\Ameliyn\MCA_Routing_BSCAP\Results_Multi_N4\daisy_chain_medium_1200_4-0_1\instantaneous_pdr_plot.png
Delay-over-time plot saved to: C:\Users\Ameliyn\MCA_Routing_BSCAP\Results_Multi_N4\daisy_chain_medium_1200_4-0_1\delay_over_time.png
