Rows with invalid delay (0 or inf):
                             Pkt ID  ... Data Rate at Flow Src (in Mbps)
0    2000002048502_Node0_Node4_Zero  ...                              22
1    2000004096433_Node0_Node4_Zero  ...                              22
2    2000006150010_Node0_Node4_Zero  ...                              22
3    2000008204143_Node0_Node4_Zero  ...                              22
4    2000010251137_Node0_Node4_Zero  ...                              22
5    2000012304826_Node0_Node4_Zero  ...                              22
6    2000014356888_Node0_Node4_Zero  ...                              22
760  2001559520028_Node0_Node4_Zero  ...                              22
761  2001561567108_Node0_Node4_Zero  ...                              22
766  2001571809147_Node0_Node4_Zero  ...                              22
767  2001573856921_Node0_Node4_Zero  ...                              22
772  2001584105468_Node0_Node4_Zero  ...                              22
773  2001586152492_Node0_Node4_Zero  ...                              22
776  2001592298405_Node0_Node4_Zero  ...                              22
777  2001594350120_Node0_Node4_Zero  ...                              22
782  2001604589421_Node0_Node4_Zero  ...                              22
783  2001606636678_Node0_Node4_Zero  ...                              22
788  2001616878124_Node0_Node4_Zero  ...                              22
789  2001618929555_Node0_Node4_Zero  ...                              22
794  2001629166396_Node0_Node4_Zero  ...                              22
795  2001631211242_Node0_Node4_Zero  ...                              22
800  2001641460362_Node0_Node4_Zero  ...                              22
801  2001643510596_Node0_Node4_Zero  ...                              22
811  2001664014068_Node0_Node4_Zero  ...                              22
816  2001674266613_Node0_Node4_Zero  ...                              22
817  2001676319830_Node0_Node4_Zero  ...                              22
822  2001686560213_Node0_Node4_Zero  ...                              22
823  2001688606453_Node0_Node4_Zero  ...                              22
830  2001702947991_Node0_Node4_Zero  ...                              22
831  2001705001633_Node0_Node4_Zero  ...                              22
836  2001715240949_Node0_Node4_Zero  ...                              22
837  2001717288598_Node0_Node4_Zero  ...                              22
844  2001731628027_Node0_Node4_Zero  ...                              22
845  2001733678524_Node0_Node4_Zero  ...                              22
850  2001743928075_Node0_Node4_Zero  ...                              22
851  2001745978779_Node0_Node4_Zero  ...                              22
860  2001866852354_Node0_Node4_Zero  ...                              22
861  2001868899721_Node0_Node4_Zero  ...                              22
866  2001879145045_Node0_Node4_Zero  ...                              22
867  2001881194335_Node0_Node4_Zero  ...                              22

[40 rows x 14 columns]
Parent directory is not in 'WARx' format.
DEBUG Flow file=Flow_Node0-Node5.csv, Extracted src=0, dst=5
DEBUG Route dict candidate=[0, 5]
Unique nodes participated for this flow: [0, 1, 2, 3, 4]
node 0 total drops: 0 drop_expiry 0 0 drop_q_mngmnt 0 0 drop_retry 0 0 drop_overflow 0 0 drop_no_route 0 0
node 1 total drops: 0 drop_expiry 0 0 drop_q_mngmnt 0 0 drop_retry 0 0 drop_overflow 0 0 drop_no_route 0 0
node 2 total drops: 0 drop_expiry 0 0 drop_q_mngmnt 0 0 drop_retry 0 0 drop_overflow 0 0 drop_no_route 0 0
node 3 total drops: 0 drop_expiry 0 0 drop_q_mngmnt 0 0 drop_retry 0 0 drop_overflow 0 0 drop_no_route 0 0
node 4 total drops: 0 drop_expiry 0 0 drop_q_mngmnt 0 0 drop_retry 0 0 drop_overflow 0 0 drop_no_route 0 0
                                                                                               File Path Run No Packets Generated Packets Received    PDR Avg Delay #Retransmissions #Forwards Avg Route Length %Route Uptime %HQ Route Uptime Route Switches Packet Drop (Expiry) Packet Drop (Queue Management) Packet Drop (Retry) Packet Drop (Overflow) Packet Drop (No Route) Packet Reinserted (TCP)          Flow_ID
C:\Users\Ameliyn\MCA_Routing_BSCAP\Results_Multi_N100\daisy_chain_medium_1000_8-0_1\Flow_Node0-Node5.csv      1             48800            24156  0.495  2.085428            26578     96636              4.0           1.0              1.0              0                    0                              0                   0                      0                      0                       0 Flow_Node0-Node5
                                                                                                    Mean                  48800.0          24156.0  0.495  2.085428          26578.0   96636.0              4.0           1.0              1.0            0.0                                                                                                                                                               
                                                                                                  Median                  48800.0          24156.0  0.495  2.085428          26578.0   96636.0              4.0           1.0              1.0            0.0                                                                                                                                                               
                                                                                            95% CI Lower                      NaN              NaN    NaN       NaN              NaN       NaN              NaN           NaN              NaN            NaN                                                                                                                                                               
                                                                                            95% CI Upper                      NaN              NaN    NaN       NaN              NaN       NaN              NaN           NaN              NaN            NaN                                                                                                                                                               
Instantaneous PDR data saved to C:\Users\Ameliyn\MCA_Routing_BSCAP\Results_Multi_N100\daisy_chain_medium_1000_8-0_1\instantaneous_pdr.csv

=== Flow-level Summary (All Metrics) ===
Empty DataFrame
Columns: [Pkt ID, Route, Generation Time (in s), First Tx At (in s), Delay (in s), Times Packet Forwarded, Retransmissions, Packet Size (in bytes), Tx Power (in watt), Average Transmission Power in the route (in watt), Min. SINR Along Route, SINR at Flow Dest, Min. Data Rate Along Route (in Mbps), Data Rate at Flow Src (in Mbps), Base Packet ID]
Index: []

Flow Flow_Node0-Node5:
  Packets Generated: 48800.00
  Packets Received : 24156.00
  PDR              : 0.495
  Avg Delay (s)    : 2.0854
  Max Delay (s)    : 2.3942
  95th %ile Delay(s): 2.3218
  Retransmissions  : 26578.00
  Forwards         : 96636.00
  Drops (Expiry)   : 0
  Drops (Queue Mgmt): 0
  Drops (Retry)    : 0
  Drops (Overflow) : 0
  Drops (No Route) : 0
  TCP Reinsertions : 0
Avg:  Packets generated: 48800 Packets received: 24156 PDR: 0.495 Avg delay: 2.0854276094138102 Retransmissions: 26578 Packet forwards: 96636 Route length: 4.0 Route uptime: 1.0 HQ Route Uptime: 1.0 Route switches: 0.0 

Plot saved to: C:\Users\Ameliyn\MCA_Routing_BSCAP\Results_Multi_N100\daisy_chain_medium_1000_8-0_1\instantaneous_pdr_plot.png
Delay-over-time plot saved to: C:\Users\Ameliyn\MCA_Routing_BSCAP\Results_Multi_N100\daisy_chain_medium_1000_8-0_1\delay_over_time.png
