Rows with invalid delay (0 or inf):
                               Pkt ID               Route  Generation Time (in s)  ...  SINR at Flow Dest  Min. Data Rate Along Route (in Mbps)  Data Rate at Flow Src (in Mbps)
0      2000004102260_Node0_Node5_Zero  [0, 1, 2, 3, 4, 5]             2000.004102  ...                inf                                    22                               22
1      2000008204855_Node0_Node5_Zero  [0, 1, 2, 3, 4, 5]             2000.008205  ...                inf                                    22                               22
2      2000012305962_Node0_Node5_Zero  [0, 1, 2, 3, 4, 5]             2000.012306  ...                inf                                    22                               22
3      2000016408879_Node0_Node5_Zero  [0, 1, 2, 3, 4, 5]             2000.016409  ...                inf                                    22                               22
4      2000020508533_Node0_Node5_Zero  [0, 1, 2, 3, 4, 5]             2000.020509  ...                inf                                    22                               22
...                               ...                 ...                     ...  ...                ...                                   ...                              ...
24327  2099705495099_Node0_Node5_Zero  [0, 1, 2, 3, 4, 5]             2099.705495  ...                inf                                    22                               22
24328  2099709596835_Node0_Node5_Zero  [0, 1, 2, 3, 4, 5]             2099.709597  ...                inf                                    22                               22
24329  2099713694180_Node0_Node5_Zero  [0, 1, 2, 3, 4, 5]             2099.713694  ...                inf                                    22                               22
24330  2099717791969_Node0_Node5_Zero  [0, 1, 2, 3, 4, 5]             2099.717792  ...                inf                                    22                               22
24331  2099721886091_Node0_Node5_Zero  [0, 1, 2, 3, 4, 5]             2099.721886  ...                inf                                    22                               22

[4512 rows x 14 columns]
Parent directory is not in 'WARx' format.
DEBUG Flow file=Flow_Node0-Node6.csv, Extracted src=0, dst=6
DEBUG Route dict candidate=[0, 6]
Unique nodes participated for this flow: [0, 1, 2, 3, 4, 5]
node 0 total drops: 0 drop_expiry 0 0 drop_q_mngmnt 0 0 drop_retry 0 0 drop_overflow 0 0 drop_no_route 0 0
node 1 total drops: 0 drop_expiry 0 0 drop_q_mngmnt 0 0 drop_retry 0 0 drop_overflow 0 0 drop_no_route 0 0
node 2 total drops: 0 drop_expiry 0 0 drop_q_mngmnt 0 0 drop_retry 0 0 drop_overflow 0 0 drop_no_route 0 0
node 3 total drops: 0 drop_expiry 0 0 drop_q_mngmnt 0 0 drop_retry 0 0 drop_overflow 0 0 drop_no_route 0 0
node 4 total drops: 0 drop_expiry 0 0 drop_q_mngmnt 0 0 drop_retry 0 0 drop_overflow 0 0 drop_no_route 0 0
node 5 total drops: 0 drop_expiry 0 0 drop_q_mngmnt 0 0 drop_retry 0 0 drop_overflow 0 0 drop_no_route 0 0
                                                                                             File Path Run No Packets Generated Packets Received       PDR Avg Delay #Retransmissions #Forwards Avg Route Length %Route Uptime %HQ Route Uptime Route Switches Packet Drop (Expiry) Packet Drop (Queue Management) Packet Drop (Retry) Packet Drop (Overflow) Packet Drop (No Route) Packet Reinserted (TCP)          Flow_ID
C:\Users\Ameliyn\MCA_Routing_BSCAP\Results_Multi_N100\daisy_chain_small_600_4-0_1\Flow_Node0-Node6.csv      1             24400            19888  0.815082     1.784            34020    103859              5.0           1.0              1.0              0                    0                              0                   0                      0                      0                       0 Flow_Node0-Node6
                                                                                                  Mean                  24400.0          19888.0  0.815082     1.784          34020.0  103859.0              5.0           1.0              1.0            0.0                                                                                                                                                               
                                                                                                Median                  24400.0          19888.0  0.815082     1.784          34020.0  103859.0              5.0           1.0              1.0            0.0                                                                                                                                                               
                                                                                          95% CI Lower                      NaN              NaN       NaN       NaN              NaN       NaN              NaN           NaN              NaN            NaN                                                                                                                                                               
                                                                                          95% CI Upper                      NaN              NaN       NaN       NaN              NaN       NaN              NaN           NaN              NaN            NaN                                                                                                                                                               
Instantaneous PDR data saved to C:\Users\Ameliyn\MCA_Routing_BSCAP\Results_Multi_N100\daisy_chain_small_600_4-0_1\instantaneous_pdr.csv

=== Flow-level Summary (All Metrics) ===
Empty DataFrame
Columns: [Pkt ID, Route, Generation Time (in s), First Tx At (in s), Delay (in s), Times Packet Forwarded, Retransmissions, Packet Size (in bytes), Tx Power (in watt), Average Transmission Power in the route (in watt), Min. SINR Along Route, SINR at Flow Dest, Min. Data Rate Along Route (in Mbps), Data Rate at Flow Src (in Mbps), Base Packet ID]
Index: []

Flow Flow_Node0-Node6:
  Packets Generated: 24400.00
  Packets Received : 19888.00
  PDR              : 0.815
  Avg Delay (s)    : 1.7840
  Max Delay (s)    : 2.1960
  95th %ile Delay(s): 2.0283
  Retransmissions  : 34020.00
  Forwards         : 103859.00
  Drops (Expiry)   : 0
  Drops (Queue Mgmt): 0
  Drops (Retry)    : 0
  Drops (Overflow) : 0
  Drops (No Route) : 0
  TCP Reinsertions : 0
Avg:  Packets generated: 24400 Packets received: 19888 PDR: 0.8150819672131148 Avg delay: 1.7839997930410296 Retransmissions: 34020 Packet forwards: 103859 Route length: 5.0 Route uptime: 1.0 HQ Route Uptime: 1.0 Route switches: 0.0 

Plot saved to: C:\Users\Ameliyn\MCA_Routing_BSCAP\Results_Multi_N100\daisy_chain_small_600_4-0_1\instantaneous_pdr_plot.png
Delay-over-time plot saved to: C:\Users\Ameliyn\MCA_Routing_BSCAP\Results_Multi_N100\daisy_chain_small_600_4-0_1\delay_over_time.png
