Rows with invalid delay (0 or inf):
                               Pkt ID               Route  Generation Time (in s)  First Tx At (in s)  ...  Min. SINR Along Route  SINR at Flow Dest  Min. Data Rate Along Route (in Mbps)  Data Rate at Flow Src (in Mbps)
0      2000002052209_Node0_Node5_Zero  [0, 1, 2, 3, 4, 5]             2000.002052         2000.002202  ...               2.396369                inf                                    22                               22
1      2000004103795_Node0_Node5_Zero  [0, 1, 2, 3, 4, 5]             2000.004104         2000.036976  ...               2.396369                inf                                    22                               22
2      2000006154569_Node0_Node5_Zero  [0, 1, 2, 3, 4, 5]             2000.006155         2000.036976  ...               2.396369                inf                                    22                               22
3      2000008204560_Node0_Node5_Zero  [0, 1, 2, 3, 4, 5]             2000.008205         2000.041008  ...               2.396369                inf                                    22                               22
4      2000010258035_Node0_Node5_Zero  [0, 1, 2, 3, 4, 5]             2000.010258         2000.041008  ...               2.396369                inf                                    22                               22
...                               ...                 ...                     ...                 ...  ...                    ...                ...                                   ...                              ...
30725  2099265913277_Node0_Node5_Zero  [0, 1, 2, 3, 4, 5]             2099.265913         2100.672991  ...               3.320415                inf                                    22                               22
30726  2099267960184_Node0_Node5_Zero  [0, 1, 2, 3, 4, 5]             2099.267960         2100.672991  ...               3.320415                inf                                    22                               22
30727  2099270008086_Node0_Node5_Zero  [0, 1, 2, 3, 4, 5]             2099.270008         2100.676794  ...               3.320415                inf                                    22                               22
30728  2099272053079_Node0_Node5_Zero  [0, 1, 2, 3, 4, 5]             2099.272053         2100.676794  ...               3.320415                inf                                    22                               22
30901  2099933926761_Node0_Node5_Zero  [0, 1, 2, 3, 4, 5]             2099.933927         2101.298579  ...               2.308507                inf                                    22                               22

[12546 rows x 14 columns]
Parent directory is not in 'WARx' format.
DEBUG Flow file=Flow_Node0-Node6.csv, Extracted src=0, dst=6
DEBUG Route dict candidate=[0, 6]
Unique nodes participated for this flow: [0, 1, 2, 3, 4, 5]
node 0 total drops: 0 drop_expiry 0 0 drop_q_mngmnt 0 0 drop_retry 0 0 drop_overflow 0 0 drop_no_route 0 0
node 1 total drops: 0 drop_expiry 0 0 drop_q_mngmnt 0 0 drop_retry 0 0 drop_overflow 0 0 drop_no_route 0 0
node 2 total drops: 0 drop_expiry 0 0 drop_q_mngmnt 0 0 drop_retry 0 0 drop_overflow 0 0 drop_no_route 0 0
node 3 total drops: 0 drop_expiry 0 0 drop_q_mngmnt 0 0 drop_retry 0 0 drop_overflow 0 0 drop_no_route 0 0
node 4 total drops: 0 drop_expiry 0 0 drop_q_mngmnt 0 0 drop_retry 0 0 drop_overflow 0 0 drop_no_route 0 0
node 5 total drops: 0 drop_expiry 0 0 drop_q_mngmnt 0 0 drop_retry 0 0 drop_overflow 0 0 drop_no_route 0 0
                                                                                               File Path Run No Packets Generated Packets Received      PDR Avg Delay #Retransmissions #Forwards Avg Route Length %Route Uptime %HQ Route Uptime Route Switches Packet Drop (Expiry) Packet Drop (Queue Management) Packet Drop (Retry) Packet Drop (Overflow) Packet Drop (No Route) Packet Reinserted (TCP)          Flow_ID
C:\Users\Ameliyn\MCA_Routing_BSCAP\Results_Multi_N100\daisy_chain_medium_1200_8-0_1\Flow_Node0-Node6.csv      1             48801            18357  0.37616   2.35179            33359    104258              5.0           1.0              1.0              0                    0                              0                   0                      0                      0                       0 Flow_Node0-Node6
                                                                                                    Mean                  48801.0          18357.0  0.37616   2.35179          33359.0  104258.0              5.0           1.0              1.0            0.0                                                                                                                                                               
                                                                                                  Median                  48801.0          18357.0  0.37616   2.35179          33359.0  104258.0              5.0           1.0              1.0            0.0                                                                                                                                                               
                                                                                            95% CI Lower                      NaN              NaN      NaN       NaN              NaN       NaN              NaN           NaN              NaN            NaN                                                                                                                                                               
                                                                                            95% CI Upper                      NaN              NaN      NaN       NaN              NaN       NaN              NaN           NaN              NaN            NaN                                                                                                                                                               
Instantaneous PDR data saved to C:\Users\Ameliyn\MCA_Routing_BSCAP\Results_Multi_N100\daisy_chain_medium_1200_8-0_1\instantaneous_pdr.csv

=== Flow-level Summary (All Metrics) ===
Empty DataFrame
Columns: [Pkt ID, Route, Generation Time (in s), First Tx At (in s), Delay (in s), Times Packet Forwarded, Retransmissions, Packet Size (in bytes), Tx Power (in watt), Average Transmission Power in the route (in watt), Min. SINR Along Route, SINR at Flow Dest, Min. Data Rate Along Route (in Mbps), Data Rate at Flow Src (in Mbps), Base Packet ID]
Index: []

Flow Flow_Node0-Node6:
  Packets Generated: 48801.00
  Packets Received : 18357.00
  PDR              : 0.376
  Avg Delay (s)    : 2.3518
  Max Delay (s)    : 2.7383
  95th %ile Delay(s): 2.5016
  Retransmissions  : 33359.00
  Forwards         : 104258.00
  Drops (Expiry)   : 0
  Drops (Queue Mgmt): 0
  Drops (Retry)    : 0
  Drops (Overflow) : 0
  Drops (No Route) : 0
  TCP Reinsertions : 0
Avg:  Packets generated: 48801 Packets received: 18357 PDR: 0.3761603245835126 Avg delay: 2.351790374353108 Retransmissions: 33359 Packet forwards: 104258 Route length: 5.0 Route uptime: 1.0 HQ Route Uptime: 1.0 Route switches: 0.0 

Plot saved to: C:\Users\Ameliyn\MCA_Routing_BSCAP\Results_Multi_N100\daisy_chain_medium_1200_8-0_1\instantaneous_pdr_plot.png
Delay-over-time plot saved to: C:\Users\Ameliyn\MCA_Routing_BSCAP\Results_Multi_N100\daisy_chain_medium_1200_8-0_1\delay_over_time.png
