Rows with invalid delay (0 or inf):
                           Pkt ID         Route  Generation Time (in s)  First Tx At (in s)  ...  Min. SINR Along Route  SINR at Flow Dest  Min. Data Rate Along Route (in Mbps)  Data Rate at Flow Src (in Mbps)
0  2000004103315_Node0_Node5_Zero  [0, 1, 3, 5]             2000.004103         2000.004213  ...               2.396369                inf                                    22                               22
1  2000008206018_Node0_Node5_Zero  [0, 1, 3, 5]             2000.008206         2000.009171  ...               2.396369                inf                                    22                               22
2  2000012306405_Node0_Node5_Zero  [0, 1, 3, 5]             2000.012306         2000.012703  ...               2.396369                inf                                    22                               22

[3 rows x 14 columns]
Parent directory is not in 'WARx' format.
DEBUG Flow file=Flow_Node0-Node6.csv, Extracted src=0, dst=6
DEBUG Route dict candidate=[0, 6]
Unique nodes participated for this flow: [0, 1, 3, 5]
node 0 total drops: 0 drop_expiry 0 0 drop_q_mngmnt 0 0 drop_retry 0 0 drop_overflow 0 0 drop_no_route 0 0
node 1 total drops: 0 drop_expiry 0 0 drop_q_mngmnt 0 0 drop_retry 0 0 drop_overflow 0 0 drop_no_route 0 0
node 3 total drops: 0 drop_expiry 0 0 drop_q_mngmnt 0 0 drop_retry 0 0 drop_overflow 0 0 drop_no_route 0 0
node 5 total drops: 0 drop_expiry 0 0 drop_q_mngmnt 0 0 drop_retry 0 0 drop_overflow 0 0 drop_no_route 0 0
                                                                                             File Path Run No Packets Generated Packets Received       PDR Avg Delay #Retransmissions #Forwards Avg Route Length %Route Uptime %HQ Route Uptime Route Switches Packet Drop (Expiry) Packet Drop (Queue Management) Packet Drop (Retry) Packet Drop (Overflow) Packet Drop (No Route) Packet Reinserted (TCP)          Flow_ID
C:\Users\Ameliyn\MCA_Routing_BSCAP\Results_Multi_N4\daisy_chain_medium_2400_4-0_1\Flow_Node0-Node6.csv      1               976              973  0.996926  0.006771               35      2924              3.0           1.0              1.0              0                    0                              0                   0                      0                      0                       0 Flow_Node0-Node6
                                                                                                  Mean                    976.0            973.0  0.996926  0.006771             35.0    2924.0              3.0           1.0              1.0            0.0                                                                                                                                                               
                                                                                                Median                    976.0            973.0  0.996926  0.006771             35.0    2924.0              3.0           1.0              1.0            0.0                                                                                                                                                               
                                                                                          95% CI Lower                      NaN              NaN       NaN       NaN              NaN       NaN              NaN           NaN              NaN            NaN                                                                                                                                                               
                                                                                          95% CI Upper                      NaN              NaN       NaN       NaN              NaN       NaN              NaN           NaN              NaN            NaN                                                                                                                                                               
Instantaneous PDR data saved to C:\Users\Ameliyn\MCA_Routing_BSCAP\Results_Multi_N4\daisy_chain_medium_2400_4-0_1\instantaneous_pdr.csv

=== Flow-level Summary (All Metrics) ===
Empty DataFrame
Columns: [Pkt ID, Route, Generation Time (in s), First Tx At (in s), Delay (in s), Times Packet Forwarded, Retransmissions, Packet Size (in bytes), Tx Power (in watt), Average Transmission Power in the route (in watt), Min. SINR Along Route, SINR at Flow Dest, Min. Data Rate Along Route (in Mbps), Data Rate at Flow Src (in Mbps), Base Packet ID]
Index: []

Flow Flow_Node0-Node6:
  Packets Generated: 976.00
  Packets Received : 973.00
  PDR              : 0.997
  Avg Delay (s)    : 0.0068
  Max Delay (s)    : 0.1249
  95th %ile Delay(s): 0.0194
  Retransmissions  : 35.00
  Forwards         : 2924.00
  Drops (Expiry)   : 0
  Drops (Queue Mgmt): 0
  Drops (Retry)    : 0
  Drops (Overflow) : 0
  Drops (No Route) : 0
  TCP Reinsertions : 0
Avg:  Packets generated: 976 Packets received: 973 PDR: 0.9969262295081968 Avg delay: 0.006771310380267215 Retransmissions: 35 Packet forwards: 2924 Route length: 3.0 Route uptime: 1.0 HQ Route Uptime: 1.0 Route switches: 0.0 

Plot saved to: C:\Users\Ameliyn\MCA_Routing_BSCAP\Results_Multi_N4\daisy_chain_medium_2400_4-0_1\instantaneous_pdr_plot.png
Delay-over-time plot saved to: C:\Users\Ameliyn\MCA_Routing_BSCAP\Results_Multi_N4\daisy_chain_medium_2400_4-0_1\delay_over_time.png
