Rows with invalid delay (0 or inf):
                               Pkt ID  ... Data Rate at Flow Src (in Mbps)
129    2000266387151_Node0_Node4_Zero  ...                              11
130    2000268434880_Node0_Node4_Zero  ...                              11
131    2000270486142_Node0_Node4_Zero  ...                              11
132    2000272537912_Node0_Node4_Zero  ...                              11
133    2000274591035_Node0_Node4_Zero  ...                              11
...                               ...  ...                             ...
31414  2099845762269_Node0_Node4_Zero  ...                              11
31447  2099995342238_Node0_Node4_Zero  ...                              11
31448  2099997386897_Node0_Node4_Zero  ...                              11
31449  2099999436182_Node0_Node4_Zero  ...                              11
31450  2100001486618_Node0_Node4_Zero  ...                              11

[24031 rows x 14 columns]
Parent directory is not in 'WARx' format.
DEBUG Flow file=Flow_Node0-Node5.csv, Extracted src=0, dst=5
DEBUG Route dict candidate=[0, 5]
Unique nodes participated for this flow: [0, 1, 2, 3, 4]
node 0 total drops: 0 drop_expiry 0 0 drop_q_mngmnt 0 0 drop_retry 0 0 drop_overflow 0 0 drop_no_route 0 0
node 1 total drops: 0 drop_expiry 0 0 drop_q_mngmnt 0 0 drop_retry 0 0 drop_overflow 0 0 drop_no_route 0 0
node 2 total drops: 0 drop_expiry 0 0 drop_q_mngmnt 0 0 drop_retry 0 0 drop_overflow 0 0 drop_no_route 0 0
node 3 total drops: 0 drop_expiry 0 0 drop_q_mngmnt 0 0 drop_retry 0 0 drop_overflow 0 0 drop_no_route 0 0
node 4 total drops: 0 drop_expiry 0 0 drop_q_mngmnt 0 0 drop_retry 0 0 drop_overflow 0 0 drop_no_route 0 0
                                                                                               File Path Run No Packets Generated Packets Received       PDR Avg Delay #Retransmissions #Forwards Avg Route Length %Route Uptime %HQ Route Uptime Route Switches Packet Drop (Expiry) Packet Drop (Queue Management) Packet Drop (Retry) Packet Drop (Overflow) Packet Drop (No Route) Packet Reinserted (TCP)          Flow_ID
C:\Users\Ameliyn\MCA_Routing_BSCAP\Results_Multi_N100\daisy_chain_medium_1000_8-0_0\Flow_Node0-Node5.csv      1             48801             7420  0.152046  2.502954            23795     53695              4.0           1.0              1.0              0                    0                              0                   0                      0                      0                       0 Flow_Node0-Node5
                                                                                                    Mean                  48801.0           7420.0  0.152046  2.502954          23795.0   53695.0              4.0           1.0              1.0            0.0                                                                                                                                                               
                                                                                                  Median                  48801.0           7420.0  0.152046  2.502954          23795.0   53695.0              4.0           1.0              1.0            0.0                                                                                                                                                               
                                                                                            95% CI Lower                      NaN              NaN       NaN       NaN              NaN       NaN              NaN           NaN              NaN            NaN                                                                                                                                                               
                                                                                            95% CI Upper                      NaN              NaN       NaN       NaN              NaN       NaN              NaN           NaN              NaN            NaN                                                                                                                                                               
Instantaneous PDR data saved to C:\Users\Ameliyn\MCA_Routing_BSCAP\Results_Multi_N100\daisy_chain_medium_1000_8-0_0\instantaneous_pdr.csv

=== Flow-level Summary (All Metrics) ===
Empty DataFrame
Columns: [Pkt ID, Route, Generation Time (in s), First Tx At (in s), Delay (in s), Times Packet Forwarded, Retransmissions, Packet Size (in bytes), Tx Power (in watt), Average Transmission Power in the route (in watt), Min. SINR Along Route, SINR at Flow Dest, Min. Data Rate Along Route (in Mbps), Data Rate at Flow Src (in Mbps), Base Packet ID]
Index: []

Flow Flow_Node0-Node5:
  Packets Generated: 48801.00
  Packets Received : 7420.00
  PDR              : 0.152
  Avg Delay (s)    : 2.5030
  Max Delay (s)    : 3.0056
  95th %ile Delay(s): 2.8090
  Retransmissions  : 23795.00
  Forwards         : 53695.00
  Drops (Expiry)   : 0
  Drops (Queue Mgmt): 0
  Drops (Retry)    : 0
  Drops (Overflow) : 0
  Drops (No Route) : 0
  TCP Reinsertions : 0
Avg:  Packets generated: 48801 Packets received: 7420 PDR: 0.15204606462982315 Avg delay: 2.502954444878706 Retransmissions: 23795 Packet forwards: 53695 Route length: 4.0 Route uptime: 1.0 HQ Route Uptime: 1.0 Route switches: 0.0 

Plot saved to: C:\Users\Ameliyn\MCA_Routing_BSCAP\Results_Multi_N100\daisy_chain_medium_1000_8-0_0\instantaneous_pdr_plot.png
Delay-over-time plot saved to: C:\Users\Ameliyn\MCA_Routing_BSCAP\Results_Multi_N100\daisy_chain_medium_1000_8-0_0\delay_over_time.png
