Rows with invalid delay (0 or inf):
                               Pkt ID               Route  Generation Time (in s)  First Tx At (in s)  ...  Min. SINR Along Route  SINR at Flow Dest  Min. Data Rate Along Route (in Mbps)  Data Rate at Flow Src (in Mbps)
0      2000002044936_Node0_Node5_Zero  [0, 1, 2, 3, 4, 5]             2000.002045         2000.002355  ...               2.396369                inf                                    22                               22
1      2000004091717_Node0_Node5_Zero  [0, 1, 2, 3, 4, 5]             2000.004092         2000.051390  ...               2.396369                inf                                    22                               22
2      2000006145404_Node0_Node5_Zero  [0, 1, 2, 3, 4, 5]             2000.006145         2000.051390  ...               2.396369                inf                                    22                               22
3      2000008196460_Node0_Node5_Zero  [0, 1, 2, 3, 4, 5]             2000.008196         2000.055274  ...               2.396369                inf                                    22                               22
4      2000010249384_Node0_Node5_Zero  [0, 1, 2, 3, 4, 5]             2000.010249         2000.055274  ...               2.396369                inf                                    22                               22
...                               ...                 ...                     ...                 ...  ...                    ...                ...                                   ...                              ...
30459  2099812728195_Node0_Node5_Zero  [0, 1, 2, 3, 4, 5]             2099.812728         2101.107291  ...               1.814332                inf                                    22                               22
30460  2099814778376_Node0_Node5_Zero  [0, 1, 2, 3, 4, 5]             2099.814778         2101.126661  ...               6.076704                inf                                    22                               22
30461  2099816823594_Node0_Node5_Zero  [0, 1, 2, 3, 4, 5]             2099.816824         2101.126661  ...               6.076704                inf                                    22                               22
30462  2099818875123_Node0_Node5_Zero  [0, 1, 2, 3, 4, 5]             2099.818875         2101.130402  ...               2.200190                inf                                    22                               22
30475  2099845514161_Node0_Node5_Zero  [0, 1, 2, 3, 4, 5]             2099.845514         2101.205903  ...               1.658241                inf                                    22                               22

[11852 rows x 14 columns]
Parent directory is not in 'WARx' format.
DEBUG Flow file=Flow_Node0-Node6.csv, Extracted src=0, dst=6
DEBUG Route dict candidate=[0, 6]
Unique nodes participated for this flow: [0, 1, 2, 3, 4, 5]
node 0 total drops: 0 drop_expiry 0 0 drop_q_mngmnt 0 0 drop_retry 0 0 drop_overflow 0 0 drop_no_route 0 0
node 1 total drops: 0 drop_expiry 0 0 drop_q_mngmnt 0 0 drop_retry 0 0 drop_overflow 0 0 drop_no_route 0 0
node 2 total drops: 0 drop_expiry 0 0 drop_q_mngmnt 0 0 drop_retry 0 0 drop_overflow 0 0 drop_no_route 0 0
node 3 total drops: 0 drop_expiry 0 0 drop_q_mngmnt 0 0 drop_retry 0 0 drop_overflow 0 0 drop_no_route 0 0
node 4 total drops: 0 drop_expiry 0 0 drop_q_mngmnt 0 0 drop_retry 0 0 drop_overflow 0 0 drop_no_route 0 0
node 5 total drops: 0 drop_expiry 0 0 drop_q_mngmnt 0 0 drop_retry 0 0 drop_overflow 0 0 drop_no_route 0 0
                                                                                             File Path Run No Packets Generated Packets Received       PDR Avg Delay #Retransmissions #Forwards Avg Route Length %Route Uptime %HQ Route Uptime Route Switches Packet Drop (Expiry) Packet Drop (Queue Management) Packet Drop (Retry) Packet Drop (Overflow) Packet Drop (No Route) Packet Reinserted (TCP)          Flow_ID
C:\Users\Ameliyn\MCA_Routing_BSCAP\Results_Multi_N100\daisy_chain_small_600_8-0_1\Flow_Node0-Node6.csv      1             48801            18650  0.382164  2.342921            32699    105030              5.0           1.0              1.0              0                    0                              0                   0                      0                      0                       0 Flow_Node0-Node6
                                                                                                  Mean                  48801.0          18650.0  0.382164  2.342921          32699.0  105030.0              5.0           1.0              1.0            0.0                                                                                                                                                               
                                                                                                Median                  48801.0          18650.0  0.382164  2.342921          32699.0  105030.0              5.0           1.0              1.0            0.0                                                                                                                                                               
                                                                                          95% CI Lower                      NaN              NaN       NaN       NaN              NaN       NaN              NaN           NaN              NaN            NaN                                                                                                                                                               
                                                                                          95% CI Upper                      NaN              NaN       NaN       NaN              NaN       NaN              NaN           NaN              NaN            NaN                                                                                                                                                               
Instantaneous PDR data saved to C:\Users\Ameliyn\MCA_Routing_BSCAP\Results_Multi_N100\daisy_chain_small_600_8-0_1\instantaneous_pdr.csv

=== Flow-level Summary (All Metrics) ===
Empty DataFrame
Columns: [Pkt ID, Route, Generation Time (in s), First Tx At (in s), Delay (in s), Times Packet Forwarded, Retransmissions, Packet Size (in bytes), Tx Power (in watt), Average Transmission Power in the route (in watt), Min. SINR Along Route, SINR at Flow Dest, Min. Data Rate Along Route (in Mbps), Data Rate at Flow Src (in Mbps), Base Packet ID]
Index: []

Flow Flow_Node0-Node6:
  Packets Generated: 48801.00
  Packets Received : 18650.00
  PDR              : 0.382
  Avg Delay (s)    : 2.3429
  Max Delay (s)    : 2.6734
  95th %ile Delay(s): 2.4811
  Retransmissions  : 32699.00
  Forwards         : 105030.00
  Drops (Expiry)   : 0
  Drops (Queue Mgmt): 0
  Drops (Retry)    : 0
  Drops (Overflow) : 0
  Drops (No Route) : 0
  TCP Reinsertions : 0
Avg:  Packets generated: 48801 Packets received: 18650 PDR: 0.38216429991188705 Avg delay: 2.3429206118498658 Retransmissions: 32699 Packet forwards: 105030 Route length: 5.0 Route uptime: 1.0 HQ Route Uptime: 1.0 Route switches: 0.0 

Plot saved to: C:\Users\Ameliyn\MCA_Routing_BSCAP\Results_Multi_N100\daisy_chain_small_600_8-0_1\instantaneous_pdr_plot.png
Delay-over-time plot saved to: C:\Users\Ameliyn\MCA_Routing_BSCAP\Results_Multi_N100\daisy_chain_small_600_8-0_1\delay_over_time.png
