Rows with invalid delay (0 or inf):
                            Pkt ID            Route  Generation Time (in s)  First Tx At (in s)  ...  Min. SINR Along Route  SINR at Flow Dest  Min. Data Rate Along Route (in Mbps)  Data Rate at Flow Src (in Mbps)
0   2000004101799_Node0_Node4_Zero  [0, 1, 2, 3, 4]             2000.004102         2000.004372  ...               2.396369                inf                                    22                               22
1   2000008203476_Node0_Node4_Zero  [0, 1, 2, 3, 4]             2000.008203         2000.041324  ...               2.396369                inf                                    22                               22
2   2000012305946_Node0_Node4_Zero  [0, 1, 2, 3, 4]             2000.012306         2000.041324  ...               2.396369                inf                                    22                               22
3   2000016399555_Node0_Node4_Zero  [0, 1, 2, 3, 4]             2000.016400         2000.045390  ...               2.396369                inf                                    22                               22
4   2000020495778_Node0_Node4_Zero  [0, 1, 2, 3, 4]             2000.020496         2000.045390  ...               2.396369                inf                                    22                               22
5   2000024594793_Node0_Node4_Zero  [0, 1, 2, 3, 4]             2000.024595         2000.049357  ...               2.396369                inf                                    22                               22
6   2000028691289_Node0_Node4_Zero  [0, 1, 2, 3, 4]             2000.028691         2000.049357  ...               2.396369                inf                                    22                               22
87  2000360683761_Node0_Node4_Zero  [0, 1, 2, 3, 4]             2000.360684         2000.369070  ...               2.521709                inf                                    22                               22
88  2000364784213_Node0_Node4_Zero  [0, 1, 2, 3, 4]             2000.364784         2000.369070  ...               2.521709                inf                                    22                               22

[9 rows x 14 columns]
Parent directory is not in 'WARx' format.
DEBUG Flow file=Flow_Node0-Node5.csv, Extracted src=0, dst=5
DEBUG Route dict candidate=[0, 5]
Unique nodes participated for this flow: [0, 1, 2, 3, 4]
node 0 total drops: 0 drop_expiry 0 0 drop_q_mngmnt 0 0 drop_retry 0 0 drop_overflow 0 0 drop_no_route 0 0
node 1 total drops: 0 drop_expiry 0 0 drop_q_mngmnt 0 0 drop_retry 0 0 drop_overflow 0 0 drop_no_route 0 0
node 2 total drops: 0 drop_expiry 0 0 drop_q_mngmnt 0 0 drop_retry 0 0 drop_overflow 0 0 drop_no_route 0 0
node 3 total drops: 0 drop_expiry 0 0 drop_q_mngmnt 0 0 drop_retry 0 0 drop_overflow 0 0 drop_no_route 0 0
node 4 total drops: 0 drop_expiry 0 0 drop_q_mngmnt 0 0 drop_retry 0 0 drop_overflow 0 0 drop_no_route 0 0
                                                                                            File Path Run No Packets Generated Packets Received       PDR Avg Delay #Retransmissions #Forwards Avg Route Length %Route Uptime %HQ Route Uptime Route Switches Packet Drop (Expiry) Packet Drop (Queue Management) Packet Drop (Retry) Packet Drop (Overflow) Packet Drop (No Route) Packet Reinserted (TCP)          Flow_ID
C:\Users\Ameliyn\MCA_Routing_BSCAP\Results_Multi_N4\daisy_chain_large_2400_4-0_1\Flow_Node0-Node5.csv      1               976              967  0.990779  0.221514             1199      3880              4.0           1.0              1.0              0                    0                              0                   0                      0                      0                       0 Flow_Node0-Node5
                                                                                                 Mean                    976.0            967.0  0.990779  0.221514           1199.0    3880.0              4.0           1.0              1.0            0.0                                                                                                                                                               
                                                                                               Median                    976.0            967.0  0.990779  0.221514           1199.0    3880.0              4.0           1.0              1.0            0.0                                                                                                                                                               
                                                                                         95% CI Lower                      NaN              NaN       NaN       NaN              NaN       NaN              NaN           NaN              NaN            NaN                                                                                                                                                               
                                                                                         95% CI Upper                      NaN              NaN       NaN       NaN              NaN       NaN              NaN           NaN              NaN            NaN                                                                                                                                                               
Instantaneous PDR data saved to C:\Users\Ameliyn\MCA_Routing_BSCAP\Results_Multi_N4\daisy_chain_large_2400_4-0_1\instantaneous_pdr.csv

=== Flow-level Summary (All Metrics) ===
Empty DataFrame
Columns: [Pkt ID, Route, Generation Time (in s), First Tx At (in s), Delay (in s), Times Packet Forwarded, Retransmissions, Packet Size (in bytes), Tx Power (in watt), Average Transmission Power in the route (in watt), Min. SINR Along Route, SINR at Flow Dest, Min. Data Rate Along Route (in Mbps), Data Rate at Flow Src (in Mbps), Base Packet ID]
Index: []

Flow Flow_Node0-Node5:
  Packets Generated: 976.00
  Packets Received : 967.00
  PDR              : 0.991
  Avg Delay (s)    : 0.2215
  Max Delay (s)    : 0.3408
  95th %ile Delay(s): 0.3177
  Retransmissions  : 1199.00
  Forwards         : 3880.00
  Drops (Expiry)   : 0
  Drops (Queue Mgmt): 0
  Drops (Retry)    : 0
  Drops (Overflow) : 0
  Drops (No Route) : 0
  TCP Reinsertions : 0
Avg:  Packets generated: 976 Packets received: 967 PDR: 0.9907786885245902 Avg delay: 0.22151419544984488 Retransmissions: 1199 Packet forwards: 3880 Route length: 4.0 Route uptime: 1.0 HQ Route Uptime: 1.0 Route switches: 0.0 

Plot saved to: C:\Users\Ameliyn\MCA_Routing_BSCAP\Results_Multi_N4\daisy_chain_large_2400_4-0_1\instantaneous_pdr_plot.png
Delay-over-time plot saved to: C:\Users\Ameliyn\MCA_Routing_BSCAP\Results_Multi_N4\daisy_chain_large_2400_4-0_1\delay_over_time.png
