Rows with invalid delay (0 or inf):
                           Pkt ID         Route  Generation Time (in s)  First Tx At (in s)  ...  Min. SINR Along Route  SINR at Flow Dest  Min. Data Rate Along Route (in Mbps)  Data Rate at Flow Src (in Mbps)
0  2000008196969_Node0_Node5_Zero  [0, 1, 3, 5]             2000.008197         2000.008367  ...               2.396369                inf                                    22                               22
1  2000016390588_Node0_Node5_Zero  [0, 1, 3, 5]             2000.016391         2000.016681  ...               2.396369                inf                                    22                               22
2  2000024583943_Node0_Node5_Zero  [0, 1, 3, 5]             2000.024584         2000.024814  ...               2.396369                inf                                    22                               22

[3 rows x 14 columns]
Parent directory is not in 'WARx' format.
DEBUG Flow file=Flow_Node0-Node6.csv, Extracted src=0, dst=6
DEBUG Route dict candidate=[0, 6]
Unique nodes participated for this flow: [0, 1, 3, 5]
node 0 total drops: 0 drop_expiry 0 0 drop_q_mngmnt 0 0 drop_retry 0 0 drop_overflow 0 0 drop_no_route 0 0
node 1 total drops: 0 drop_expiry 0 0 drop_q_mngmnt 0 0 drop_retry 0 0 drop_overflow 0 0 drop_no_route 0 0
node 3 total drops: 0 drop_expiry 0 0 drop_q_mngmnt 0 0 drop_retry 0 0 drop_overflow 0 0 drop_no_route 0 0
node 5 total drops: 0 drop_expiry 0 0 drop_q_mngmnt 0 0 drop_retry 0 0 drop_overflow 0 0 drop_no_route 0 0
                                                                                            File Path Run No Packets Generated Packets Received       PDR Avg Delay #Retransmissions #Forwards Avg Route Length %Route Uptime %HQ Route Uptime Route Switches Packet Drop (Expiry) Packet Drop (Queue Management) Packet Drop (Retry) Packet Drop (Overflow) Packet Drop (No Route) Packet Reinserted (TCP)          Flow_ID
C:\Users\Ameliyn\MCA_Routing_BSCAP\Results_Multi_N4\daisy_chain_small_1200_2-0_1\Flow_Node0-Node6.csv      1               488              485  0.993852   0.00437               22      1460              3.0           1.0              1.0              0                    0                              0                   0                      0                      0                       0 Flow_Node0-Node6
                                                                                                 Mean                    488.0            485.0  0.993852   0.00437             22.0    1460.0              3.0           1.0              1.0            0.0                                                                                                                                                               
                                                                                               Median                    488.0            485.0  0.993852   0.00437             22.0    1460.0              3.0           1.0              1.0            0.0                                                                                                                                                               
                                                                                         95% CI Lower                      NaN              NaN       NaN       NaN              NaN       NaN              NaN           NaN              NaN            NaN                                                                                                                                                               
                                                                                         95% CI Upper                      NaN              NaN       NaN       NaN              NaN       NaN              NaN           NaN              NaN            NaN                                                                                                                                                               
Instantaneous PDR data saved to C:\Users\Ameliyn\MCA_Routing_BSCAP\Results_Multi_N4\daisy_chain_small_1200_2-0_1\instantaneous_pdr.csv

=== Flow-level Summary (All Metrics) ===
Empty DataFrame
Columns: [Pkt ID, Route, Generation Time (in s), First Tx At (in s), Delay (in s), Times Packet Forwarded, Retransmissions, Packet Size (in bytes), Tx Power (in watt), Average Transmission Power in the route (in watt), Min. SINR Along Route, SINR at Flow Dest, Min. Data Rate Along Route (in Mbps), Data Rate at Flow Src (in Mbps), Base Packet ID]
Index: []

Flow Flow_Node0-Node6:
  Packets Generated: 488.00
  Packets Received : 485.00
  PDR              : 0.994
  Avg Delay (s)    : 0.0044
  Max Delay (s)    : 0.0781
  95th %ile Delay(s): 0.0038
  Retransmissions  : 22.00
  Forwards         : 1460.00
  Drops (Expiry)   : 0
  Drops (Queue Mgmt): 0
  Drops (Retry)    : 0
  Drops (Overflow) : 0
  Drops (No Route) : 0
  TCP Reinsertions : 0
Avg:  Packets generated: 488 Packets received: 485 PDR: 0.9938524590163934 Avg delay: 0.00437037731958763 Retransmissions: 22 Packet forwards: 1460 Route length: 3.0 Route uptime: 1.0 HQ Route Uptime: 1.0 Route switches: 0.0 

Plot saved to: C:\Users\Ameliyn\MCA_Routing_BSCAP\Results_Multi_N4\daisy_chain_small_1200_2-0_1\instantaneous_pdr_plot.png
Delay-over-time plot saved to: C:\Users\Ameliyn\MCA_Routing_BSCAP\Results_Multi_N4\daisy_chain_small_1200_2-0_1\delay_over_time.png
