Rows with invalid delay (0 or inf):
                               Pkt ID               Route  Generation Time (in s)  First Tx At (in s)  ...  Min. SINR Along Route  SINR at Flow Dest  Min. Data Rate Along Route (in Mbps)  Data Rate at Flow Src (in Mbps)
0      2000004098908_Node0_Node5_Zero  [0, 1, 2, 3, 4, 5]             2000.004099         2000.004409  ...               2.396369                inf                                    22                               22
1      2000008201241_Node0_Node5_Zero  [0, 1, 2, 3, 4, 5]             2000.008201         2000.061553  ...               2.396369                inf                                    22                               22
2      2000012297112_Node0_Node5_Zero  [0, 1, 2, 3, 4, 5]             2000.012297         2000.061553  ...               2.396369                inf                                    22                               22
3      2000016398274_Node0_Node5_Zero  [0, 1, 2, 3, 4, 5]             2000.016398         2000.067285  ...               2.396369                inf                                    22                               22
4      2000020496680_Node0_Node5_Zero  [0, 1, 2, 3, 4, 5]             2000.020497         2000.067285  ...               2.396369                inf                                    22                               22
...                               ...                 ...                     ...                 ...  ...                    ...                ...                                   ...                              ...
24380  2099922430134_Node0_Node5_Zero  [0, 1, 2, 3, 4, 5]             2099.922430         2099.924770  ...               3.320415                inf                                    22                               22
24381  2099926525887_Node0_Node5_Zero  [0, 1, 2, 3, 4, 5]             2099.926526         2099.929655  ...               2.572605                inf                                    22                               22
24382  2099930629032_Node0_Node5_Zero  [0, 1, 2, 3, 4, 5]             2099.930629         2099.944391  ...               2.191236                inf                                    22                               22
24383  2099934729432_Node0_Node5_Zero  [0, 1, 2, 3, 4, 5]             2099.934729         2099.944391  ...               2.191236                inf                                    22                               22
24384  2099938827876_Node0_Node5_Zero  [0, 1, 2, 3, 4, 5]             2099.938828         2099.952472  ...               1.607227                inf                                    22                               22

[4678 rows x 14 columns]
Parent directory is not in 'WARx' format.
DEBUG Flow file=Flow_Node0-Node6.csv, Extracted src=0, dst=6
DEBUG Route dict candidate=[0, 6]
Unique nodes participated for this flow: [0, 1, 2, 3, 4, 5]
node 0 total drops: 0 drop_expiry 0 0 drop_q_mngmnt 0 0 drop_retry 0 0 drop_overflow 0 0 drop_no_route 0 0
node 1 total drops: 0 drop_expiry 0 0 drop_q_mngmnt 0 0 drop_retry 0 0 drop_overflow 0 0 drop_no_route 0 0
node 2 total drops: 0 drop_expiry 0 0 drop_q_mngmnt 0 0 drop_retry 0 0 drop_overflow 0 0 drop_no_route 0 0
node 3 total drops: 0 drop_expiry 0 0 drop_q_mngmnt 0 0 drop_retry 0 0 drop_overflow 0 0 drop_no_route 0 0
node 4 total drops: 0 drop_expiry 0 0 drop_q_mngmnt 0 0 drop_retry 0 0 drop_overflow 0 0 drop_no_route 0 0
node 5 total drops: 0 drop_expiry 0 0 drop_q_mngmnt 0 0 drop_retry 0 0 drop_overflow 0 0 drop_no_route 0 0
                                                                                               File Path Run No Packets Generated Packets Received       PDR Avg Delay #Retransmissions #Forwards Avg Route Length %Route Uptime %HQ Route Uptime Route Switches Packet Drop (Expiry) Packet Drop (Queue Management) Packet Drop (Retry) Packet Drop (Overflow) Packet Drop (No Route) Packet Reinserted (TCP)          Flow_ID
C:\Users\Ameliyn\MCA_Routing_BSCAP\Results_Multi_N100\daisy_chain_medium_1200_4-0_1\Flow_Node0-Node6.csv      1             24400            19722  0.808279  1.764693            34580    103195              5.0           1.0              1.0              0                    0                              0                   0                      0                      0                       0 Flow_Node0-Node6
                                                                                                    Mean                  24400.0          19722.0  0.808279  1.764693          34580.0  103195.0              5.0           1.0              1.0            0.0                                                                                                                                                               
                                                                                                  Median                  24400.0          19722.0  0.808279  1.764693          34580.0  103195.0              5.0           1.0              1.0            0.0                                                                                                                                                               
                                                                                            95% CI Lower                      NaN              NaN       NaN       NaN              NaN       NaN              NaN           NaN              NaN            NaN                                                                                                                                                               
                                                                                            95% CI Upper                      NaN              NaN       NaN       NaN              NaN       NaN              NaN           NaN              NaN            NaN                                                                                                                                                               
Instantaneous PDR data saved to C:\Users\Ameliyn\MCA_Routing_BSCAP\Results_Multi_N100\daisy_chain_medium_1200_4-0_1\instantaneous_pdr.csv

=== Flow-level Summary (All Metrics) ===
Empty DataFrame
Columns: [Pkt ID, Route, Generation Time (in s), First Tx At (in s), Delay (in s), Times Packet Forwarded, Retransmissions, Packet Size (in bytes), Tx Power (in watt), Average Transmission Power in the route (in watt), Min. SINR Along Route, SINR at Flow Dest, Min. Data Rate Along Route (in Mbps), Data Rate at Flow Src (in Mbps), Base Packet ID]
Index: []

Flow Flow_Node0-Node6:
  Packets Generated: 24400.00
  Packets Received : 19722.00
  PDR              : 0.808
  Avg Delay (s)    : 1.7647
  Max Delay (s)    : 2.0478
  95th %ile Delay(s): 1.9063
  Retransmissions  : 34580.00
  Forwards         : 103195.00
  Drops (Expiry)   : 0
  Drops (Queue Mgmt): 0
  Drops (Retry)    : 0
  Drops (Overflow) : 0
  Drops (No Route) : 0
  TCP Reinsertions : 0
Avg:  Packets generated: 24400 Packets received: 19722 PDR: 0.8082786885245902 Avg delay: 1.7646929394584727 Retransmissions: 34580 Packet forwards: 103195 Route length: 5.0 Route uptime: 1.0 HQ Route Uptime: 1.0 Route switches: 0.0 

Plot saved to: C:\Users\Ameliyn\MCA_Routing_BSCAP\Results_Multi_N100\daisy_chain_medium_1200_4-0_1\instantaneous_pdr_plot.png
Delay-over-time plot saved to: C:\Users\Ameliyn\MCA_Routing_BSCAP\Results_Multi_N100\daisy_chain_medium_1200_4-0_1\delay_over_time.png
