Rows with invalid delay (0 or inf):
                               Pkt ID            Route  Generation Time (in s)  First Tx At (in s)  ...  Min. SINR Along Route  SINR at Flow Dest  Min. Data Rate Along Route (in Mbps)  Data Rate at Flow Src (in Mbps)
0      2000004094995_Node0_Node4_Zero  [0, 1, 2, 3, 4]             2000.004095         2000.004385  ...               2.396369                inf                                    22                               22
1      2000008194079_Node0_Node4_Zero  [0, 1, 2, 3, 4]             2000.008194         2000.041295  ...               2.396369                inf                                    22                               22
2      2000012296283_Node0_Node4_Zero  [0, 1, 2, 3, 4]             2000.012296         2000.041295  ...               2.396369                inf                                    22                               22
3      2000016391955_Node0_Node4_Zero  [0, 1, 2, 3, 4]             2000.016392         2000.043265  ...               2.396369                inf                                    22                               22
4      2000020495195_Node0_Node4_Zero  [0, 1, 2, 3, 4]             2000.020495         2000.043265  ...               2.396369                inf                                    22                               22
5      2000024589620_Node0_Node4_Zero  [0, 1, 2, 3, 4]             2000.024590         2000.047332  ...               2.396369                inf                                    22                               22
6      2000028687408_Node0_Node4_Zero  [0, 1, 2, 3, 4]             2000.028687         2000.047332  ...               2.396369                inf                                    22                               22
102    2000422120285_Node0_Node4_Zero  [0, 1, 2, 3, 4]             2000.422120         2000.435163  ...               1.658241                inf                                    22                               22
103    2000426217991_Node0_Node4_Zero  [0, 1, 2, 3, 4]             2000.426218         2000.435163  ...               1.658241                inf                                    22                               22
113    2000467192833_Node0_Node4_Zero  [0, 1, 2, 3, 4]             2000.467193         2000.511521  ...               1.658241                inf                                    22                               22
2578   2010569669685_Node0_Node4_Zero  [0, 1, 2, 3, 4]             2010.569670         2010.940795  ...               1.658241                inf                                    22                               22
2579   2010573770843_Node0_Node4_Zero  [0, 1, 2, 3, 4]             2010.573771         2010.940795  ...               1.658241                inf                                    22                               22
2586   2010602453708_Node0_Node4_Zero  [0, 1, 2, 3, 4]             2010.602454         2011.045643  ...               1.658241                inf                                    22                               22
2587   2010606556696_Node0_Node4_Zero  [0, 1, 2, 3, 4]             2010.606557         2011.045643  ...               1.658241                inf                                    22                               22
2592   2010627046382_Node0_Node4_Zero  [0, 1, 2, 3, 4]             2010.627046         2011.107651  ...               1.658241                inf                                    22                               22
2593   2010631144581_Node0_Node4_Zero  [0, 1, 2, 3, 4]             2010.631145         2011.107651  ...               1.658241                inf                                    22                               22
2604   2010676217228_Node0_Node4_Zero  [0, 1, 2, 3, 4]             2010.676217         2011.264691  ...               1.658241                inf                                    22                               22
7970   2032803355534_Node0_Node4_Zero  [0, 1, 2, 3, 4]             2032.803356         2034.475724  ...               1.658241                inf                                    22                               22
7971   2032807458294_Node0_Node4_Zero  [0, 1, 2, 3, 4]             2032.807458         2034.475724  ...               1.658241                inf                                    22                               22
18328  2077586470599_Node0_Node4_Zero  [0, 1, 2, 3, 4]             2077.586471         2079.236053  ...               1.658241                inf                                    22                               22
18329  2077590567322_Node0_Node4_Zero  [0, 1, 2, 3, 4]             2077.590567         2079.236053  ...               1.658241                inf                                    22                               22

[21 rows x 14 columns]
Parent directory is not in 'WARx' format.
DEBUG Flow file=Flow_Node0-Node5.csv, Extracted src=0, dst=5
DEBUG Route dict candidate=[0, 5]
Unique nodes participated for this flow: [0, 1, 2, 3, 4]
node 0 total drops: 0 drop_expiry 0 0 drop_q_mngmnt 0 0 drop_retry 0 0 drop_overflow 0 0 drop_no_route 0 0
node 1 total drops: 0 drop_expiry 0 0 drop_q_mngmnt 0 0 drop_retry 0 0 drop_overflow 0 0 drop_no_route 0 0
node 2 total drops: 0 drop_expiry 0 0 drop_q_mngmnt 0 0 drop_retry 0 0 drop_overflow 0 0 drop_no_route 0 0
node 3 total drops: 0 drop_expiry 0 0 drop_q_mngmnt 0 0 drop_retry 0 0 drop_overflow 0 0 drop_no_route 0 0
node 4 total drops: 0 drop_expiry 0 0 drop_q_mngmnt 0 0 drop_retry 0 0 drop_overflow 0 0 drop_no_route 0 0
                                                                                              File Path Run No Packets Generated Packets Received       PDR Avg Delay #Retransmissions #Forwards Avg Route Length %Route Uptime %HQ Route Uptime Route Switches Packet Drop (Expiry) Packet Drop (Queue Management) Packet Drop (Retry) Packet Drop (Overflow) Packet Drop (No Route) Packet Reinserted (TCP)          Flow_ID
C:\Users\Ameliyn\MCA_Routing_BSCAP\Results_Multi_N100\daisy_chain_large_2400_4-0_1\Flow_Node0-Node5.csv      1             24400            23552  0.965246  1.517389            29503     94220              4.0           1.0              1.0              0                    0                              0                   0                      0                      0                       0 Flow_Node0-Node5
                                                                                                   Mean                  24400.0          23552.0  0.965246  1.517389          29503.0   94220.0              4.0           1.0              1.0            0.0                                                                                                                                                               
                                                                                                 Median                  24400.0          23552.0  0.965246  1.517389          29503.0   94220.0              4.0           1.0              1.0            0.0                                                                                                                                                               
                                                                                           95% CI Lower                      NaN              NaN       NaN       NaN              NaN       NaN              NaN           NaN              NaN            NaN                                                                                                                                                               
                                                                                           95% CI Upper                      NaN              NaN       NaN       NaN              NaN       NaN              NaN           NaN              NaN            NaN                                                                                                                                                               
Instantaneous PDR data saved to C:\Users\Ameliyn\MCA_Routing_BSCAP\Results_Multi_N100\daisy_chain_large_2400_4-0_1\instantaneous_pdr.csv

=== Flow-level Summary (All Metrics) ===
Empty DataFrame
Columns: [Pkt ID, Route, Generation Time (in s), First Tx At (in s), Delay (in s), Times Packet Forwarded, Retransmissions, Packet Size (in bytes), Tx Power (in watt), Average Transmission Power in the route (in watt), Min. SINR Along Route, SINR at Flow Dest, Min. Data Rate Along Route (in Mbps), Data Rate at Flow Src (in Mbps), Base Packet ID]
Index: []

Flow Flow_Node0-Node5:
  Packets Generated: 24400.00
  Packets Received : 23552.00
  PDR              : 0.965
  Avg Delay (s)    : 1.5174
  Max Delay (s)    : 1.8648
  95th %ile Delay(s): 1.8037
  Retransmissions  : 29503.00
  Forwards         : 94220.00
  Drops (Expiry)   : 0
  Drops (Queue Mgmt): 0
  Drops (Retry)    : 0
  Drops (Overflow) : 0
  Drops (No Route) : 0
  TCP Reinsertions : 0
Avg:  Packets generated: 24400 Packets received: 23552 PDR: 0.9652459016393443 Avg delay: 1.5173885119735053 Retransmissions: 29503 Packet forwards: 94220 Route length: 4.0 Route uptime: 1.0 HQ Route Uptime: 1.0 Route switches: 0.0 

Plot saved to: C:\Users\Ameliyn\MCA_Routing_BSCAP\Results_Multi_N100\daisy_chain_large_2400_4-0_1\instantaneous_pdr_plot.png
Delay-over-time plot saved to: C:\Users\Ameliyn\MCA_Routing_BSCAP\Results_Multi_N100\daisy_chain_large_2400_4-0_1\delay_over_time.png
