Rows with invalid delay (0 or inf):
                               Pkt ID  ... Data Rate at Flow Src (in Mbps)
165    2000340154082_Node0_Node4_Zero  ...                              11
166    2000342203638_Node0_Node4_Zero  ...                              11
167    2000344254963_Node0_Node4_Zero  ...                              11
168    2000346301864_Node0_Node4_Zero  ...                              11
169    2000348350083_Node0_Node4_Zero  ...                              11
...                               ...  ...                             ...
31392  2099993033312_Node0_Node4_Zero  ...                              11
31393  2099995086107_Node0_Node4_Zero  ...                              11
31394  2099997138134_Node0_Node4_Zero  ...                              11
31395  2099999189577_Node0_Node4_Zero  ...                              11
31396  2100001237929_Node0_Node4_Zero  ...                              11

[23860 rows x 14 columns]
Parent directory is not in 'WARx' format.
DEBUG Flow file=Flow_Node0-Node5.csv, Extracted src=0, dst=5
DEBUG Route dict candidate=[0, 5]
Unique nodes participated for this flow: [0, 1, 2, 3, 4]
node 0 total drops: 0 drop_expiry 0 0 drop_q_mngmnt 0 0 drop_retry 0 0 drop_overflow 0 0 drop_no_route 0 0
node 1 total drops: 0 drop_expiry 0 0 drop_q_mngmnt 0 0 drop_retry 0 0 drop_overflow 0 0 drop_no_route 0 0
node 2 total drops: 0 drop_expiry 0 0 drop_q_mngmnt 0 0 drop_retry 0 0 drop_overflow 0 0 drop_no_route 0 0
node 3 total drops: 0 drop_expiry 0 0 drop_q_mngmnt 0 0 drop_retry 0 0 drop_overflow 0 0 drop_no_route 0 0
node 4 total drops: 0 drop_expiry 0 0 drop_q_mngmnt 0 0 drop_retry 0 0 drop_overflow 0 0 drop_no_route 0 0
                                                                                             File Path Run No Packets Generated Packets Received       PDR Avg Delay #Retransmissions #Forwards Avg Route Length %Route Uptime %HQ Route Uptime Route Switches Packet Drop (Expiry) Packet Drop (Queue Management) Packet Drop (Retry) Packet Drop (Overflow) Packet Drop (No Route) Packet Reinserted (TCP)          Flow_ID
C:\Users\Ameliyn\MCA_Routing_BSCAP\Results_Multi_N100\daisy_chain_small_500_8-0_0\Flow_Node0-Node5.csv      1             48801             7537  0.154444  2.480294            24161     53969              4.0           1.0              1.0              0                    0                              0                   0                      0                      0                       0 Flow_Node0-Node5
                                                                                                  Mean                  48801.0           7537.0  0.154444  2.480294          24161.0   53969.0              4.0           1.0              1.0            0.0                                                                                                                                                               
                                                                                                Median                  48801.0           7537.0  0.154444  2.480294          24161.0   53969.0              4.0           1.0              1.0            0.0                                                                                                                                                               
                                                                                          95% CI Lower                      NaN              NaN       NaN       NaN              NaN       NaN              NaN           NaN              NaN            NaN                                                                                                                                                               
                                                                                          95% CI Upper                      NaN              NaN       NaN       NaN              NaN       NaN              NaN           NaN              NaN            NaN                                                                                                                                                               
Instantaneous PDR data saved to C:\Users\Ameliyn\MCA_Routing_BSCAP\Results_Multi_N100\daisy_chain_small_500_8-0_0\instantaneous_pdr.csv

=== Flow-level Summary (All Metrics) ===
Empty DataFrame
Columns: [Pkt ID, Route, Generation Time (in s), First Tx At (in s), Delay (in s), Times Packet Forwarded, Retransmissions, Packet Size (in bytes), Tx Power (in watt), Average Transmission Power in the route (in watt), Min. SINR Along Route, SINR at Flow Dest, Min. Data Rate Along Route (in Mbps), Data Rate at Flow Src (in Mbps), Base Packet ID]
Index: []

Flow Flow_Node0-Node5:
  Packets Generated: 48801.00
  Packets Received : 7537.00
  PDR              : 0.154
  Avg Delay (s)    : 2.4803
  Max Delay (s)    : 2.9806
  95th %ile Delay(s): 2.7630
  Retransmissions  : 24161.00
  Forwards         : 53969.00
  Drops (Expiry)   : 0
  Drops (Queue Mgmt): 0
  Drops (Retry)    : 0
  Drops (Overflow) : 0
  Drops (No Route) : 0
  TCP Reinsertions : 0
Avg:  Packets generated: 48801 Packets received: 7537 PDR: 0.15444355648449826 Avg delay: 2.48029443890142 Retransmissions: 24161 Packet forwards: 53969 Route length: 4.0 Route uptime: 1.0 HQ Route Uptime: 1.0 Route switches: 0.0 

Plot saved to: C:\Users\Ameliyn\MCA_Routing_BSCAP\Results_Multi_N100\daisy_chain_small_500_8-0_0\instantaneous_pdr_plot.png
Delay-over-time plot saved to: C:\Users\Ameliyn\MCA_Routing_BSCAP\Results_Multi_N100\daisy_chain_small_500_8-0_0\delay_over_time.png
