Rows with invalid delay (0 or inf):
                               Pkt ID               Route  Generation Time (in s)  First Tx At (in s)  ...  Min. SINR Along Route  SINR at Flow Dest  Min. Data Rate Along Route (in Mbps)  Data Rate at Flow Src (in Mbps)
129    2000266442974_Node0_Node5_Zero  [0, 1, 2, 3, 4, 5]             2000.266443         2000.435393  ...               1.664145                inf                                    11                               11
130    2000268488918_Node0_Node5_Zero  [0, 1, 2, 3, 4, 5]             2000.268489         2000.437423  ...               1.664145                inf                                    11                               11
131    2000270540465_Node0_Node5_Zero  [0, 1, 2, 3, 4, 5]             2000.270540         2000.439333  ...               1.664145                inf                                    11                               11
132    2000272585930_Node0_Node5_Zero  [0, 1, 2, 3, 4, 5]             2000.272586         2000.441223  ...               1.664145                inf                                    11                               11
133    2000274633221_Node0_Node5_Zero  [0, 1, 2, 3, 4, 5]             2000.274633         2000.443313  ...               1.664145                inf                                    11                               11
...                               ...                 ...                     ...                 ...  ...                    ...                ...                                   ...                              ...
25969  2099993440255_Node0_Node5_Zero  [0, 1, 2, 3, 4, 5]             2099.993440         2101.478785  ...               1.664145                inf                                    11                               11
25970  2099995485241_Node0_Node5_Zero  [0, 1, 2, 3, 4, 5]             2099.995485         2101.480895  ...               1.664145                inf                                    11                               11
25971  2099997532180_Node0_Node5_Zero  [0, 1, 2, 3, 4, 5]             2099.997532         2101.482965  ...               1.664145                inf                                    11                               11
25972  2099999578412_Node0_Node5_Zero  [0, 1, 2, 3, 4, 5]             2099.999578         2101.484875  ...               1.664145                inf                                    11                               11
25973  2100001623968_Node0_Node5_Zero  [0, 1, 2, 3, 4, 5]             2100.001624         2101.486985  ...               1.664145                inf                                    11                               11

[17404 rows x 14 columns]
Parent directory is not in 'WARx' format.
DEBUG Flow file=Flow_Node0-Node6.csv, Extracted src=0, dst=6
DEBUG Route dict candidate=[0, 6]
Unique nodes participated for this flow: [0, 1, 2, 3, 4, 5]
node 0 total drops: 0 drop_expiry 0 0 drop_q_mngmnt 0 0 drop_retry 0 0 drop_overflow 0 0 drop_no_route 0 0
node 1 total drops: 0 drop_expiry 0 0 drop_q_mngmnt 0 0 drop_retry 0 0 drop_overflow 0 0 drop_no_route 0 0
node 2 total drops: 0 drop_expiry 0 0 drop_q_mngmnt 0 0 drop_retry 0 0 drop_overflow 0 0 drop_no_route 0 0
node 3 total drops: 0 drop_expiry 0 0 drop_q_mngmnt 0 0 drop_retry 0 0 drop_overflow 0 0 drop_no_route 0 0
node 4 total drops: 0 drop_expiry 0 0 drop_q_mngmnt 0 0 drop_retry 0 0 drop_overflow 0 0 drop_no_route 0 0
node 5 total drops: 0 drop_expiry 0 0 drop_q_mngmnt 0 0 drop_retry 0 0 drop_overflow 0 0 drop_no_route 0 0
                                                                                               File Path Run No Packets Generated Packets Received       PDR Avg Delay #Retransmissions #Forwards Avg Route Length %Route Uptime %HQ Route Uptime Route Switches Packet Drop (Expiry) Packet Drop (Queue Management) Packet Drop (Retry) Packet Drop (Overflow) Packet Drop (No Route) Packet Reinserted (TCP)          Flow_ID
C:\Users\Ameliyn\MCA_Routing_BSCAP\Results_Multi_N100\daisy_chain_medium_1200_8-0_0\Flow_Node0-Node6.csv      1             48801             8570  0.175611  2.572091            30981     62927              5.0           1.0              1.0              0                    0                              0                   0                      0                      0                       0 Flow_Node0-Node6
                                                                                                    Mean                  48801.0           8570.0  0.175611  2.572091          30981.0   62927.0              5.0           1.0              1.0            0.0                                                                                                                                                               
                                                                                                  Median                  48801.0           8570.0  0.175611  2.572091          30981.0   62927.0              5.0           1.0              1.0            0.0                                                                                                                                                               
                                                                                            95% CI Lower                      NaN              NaN       NaN       NaN              NaN       NaN              NaN           NaN              NaN            NaN                                                                                                                                                               
                                                                                            95% CI Upper                      NaN              NaN       NaN       NaN              NaN       NaN              NaN           NaN              NaN            NaN                                                                                                                                                               
Instantaneous PDR data saved to C:\Users\Ameliyn\MCA_Routing_BSCAP\Results_Multi_N100\daisy_chain_medium_1200_8-0_0\instantaneous_pdr.csv

=== Flow-level Summary (All Metrics) ===
Empty DataFrame
Columns: [Pkt ID, Route, Generation Time (in s), First Tx At (in s), Delay (in s), Times Packet Forwarded, Retransmissions, Packet Size (in bytes), Tx Power (in watt), Average Transmission Power in the route (in watt), Min. SINR Along Route, SINR at Flow Dest, Min. Data Rate Along Route (in Mbps), Data Rate at Flow Src (in Mbps), Base Packet ID]
Index: []

Flow Flow_Node0-Node6:
  Packets Generated: 48801.00
  Packets Received : 8570.00
  PDR              : 0.176
  Avg Delay (s)    : 2.5721
  Max Delay (s)    : 3.0051
  95th %ile Delay(s): 2.8222
  Retransmissions  : 30981.00
  Forwards         : 62927.00
  Drops (Expiry)   : 0
  Drops (Queue Mgmt): 0
  Drops (Retry)    : 0
  Drops (Overflow) : 0
  Drops (No Route) : 0
  TCP Reinsertions : 0
Avg:  Packets generated: 48801 Packets received: 8570 PDR: 0.1756111555091084 Avg delay: 2.572090863593932 Retransmissions: 30981 Packet forwards: 62927 Route length: 5.0 Route uptime: 1.0 HQ Route Uptime: 1.0 Route switches: 0.0 

Plot saved to: C:\Users\Ameliyn\MCA_Routing_BSCAP\Results_Multi_N100\daisy_chain_medium_1200_8-0_0\instantaneous_pdr_plot.png
Delay-over-time plot saved to: C:\Users\Ameliyn\MCA_Routing_BSCAP\Results_Multi_N100\daisy_chain_medium_1200_8-0_0\delay_over_time.png
