Rows with invalid delay (0 or inf):
                               Pkt ID  ... Data Rate at Flow Src (in Mbps)
302    2001241808123_Node0_Node4_Zero  ...                              11
303    2001245901531_Node0_Node4_Zero  ...                              11
304    2001249997281_Node0_Node4_Zero  ...                              11
305    2001254100321_Node0_Node4_Zero  ...                              11
306    2001258199953_Node0_Node4_Zero  ...                              11
...                               ...  ...                             ...
24378  2099913444842_Node0_Node4_Zero  ...                              11
24379  2099917538732_Node0_Node4_Zero  ...                              11
24380  2099921638436_Node0_Node4_Zero  ...                              11
24381  2099925732927_Node0_Node4_Zero  ...                              11
24382  2099929826732_Node0_Node4_Zero  ...                              11

[14588 rows x 14 columns]
Parent directory is not in 'WARx' format.
DEBUG Flow file=Flow_Node0-Node5.csv, Extracted src=0, dst=5
DEBUG Route dict candidate=[0, 5]
Unique nodes participated for this flow: [0, 1, 2, 3, 4]
node 0 total drops: 0 drop_expiry 0 0 drop_q_mngmnt 0 0 drop_retry 0 0 drop_overflow 0 0 drop_no_route 0 0
node 1 total drops: 0 drop_expiry 0 0 drop_q_mngmnt 0 0 drop_retry 0 0 drop_overflow 0 0 drop_no_route 0 0
node 2 total drops: 0 drop_expiry 0 0 drop_q_mngmnt 0 0 drop_retry 0 0 drop_overflow 0 0 drop_no_route 0 0
node 3 total drops: 0 drop_expiry 0 0 drop_q_mngmnt 0 0 drop_retry 0 0 drop_overflow 0 0 drop_no_route 0 0
node 4 total drops: 0 drop_expiry 0 0 drop_q_mngmnt 0 0 drop_retry 0 0 drop_overflow 0 0 drop_no_route 0 0
                                                                                             File Path Run No Packets Generated Packets Received       PDR Avg Delay #Retransmissions #Forwards Avg Route Length %Route Uptime %HQ Route Uptime Route Switches Packet Drop (Expiry) Packet Drop (Queue Management) Packet Drop (Retry) Packet Drop (Overflow) Packet Drop (No Route) Packet Reinserted (TCP)          Flow_ID
C:\Users\Ameliyn\MCA_Routing_BSCAP\Results_Multi_N100\daisy_chain_small_500_4-0_0\Flow_Node0-Node5.csv      1             24401             9813  0.402156  1.800318            30300     53797              4.0           1.0              1.0              0                    0                              0                   0                      0                      0                       0 Flow_Node0-Node5
                                                                                                  Mean                  24401.0           9813.0  0.402156  1.800318          30300.0   53797.0              4.0           1.0              1.0            0.0                                                                                                                                                               
                                                                                                Median                  24401.0           9813.0  0.402156  1.800318          30300.0   53797.0              4.0           1.0              1.0            0.0                                                                                                                                                               
                                                                                          95% CI Lower                      NaN              NaN       NaN       NaN              NaN       NaN              NaN           NaN              NaN            NaN                                                                                                                                                               
                                                                                          95% CI Upper                      NaN              NaN       NaN       NaN              NaN       NaN              NaN           NaN              NaN            NaN                                                                                                                                                               
Instantaneous PDR data saved to C:\Users\Ameliyn\MCA_Routing_BSCAP\Results_Multi_N100\daisy_chain_small_500_4-0_0\instantaneous_pdr.csv

=== Flow-level Summary (All Metrics) ===
Empty DataFrame
Columns: [Pkt ID, Route, Generation Time (in s), First Tx At (in s), Delay (in s), Times Packet Forwarded, Retransmissions, Packet Size (in bytes), Tx Power (in watt), Average Transmission Power in the route (in watt), Min. SINR Along Route, SINR at Flow Dest, Min. Data Rate Along Route (in Mbps), Data Rate at Flow Src (in Mbps), Base Packet ID]
Index: []

Flow Flow_Node0-Node5:
  Packets Generated: 24401.00
  Packets Received : 9813.00
  PDR              : 0.402
  Avg Delay (s)    : 1.8003
  Max Delay (s)    : 2.0262
  95th %ile Delay(s): 1.8985
  Retransmissions  : 30300.00
  Forwards         : 53797.00
  Drops (Expiry)   : 0
  Drops (Queue Mgmt): 0
  Drops (Retry)    : 0
  Drops (Overflow) : 0
  Drops (No Route) : 0
  TCP Reinsertions : 0
Avg:  Packets generated: 24401 Packets received: 9813 PDR: 0.40215564935863285 Avg delay: 1.8003178967695916 Retransmissions: 30300 Packet forwards: 53797 Route length: 4.0 Route uptime: 1.0 HQ Route Uptime: 1.0 Route switches: 0.0 

Plot saved to: C:\Users\Ameliyn\MCA_Routing_BSCAP\Results_Multi_N100\daisy_chain_small_500_4-0_0\instantaneous_pdr_plot.png
Delay-over-time plot saved to: C:\Users\Ameliyn\MCA_Routing_BSCAP\Results_Multi_N100\daisy_chain_small_500_4-0_0\delay_over_time.png
