Rows with invalid delay (0 or inf):
                             Pkt ID            Route  Generation Time (in s)  First Tx At (in s)  ...  Min. SINR Along Route  SINR at Flow Dest  Min. Data Rate Along Route (in Mbps)  Data Rate at Flow Src (in Mbps)
290  2001192520066_Node0_Node4_Zero  [0, 1, 2, 3, 4]             2001.192520         2001.210175  ...               2.356490                inf                                    11                               11
291  2001196619586_Node0_Node4_Zero  [0, 1, 2, 3, 4]             2001.196620         2001.212305  ...               1.664145                inf                                    11                               11
292  2001200722908_Node0_Node4_Zero  [0, 1, 2, 3, 4]             2001.200723         2001.214195  ...               1.664145                inf                                    11                               11
293  2001204819595_Node0_Node4_Zero  [0, 1, 2, 3, 4]             2001.204820         2001.216245  ...               1.664145                inf                                    11                               11
294  2001208914760_Node0_Node4_Zero  [0, 1, 2, 3, 4]             2001.208915         2001.218215  ...               1.664145                inf                                    11                               11
..                              ...              ...                     ...                 ...  ...                    ...                ...                                   ...                              ...
957  2003926207463_Node0_Node4_Zero  [0, 1, 2, 3, 4]             2003.926207         2003.959020  ...               1.664145                inf                                    11                               11
958  2003930307423_Node0_Node4_Zero  [0, 1, 2, 3, 4]             2003.930307         2003.961110  ...               1.664145                inf                                    11                               11
959  2003934400979_Node0_Node4_Zero  [0, 1, 2, 3, 4]             2003.934401         2003.963280  ...               1.664145                inf                                    11                               11
960  2003938500562_Node0_Node4_Zero  [0, 1, 2, 3, 4]             2003.938501         2003.965170  ...               1.664145                inf                                    11                               11
961  2003942600256_Node0_Node4_Zero  [0, 1, 2, 3, 4]             2003.942600         2003.967200  ...               1.664145                inf                                    11                               11

[348 rows x 14 columns]
Parent directory is not in 'WARx' format.
DEBUG Flow file=Flow_Node0-Node5.csv, Extracted src=0, dst=5
DEBUG Route dict candidate=[0, 5]
Unique nodes participated for this flow: [0, 1, 2, 3, 4]
node 0 total drops: 0 drop_expiry 0 0 drop_q_mngmnt 0 0 drop_retry 0 0 drop_overflow 0 0 drop_no_route 0 0
node 1 total drops: 0 drop_expiry 0 0 drop_q_mngmnt 0 0 drop_retry 0 0 drop_overflow 0 0 drop_no_route 0 0
node 2 total drops: 0 drop_expiry 0 0 drop_q_mngmnt 0 0 drop_retry 0 0 drop_overflow 0 0 drop_no_route 0 0
node 3 total drops: 0 drop_expiry 0 0 drop_q_mngmnt 0 0 drop_retry 0 0 drop_overflow 0 0 drop_no_route 0 0
node 4 total drops: 0 drop_expiry 0 0 drop_q_mngmnt 0 0 drop_retry 0 0 drop_overflow 0 0 drop_no_route 0 0
                                                                                            File Path Run No Packets Generated Packets Received       PDR Avg Delay #Retransmissions #Forwards Avg Route Length %Route Uptime %HQ Route Uptime Route Switches Packet Drop (Expiry) Packet Drop (Queue Management) Packet Drop (Retry) Packet Drop (Overflow) Packet Drop (No Route) Packet Reinserted (TCP)          Flow_ID
C:\Users\Ameliyn\MCA_Routing_BSCAP\Results_Multi_N4\daisy_chain_large_2400_4-0_0\Flow_Node0-Node5.csv      1               977              629  0.643808  1.424802             1681      2863              4.0           1.0              1.0              0                    0                              0                   0                      0                      0                       0 Flow_Node0-Node5
                                                                                                 Mean                    977.0            629.0  0.643808  1.424802           1681.0    2863.0              4.0           1.0              1.0            0.0                                                                                                                                                               
                                                                                               Median                    977.0            629.0  0.643808  1.424802           1681.0    2863.0              4.0           1.0              1.0            0.0                                                                                                                                                               
                                                                                         95% CI Lower                      NaN              NaN       NaN       NaN              NaN       NaN              NaN           NaN              NaN            NaN                                                                                                                                                               
                                                                                         95% CI Upper                      NaN              NaN       NaN       NaN              NaN       NaN              NaN           NaN              NaN            NaN                                                                                                                                                               
Instantaneous PDR data saved to C:\Users\Ameliyn\MCA_Routing_BSCAP\Results_Multi_N4\daisy_chain_large_2400_4-0_0\instantaneous_pdr.csv

=== Flow-level Summary (All Metrics) ===
Empty DataFrame
Columns: [Pkt ID, Route, Generation Time (in s), First Tx At (in s), Delay (in s), Times Packet Forwarded, Retransmissions, Packet Size (in bytes), Tx Power (in watt), Average Transmission Power in the route (in watt), Min. SINR Along Route, SINR at Flow Dest, Min. Data Rate Along Route (in Mbps), Data Rate at Flow Src (in Mbps), Base Packet ID]
Index: []

Flow Flow_Node0-Node5:
  Packets Generated: 977.00
  Packets Received : 629.00
  PDR              : 0.644
  Avg Delay (s)    : 1.4248
  Max Delay (s)    : 1.9410
  95th %ile Delay(s): 1.8773
  Retransmissions  : 1681.00
  Forwards         : 2863.00
  Drops (Expiry)   : 0
  Drops (Queue Mgmt): 0
  Drops (Retry)    : 0
  Drops (Overflow) : 0
  Drops (No Route) : 0
  TCP Reinsertions : 0
Avg:  Packets generated: 977 Packets received: 629 PDR: 0.6438075742067554 Avg delay: 1.4248020397456278 Retransmissions: 1681 Packet forwards: 2863 Route length: 4.0 Route uptime: 1.0 HQ Route Uptime: 1.0 Route switches: 0.0 

Plot saved to: C:\Users\Ameliyn\MCA_Routing_BSCAP\Results_Multi_N4\daisy_chain_large_2400_4-0_0\instantaneous_pdr_plot.png
Delay-over-time plot saved to: C:\Users\Ameliyn\MCA_Routing_BSCAP\Results_Multi_N4\daisy_chain_large_2400_4-0_0\delay_over_time.png
