Rows with invalid delay (0 or inf):
                               Pkt ID               Route  Generation Time (in s)  First Tx At (in s)  ...  Min. SINR Along Route  SINR at Flow Dest  Min. Data Rate Along Route (in Mbps)  Data Rate at Flow Src (in Mbps)
85     2000176248619_Node0_Node5_Zero  [0, 1, 2, 3, 4, 5]             2000.176249         2000.416520  ...               1.664145                inf                                    11                               11
146    2000301249638_Node0_Node5_Zero  [0, 1, 2, 3, 4, 5]             2000.301250         2000.706555  ...               1.664145                inf                                    11                               11
223    2000458994871_Node0_Node5_Zero  [0, 1, 2, 3, 4, 5]             2000.458995         2001.115967  ...               1.971854                inf                                    11                               11
306    2000629058362_Node0_Node5_Zero  [0, 1, 2, 3, 4, 5]             2000.629058         2001.425294  ...               1.664145                inf                                    11                               11
307    2000631106533_Node0_Node5_Zero  [0, 1, 2, 3, 4, 5]             2000.631107         2001.427564  ...               2.458459                inf                                    11                               11
...                               ...                 ...                     ...                 ...  ...                    ...                ...                                   ...                              ...
25642  2099874652905_Node0_Node5_Zero  [0, 1, 2, 3, 4, 5]             2099.874653         2101.480635  ...               1.664145                inf                                    11                               11
25643  2099876698178_Node0_Node5_Zero  [0, 1, 2, 3, 4, 5]             2099.876698         2101.484675  ...               1.664145                inf                                    11                               11
25644  2099878750294_Node0_Node5_Zero  [0, 1, 2, 3, 4, 5]             2099.878750         2101.488735  ...               1.664145                inf                                    11                               11
25645  2099880796222_Node0_Node5_Zero  [0, 1, 2, 3, 4, 5]             2099.880796         2101.492736  ...               1.664145                inf                                    11                               11
25646  2099882841372_Node0_Node5_Zero  [0, 1, 2, 3, 4, 5]             2099.882841         2101.498587  ...               1.664145                inf                                    11                               11

[17100 rows x 14 columns]
Parent directory is not in 'WARx' format.
DEBUG Flow file=Flow_Node0-Node6.csv, Extracted src=0, dst=6
DEBUG Route dict candidate=[0, 6]
Unique nodes participated for this flow: [0, 1, 2, 3, 4, 5]
node 0 total drops: 0 drop_expiry 0 0 drop_q_mngmnt 0 0 drop_retry 0 0 drop_overflow 0 0 drop_no_route 0 0
node 1 total drops: 0 drop_expiry 0 0 drop_q_mngmnt 0 0 drop_retry 0 0 drop_overflow 0 0 drop_no_route 0 0
node 2 total drops: 0 drop_expiry 0 0 drop_q_mngmnt 0 0 drop_retry 0 0 drop_overflow 0 0 drop_no_route 0 0
node 3 total drops: 0 drop_expiry 0 0 drop_q_mngmnt 0 0 drop_retry 0 0 drop_overflow 0 0 drop_no_route 0 0
node 4 total drops: 0 drop_expiry 0 0 drop_q_mngmnt 0 0 drop_retry 0 0 drop_overflow 0 0 drop_no_route 0 0
node 5 total drops: 0 drop_expiry 0 0 drop_q_mngmnt 0 0 drop_retry 0 0 drop_overflow 0 0 drop_no_route 0 0
                                                                                             File Path Run No Packets Generated Packets Received       PDR Avg Delay #Retransmissions #Forwards Avg Route Length %Route Uptime %HQ Route Uptime Route Switches Packet Drop (Expiry) Packet Drop (Queue Management) Packet Drop (Retry) Packet Drop (Overflow) Packet Drop (No Route) Packet Reinserted (TCP)          Flow_ID
C:\Users\Ameliyn\MCA_Routing_BSCAP\Results_Multi_N100\daisy_chain_small_600_8-0_0\Flow_Node0-Node6.csv      1             48801             8555  0.175304  2.557258            30953     63020              5.0           1.0              1.0              0                    0                              0                   0                      0                      0                       0 Flow_Node0-Node6
                                                                                                  Mean                  48801.0           8555.0  0.175304  2.557258          30953.0   63020.0              5.0           1.0              1.0            0.0                                                                                                                                                               
                                                                                                Median                  48801.0           8555.0  0.175304  2.557258          30953.0   63020.0              5.0           1.0              1.0            0.0                                                                                                                                                               
                                                                                          95% CI Lower                      NaN              NaN       NaN       NaN              NaN       NaN              NaN           NaN              NaN            NaN                                                                                                                                                               
                                                                                          95% CI Upper                      NaN              NaN       NaN       NaN              NaN       NaN              NaN           NaN              NaN            NaN                                                                                                                                                               
Instantaneous PDR data saved to C:\Users\Ameliyn\MCA_Routing_BSCAP\Results_Multi_N100\daisy_chain_small_600_8-0_0\instantaneous_pdr.csv

=== Flow-level Summary (All Metrics) ===
Empty DataFrame
Columns: [Pkt ID, Route, Generation Time (in s), First Tx At (in s), Delay (in s), Times Packet Forwarded, Retransmissions, Packet Size (in bytes), Tx Power (in watt), Average Transmission Power in the route (in watt), Min. SINR Along Route, SINR at Flow Dest, Min. Data Rate Along Route (in Mbps), Data Rate at Flow Src (in Mbps), Base Packet ID]
Index: []

Flow Flow_Node0-Node6:
  Packets Generated: 48801.00
  Packets Received : 8555.00
  PDR              : 0.175
  Avg Delay (s)    : 2.5573
  Max Delay (s)    : 2.9981
  95th %ile Delay(s): 2.8255
  Retransmissions  : 30953.00
  Forwards         : 63020.00
  Drops (Expiry)   : 0
  Drops (Queue Mgmt): 0
  Drops (Retry)    : 0
  Drops (Overflow) : 0
  Drops (No Route) : 0
  TCP Reinsertions : 0
Avg:  Packets generated: 48801 Packets received: 8555 PDR: 0.17530378475850905 Avg delay: 2.55725833232028 Retransmissions: 30953 Packet forwards: 63020 Route length: 5.0 Route uptime: 1.0 HQ Route Uptime: 1.0 Route switches: 0.0 

Plot saved to: C:\Users\Ameliyn\MCA_Routing_BSCAP\Results_Multi_N100\daisy_chain_small_600_8-0_0\instantaneous_pdr_plot.png
Delay-over-time plot saved to: C:\Users\Ameliyn\MCA_Routing_BSCAP\Results_Multi_N100\daisy_chain_small_600_8-0_0\delay_over_time.png
