Rows with invalid delay (0 or inf):
                               Pkt ID  ... Data Rate at Flow Src (in Mbps)
236    2000971322771_Node0_Node4_Zero  ...                              11
299    2001229516592_Node0_Node4_Zero  ...                              11
300    2001233614508_Node0_Node4_Zero  ...                              11
301    2001237708304_Node0_Node4_Zero  ...                              11
302    2001241808273_Node0_Node4_Zero  ...                              11
...                               ...  ...                             ...
24382  2099930425361_Node0_Node4_Zero  ...                              11
24383  2099934520414_Node0_Node4_Zero  ...                              11
24384  2099938614638_Node0_Node4_Zero  ...                              11
24385  2099942716601_Node0_Node4_Zero  ...                              11
24386  2099946812158_Node0_Node4_Zero  ...                              11

[14747 rows x 14 columns]
Parent directory is not in 'WARx' format.
DEBUG Flow file=Flow_Node0-Node5.csv, Extracted src=0, dst=5
DEBUG Route dict candidate=[0, 5]
Unique nodes participated for this flow: [0, 1, 2, 3, 4]
node 0 total drops: 0 drop_expiry 0 0 drop_q_mngmnt 0 0 drop_retry 0 0 drop_overflow 0 0 drop_no_route 0 0
node 1 total drops: 0 drop_expiry 0 0 drop_q_mngmnt 0 0 drop_retry 0 0 drop_overflow 0 0 drop_no_route 0 0
node 2 total drops: 0 drop_expiry 0 0 drop_q_mngmnt 0 0 drop_retry 0 0 drop_overflow 0 0 drop_no_route 0 0
node 3 total drops: 0 drop_expiry 0 0 drop_q_mngmnt 0 0 drop_retry 0 0 drop_overflow 0 0 drop_no_route 0 0
node 4 total drops: 0 drop_expiry 0 0 drop_q_mngmnt 0 0 drop_retry 0 0 drop_overflow 0 0 drop_no_route 0 0
                                                                                               File Path Run No Packets Generated Packets Received       PDR Avg Delay #Retransmissions #Forwards Avg Route Length %Route Uptime %HQ Route Uptime Route Switches Packet Drop (Expiry) Packet Drop (Queue Management) Packet Drop (Retry) Packet Drop (Overflow) Packet Drop (No Route) Packet Reinserted (TCP)          Flow_ID
C:\Users\Ameliyn\MCA_Routing_BSCAP\Results_Multi_N100\daisy_chain_medium_1000_4-0_0\Flow_Node0-Node5.csv      1             24400             9653  0.395615  1.797761            30342     53304              4.0           1.0              1.0              0                    0                              0                   0                      0                      0                       0 Flow_Node0-Node5
                                                                                                    Mean                  24400.0           9653.0  0.395615  1.797761          30342.0   53304.0              4.0           1.0              1.0            0.0                                                                                                                                                               
                                                                                                  Median                  24400.0           9653.0  0.395615  1.797761          30342.0   53304.0              4.0           1.0              1.0            0.0                                                                                                                                                               
                                                                                            95% CI Lower                      NaN              NaN       NaN       NaN              NaN       NaN              NaN           NaN              NaN            NaN                                                                                                                                                               
                                                                                            95% CI Upper                      NaN              NaN       NaN       NaN              NaN       NaN              NaN           NaN              NaN            NaN                                                                                                                                                               
Instantaneous PDR data saved to C:\Users\Ameliyn\MCA_Routing_BSCAP\Results_Multi_N100\daisy_chain_medium_1000_4-0_0\instantaneous_pdr.csv

=== Flow-level Summary (All Metrics) ===
Empty DataFrame
Columns: [Pkt ID, Route, Generation Time (in s), First Tx At (in s), Delay (in s), Times Packet Forwarded, Retransmissions, Packet Size (in bytes), Tx Power (in watt), Average Transmission Power in the route (in watt), Min. SINR Along Route, SINR at Flow Dest, Min. Data Rate Along Route (in Mbps), Data Rate at Flow Src (in Mbps), Base Packet ID]
Index: []

Flow Flow_Node0-Node5:
  Packets Generated: 24400.00
  Packets Received : 9653.00
  PDR              : 0.396
  Avg Delay (s)    : 1.7978
  Max Delay (s)    : 1.9997
  95th %ile Delay(s): 1.8931
  Retransmissions  : 30342.00
  Forwards         : 53304.00
  Drops (Expiry)   : 0
  Drops (Queue Mgmt): 0
  Drops (Retry)    : 0
  Drops (Overflow) : 0
  Drops (No Route) : 0
  TCP Reinsertions : 0
Avg:  Packets generated: 24400 Packets received: 9653 PDR: 0.39561475409836067 Avg delay: 1.7977607433958356 Retransmissions: 30342 Packet forwards: 53304 Route length: 4.0 Route uptime: 1.0 HQ Route Uptime: 1.0 Route switches: 0.0 

Plot saved to: C:\Users\Ameliyn\MCA_Routing_BSCAP\Results_Multi_N100\daisy_chain_medium_1000_4-0_0\instantaneous_pdr_plot.png
Delay-over-time plot saved to: C:\Users\Ameliyn\MCA_Routing_BSCAP\Results_Multi_N100\daisy_chain_medium_1000_4-0_0\delay_over_time.png
