Rows with invalid delay (0 or inf):
                            Pkt ID  ... Data Rate at Flow Src (in Mbps)
0   2000004098646_Node0_Node4_Zero  ...                              22
1   2000008197800_Node0_Node4_Zero  ...                              22
2   2000012301132_Node0_Node4_Zero  ...                              22
3   2000016403640_Node0_Node4_Zero  ...                              22
4   2000020499808_Node0_Node4_Zero  ...                              22
5   2000024596833_Node0_Node4_Zero  ...                              22
6   2000028696797_Node0_Node4_Zero  ...                              22
87  2000360688508_Node0_Node4_Zero  ...                              22
94  2000389378578_Node0_Node4_Zero  ...                              22
95  2000393473244_Node0_Node4_Zero  ...                              22

[10 rows x 14 columns]
Parent directory is not in 'WARx' format.
DEBUG Flow file=Flow_Node0-Node5.csv, Extracted src=0, dst=5
DEBUG Route dict candidate=[0, 5]
Unique nodes participated for this flow: [0, 1, 2, 3, 4]
node 0 total drops: 0 drop_expiry 0 0 drop_q_mngmnt 0 0 drop_retry 0 0 drop_overflow 0 0 drop_no_route 0 0
node 1 total drops: 0 drop_expiry 0 0 drop_q_mngmnt 0 0 drop_retry 0 0 drop_overflow 0 0 drop_no_route 0 0
node 2 total drops: 0 drop_expiry 0 0 drop_q_mngmnt 0 0 drop_retry 0 0 drop_overflow 0 0 drop_no_route 0 0
node 3 total drops: 0 drop_expiry 0 0 drop_q_mngmnt 0 0 drop_retry 0 0 drop_overflow 0 0 drop_no_route 0 0
node 4 total drops: 0 drop_expiry 0 0 drop_q_mngmnt 0 0 drop_retry 0 0 drop_overflow 0 0 drop_no_route 0 0
                                                                                             File Path Run No Packets Generated Packets Received       PDR Avg Delay #Retransmissions #Forwards Avg Route Length %Route Uptime %HQ Route Uptime Route Switches Packet Drop (Expiry) Packet Drop (Queue Management) Packet Drop (Retry) Packet Drop (Overflow) Packet Drop (No Route) Packet Reinserted (TCP)          Flow_ID
C:\Users\Ameliyn\MCA_Routing_BSCAP\Results_Multi_N100\daisy_chain_small_500_4-0_1\Flow_Node0-Node5.csv      1             24400            24188  0.991311  1.199964            26138     96764              4.0           1.0              1.0              0                    0                              0                   0                      0                      0                       0 Flow_Node0-Node5
                                                                                                  Mean                  24400.0          24188.0  0.991311  1.199964          26138.0   96764.0              4.0           1.0              1.0            0.0                                                                                                                                                               
                                                                                                Median                  24400.0          24188.0  0.991311  1.199964          26138.0   96764.0              4.0           1.0              1.0            0.0                                                                                                                                                               
                                                                                          95% CI Lower                      NaN              NaN       NaN       NaN              NaN       NaN              NaN           NaN              NaN            NaN                                                                                                                                                               
                                                                                          95% CI Upper                      NaN              NaN       NaN       NaN              NaN       NaN              NaN           NaN              NaN            NaN                                                                                                                                                               
Instantaneous PDR data saved to C:\Users\Ameliyn\MCA_Routing_BSCAP\Results_Multi_N100\daisy_chain_small_500_4-0_1\instantaneous_pdr.csv

=== Flow-level Summary (All Metrics) ===
Empty DataFrame
Columns: [Pkt ID, Route, Generation Time (in s), First Tx At (in s), Delay (in s), Times Packet Forwarded, Retransmissions, Packet Size (in bytes), Tx Power (in watt), Average Transmission Power in the route (in watt), Min. SINR Along Route, SINR at Flow Dest, Min. Data Rate Along Route (in Mbps), Data Rate at Flow Src (in Mbps), Base Packet ID]
Index: []

Flow Flow_Node0-Node5:
  Packets Generated: 24400.00
  Packets Received : 24188.00
  PDR              : 0.991
  Avg Delay (s)    : 1.2000
  Max Delay (s)    : 1.8563
  95th %ile Delay(s): 1.7899
  Retransmissions  : 26138.00
  Forwards         : 96764.00
  Drops (Expiry)   : 0
  Drops (Queue Mgmt): 0
  Drops (Retry)    : 0
  Drops (Overflow) : 0
  Drops (No Route) : 0
  TCP Reinsertions : 0
Avg:  Packets generated: 24400 Packets received: 24188 PDR: 0.9913114754098361 Avg delay: 1.1999640839259138 Retransmissions: 26138 Packet forwards: 96764 Route length: 4.0 Route uptime: 1.0 HQ Route Uptime: 1.0 Route switches: 0.0 

Plot saved to: C:\Users\Ameliyn\MCA_Routing_BSCAP\Results_Multi_N100\daisy_chain_small_500_4-0_1\instantaneous_pdr_plot.png
Delay-over-time plot saved to: C:\Users\Ameliyn\MCA_Routing_BSCAP\Results_Multi_N100\daisy_chain_small_500_4-0_1\delay_over_time.png
